New log file opened at Mon Aug 07 12:35:57 IST 2017 by 7064@joun
Sending msg to client play-fork-run-60706098-0ddb-475c-9065-764da253198a: DetachedLogEvent(LogMessage(debug,sbt server socket logs are in: C:\Users\laptop\simple-rest-scala\.sbtserver\connections\master.log))
Sending msg to client play-fork-run-60706098-0ddb-475c-9065-764da253198a: DetachedLogEvent(LogMessage(debug,sbt general server logs are in: C:\Users\laptop\simple-rest-scala\.sbtserver\master.log))
Sending msg to client play-fork-run-60706098-0ddb-475c-9065-764da253198a: DetachedLogEvent(LogMessage(debug,sbt client logs are in: C:\Users\laptop\simple-rest-scala\.sbtserver\connections\play-fork-run-60706098-0ddb-475c-9065-764da253198a.log))
Reading next message from client.
Got request: DaemonRequest(true)
Reading next message from client.
Sending msg to client play-fork-run-60706098-0ddb-475c-9065-764da253198a: (3,ReceivedResponse())
Got request: ListenToEvents()
Reading next message from client.
Got request: KeyLookupRequest(root/playForkConfig)
Reading next message from client.
Sending msg to client play-fork-run-60706098-0ddb-475c-9065-764da253198a: ExecutionWaiting(81,compile,ClientInfo(b95f764d-dd34-46de-9df5-98355d589920,activator,Activator,3,Vector()))
Sending msg to client play-fork-run-60706098-0ddb-475c-9065-764da253198a: ExecutionStarting(81)
Sending msg to client play-fork-run-60706098-0ddb-475c-9065-764da253198a: TaskStarted(81,5629,Some(AttributeKey[sbt.compiler.IC$Result]("compileIncremental") in Scope(Build: file:/C:/Users/laptop/simple-rest-scala/, , Project: ProjectReference(file:/C:/Users/laptop/simple-rest-scala/,root), Config: compile)))
Sending msg to client play-fork-run-60706098-0ddb-475c-9065-764da253198a: BackgroundJobStarted(80,BackgroundJobInfo(12,backgroundRun,AttributeKey[sbt.BackgroundJobHandle]("backgroundRun") in Scope(Build: file:/C:/Users/laptop/simple-rest-scala/, , Project: ProjectReference(file:/C:/Users/laptop/simple-rest-scala/,root), Config: compile)))
Sending msg to client play-fork-run-60706098-0ddb-475c-9065-764da253198a: BackgroundJobStarted(75,BackgroundJobInfo(11,backgroundRun,AttributeKey[sbt.BackgroundJobHandle]("backgroundRun") in Scope(Build: file:/C:/Users/laptop/simple-rest-scala/, , Project: ProjectReference(file:/C:/Users/laptop/simple-rest-scala/,root), Config: compile)))
Sending msg to client play-fork-run-60706098-0ddb-475c-9065-764da253198a: (4,ReceivedResponse())
Sending msg to client play-fork-run-60706098-0ddb-475c-9065-764da253198a: (5,KeyLookupResponse(root/playForkConfig,Vector(AttributeKey[play.forkrun.protocol.ForkConfig]("playForkConfig") in Scope(Build: file:/C:/Users/laptop/simple-rest-scala/, , Project: ProjectReference(file:/C:/Users/laptop/simple-rest-scala/,root)))))
Got request: ListenToValue(AttributeKey[play.forkrun.protocol.ForkConfig]("playForkConfig") in Scope(Build: file:/C:/Users/laptop/simple-rest-scala/, , Project: ProjectReference(file:/C:/Users/laptop/simple-rest-scala/,root)))
Reading next message from client.
Sending msg to client play-fork-run-60706098-0ddb-475c-9065-764da253198a: (6,ReceivedResponse())
Got request: KeyExecutionRequest(AttributeKey[play.forkrun.protocol.ForkConfig]("playForkConfig") in Scope(Build: file:/C:/Users/laptop/simple-rest-scala/, , Project: ProjectReference(file:/C:/Users/laptop/simple-rest-scala/,root)))
Reading next message from client.
Sending msg to client play-fork-run-60706098-0ddb-475c-9065-764da253198a: (7,ExecutionRequestReceived(82))
Sending msg to client play-fork-run-60706098-0ddb-475c-9065-764da253198a: ExecutionWaiting(82,{file:/C:/Users/laptop/simple-rest-scala/}root/*:playForkConfig,ClientInfo(60706098-0ddb-475c-9065-764da253198a,play-fork-run,Play Fork Run,1,Vector()))
Sending msg to client play-fork-run-60706098-0ddb-475c-9065-764da253198a: TaskLogEvent(5629,LogMessage(debug,Scala compilation took 2.052790891 s))
Sending msg to client play-fork-run-60706098-0ddb-475c-9065-764da253198a: TaskLogEvent(5629,LogMessage(debug,New invalidations:
	Set()))
Sending msg to client play-fork-run-60706098-0ddb-475c-9065-764da253198a: TaskLogEvent(5629,LogMessage(debug,Initial set of included nodes: Set()))
Sending msg to client play-fork-run-60706098-0ddb-475c-9065-764da253198a: TaskLogEvent(5629,LogMessage(debug,Previously invalidated, but (transitively) depend on new invalidations:
	Set()))
Sending msg to client play-fork-run-60706098-0ddb-475c-9065-764da253198a: TaskLogEvent(5629,LogMessage(debug,All newly invalidated sources after taking into account (previously) recompiled sources:Set()))
Sending msg to client play-fork-run-60706098-0ddb-475c-9065-764da253198a: BackgroundJobLogEvent(11,LogMessage(info,JVM exiting, shutting down Play fork run ...))
Sending msg to client play-fork-run-60706098-0ddb-475c-9065-764da253198a: BackgroundJobLogEvent(11,LogMessage(info,Play fork run already stopped ...))
Sending msg to client play-fork-run-60706098-0ddb-475c-9065-764da253198a: BackgroundJobLogEvent(11,LogMessage(info,Forked Play process exited with status 0))
Sending msg to client play-fork-run-60706098-0ddb-475c-9065-764da253198a: BackgroundJobFinished(75,11)
Sending msg to client play-fork-run-60706098-0ddb-475c-9065-764da253198a: TaskFinished(81,5629,Some(AttributeKey[sbt.compiler.IC$Result]("compileIncremental") in Scope(Build: file:/C:/Users/laptop/simple-rest-scala/, , Project: ProjectReference(file:/C:/Users/laptop/simple-rest-scala/,root), Config: compile)),true,None)
Sending msg to client play-fork-run-60706098-0ddb-475c-9065-764da253198a: TaskStarted(81,5628,Some(AttributeKey[sbt.compiler.IC$Result]("manipulateBytecode") in Scope(Build: file:/C:/Users/laptop/simple-rest-scala/, , Project: ProjectReference(file:/C:/Users/laptop/simple-rest-scala/,root), Config: compile)))
Sending msg to client play-fork-run-60706098-0ddb-475c-9065-764da253198a: TaskFinished(81,5628,Some(AttributeKey[sbt.compiler.IC$Result]("manipulateBytecode") in Scope(Build: file:/C:/Users/laptop/simple-rest-scala/, , Project: ProjectReference(file:/C:/Users/laptop/simple-rest-scala/,root), Config: compile)),true,None)
Sending msg to client play-fork-run-60706098-0ddb-475c-9065-764da253198a: TaskStarted(81,5627,Some(AttributeKey[sbt.inc.Analysis]("compile") in Scope(Build: file:/C:/Users/laptop/simple-rest-scala/, , Project: ProjectReference(file:/C:/Users/laptop/simple-rest-scala/,root), Config: compile)))
Sending msg to client play-fork-run-60706098-0ddb-475c-9065-764da253198a: TaskFinished(81,5627,Some(AttributeKey[sbt.inc.Analysis]("compile") in Scope(Build: file:/C:/Users/laptop/simple-rest-scala/, , Project: ProjectReference(file:/C:/Users/laptop/simple-rest-scala/,root), Config: compile)),true,None)
Sending msg to client play-fork-run-60706098-0ddb-475c-9065-764da253198a: TaskStarted(81,5539,Some(AttributeKey[sbt.inc.Analysis]("compile") in Scope(Build: file:/C:/Users/laptop/simple-rest-scala/, , Project: ProjectReference(file:/C:/Users/laptop/simple-rest-scala/,root), Config: compile)))
Sending msg to client play-fork-run-60706098-0ddb-475c-9065-764da253198a: TaskFinished(81,5539,Some(AttributeKey[sbt.inc.Analysis]("compile") in Scope(Build: file:/C:/Users/laptop/simple-rest-scala/, , Project: ProjectReference(file:/C:/Users/laptop/simple-rest-scala/,root), Config: compile)),true,None)
Sending msg to client play-fork-run-60706098-0ddb-475c-9065-764da253198a: TaskStarted(81,5538,None)
Sending msg to client play-fork-run-60706098-0ddb-475c-9065-764da253198a: TaskStarted(81,5654,Some(AttributeKey[scala.collection.Seq[java.lang.String]]("discoveredMainClasses") in Scope(Build: file:/C:/Users/laptop/simple-rest-scala/, , Project: ProjectReference(file:/C:/Users/laptop/simple-rest-scala/,root), Config: compile)))
Sending msg to client play-fork-run-60706098-0ddb-475c-9065-764da253198a: TaskFinished(81,5538,None,true,None)
Sending msg to client play-fork-run-60706098-0ddb-475c-9065-764da253198a: TaskStarted(81,5537,None)
Sending msg to client play-fork-run-60706098-0ddb-475c-9065-764da253198a: TaskFinished(81,5537,None,true,None)
Sending msg to client play-fork-run-60706098-0ddb-475c-9065-764da253198a: TaskFinished(81,5654,Some(AttributeKey[scala.collection.Seq[java.lang.String]]("discoveredMainClasses") in Scope(Build: file:/C:/Users/laptop/simple-rest-scala/, , Project: ProjectReference(file:/C:/Users/laptop/simple-rest-scala/,root), Config: compile)),true,None)
Sending msg to client play-fork-run-60706098-0ddb-475c-9065-764da253198a: DetachedLogEvent(LogMessage(debug,cancel strategy finish enabled=false lastCommand=Some(LastCommand(CommandExecutionWork(ExecutionId(81),compile,Set(LiveClient(activator b95f764d-dd34-46de-9df5-98355d589920)),sbt.server.WorkCancellationStatus$$anon$1@195e67f0)))))
Sending msg to client play-fork-run-60706098-0ddb-475c-9065-764da253198a: DetachedLogEvent(LogSuccess(Total time: 3 s, completed Aug 7, 2017 12:35:59 PM))
Sending msg to client play-fork-run-60706098-0ddb-475c-9065-764da253198a: DetachedLogEvent(LogMessage(debug,> server-post-command-cleanup))
Sending msg to client play-fork-run-60706098-0ddb-475c-9065-764da253198a: ExecutionSuccess(81)
Sending msg to client play-fork-run-60706098-0ddb-475c-9065-764da253198a: DetachedLogEvent(LogMessage(debug,> server-handle-next-server-request))
Sending msg to client play-fork-run-60706098-0ddb-475c-9065-764da253198a: ExecutionStarting(82)
Sending msg to client play-fork-run-60706098-0ddb-475c-9065-764da253198a: DetachedLogEvent(LogMessage(debug,> {file:/C:/Users/laptop/simple-rest-scala/}root/*:playForkConfig))
Sending msg to client play-fork-run-60706098-0ddb-475c-9065-764da253198a: DetachedLogEvent(LogMessage(debug,Evaluating tasks: *:playForkConfig))
Sending msg to client play-fork-run-60706098-0ddb-475c-9065-764da253198a: DetachedLogEvent(LogMessage(debug,Running task... Cancel: sbt.server.ServerTaskCancellation@4932641e, check cycles: false))
Sending msg to client play-fork-run-60706098-0ddb-475c-9065-764da253198a: DetachedLogEvent(LogMessage(debug,cancel strategy start enabled=true lastCommand=Some(LastCommand(CommandExecutionWork(ExecutionId(82),{file:/C:/Users/laptop/simple-rest-scala/}root/*:playForkConfig,Set(LiveClient(play-fork-run 60706098-0ddb-475c-9065-764da253198a)),sbt.server.WorkCancellationStatus$$anon$1@1f0d3058)))))
Sending msg to client play-fork-run-60706098-0ddb-475c-9065-764da253198a: TaskStarted(82,5659,None)
Sending msg to client play-fork-run-60706098-0ddb-475c-9065-764da253198a: TaskStarted(82,5660,Some(AttributeKey[scala.collection.Seq[java.lang.String]]("javaOptions") in Scope(Global)))
Sending msg to client play-fork-run-60706098-0ddb-475c-9065-764da253198a: TaskStarted(82,5662,Some(AttributeKey[scala.Tuple2[java.lang.String,java.io.File]]("playPrefixAndAssets") in Scope(Build: file:/C:/Users/laptop/simple-rest-scala/, , Project: ProjectReference(file:/C:/Users/laptop/simple-rest-scala/,root))))
Sending msg to client play-fork-run-60706098-0ddb-475c-9065-764da253198a: TaskStarted(82,5668,None)
Sending msg to client play-fork-run-60706098-0ddb-475c-9065-764da253198a: TaskStarted(82,5673,None)
Sending msg to client play-fork-run-60706098-0ddb-475c-9065-764da253198a: TaskStarted(82,5679,Some(AttributeKey[scala.Option[scala.collection.Seq[sbt.Resolver]]]("bootResolvers") in Scope(Build: file:/C:/Users/laptop/simple-rest-scala/, , Project: ProjectReference(file:/C:/Users/laptop/simple-rest-scala/,root))))
Sending msg to client play-fork-run-60706098-0ddb-475c-9065-764da253198a: TaskStarted(82,5680,Some(AttributeKey[scala.collection.Seq[sbt.Resolver]]("externalResolvers") in Scope(Build: file:/C:/Users/laptop/simple-rest-scala/, , Project: ProjectReference(file:/C:/Users/laptop/simple-rest-scala/,root))))
Sending msg to client play-fork-run-60706098-0ddb-475c-9065-764da253198a: TaskStarted(82,5685,Some(AttributeKey[scala.collection.Seq[sbt.Credentials]]("credentials") in Scope(Global)))
Sending msg to client play-fork-run-60706098-0ddb-475c-9065-764da253198a: TaskStarted(82,5689,Some(AttributeKey[boolean]("skip") in Scope(Global)))
Sending msg to client play-fork-run-60706098-0ddb-475c-9065-764da253198a: TaskStarted(82,5691,None)
Sending msg to client play-fork-run-60706098-0ddb-475c-9065-764da253198a: TaskStarted(82,5692,None)
Sending msg to client play-fork-run-60706098-0ddb-475c-9065-764da253198a: TaskStarted(82,5693,Some(AttributeKey[java.lang.String]("updateCacheName") in Scope(Build: file:/C:/Users/laptop/simple-rest-scala/, , Project: ProjectReference(file:/C:/Users/laptop/simple-rest-scala/,root))))
Sending msg to client play-fork-run-60706098-0ddb-475c-9065-764da253198a: TaskStarted(82,5698,None)
Sending msg to client play-fork-run-60706098-0ddb-475c-9065-764da253198a: TaskStarted(82,5706,None)
Sending msg to client play-fork-run-60706098-0ddb-475c-9065-764da253198a: TaskFinished(82,5668,None,true,None)
Sending msg to client play-fork-run-60706098-0ddb-475c-9065-764da253198a: TaskStarted(82,5667,None)
Sending msg to client play-fork-run-60706098-0ddb-475c-9065-764da253198a: TaskStarted(82,5677,None)
Sending msg to client play-fork-run-60706098-0ddb-475c-9065-764da253198a: TaskStarted(82,5683,None)
Sending msg to client play-fork-run-60706098-0ddb-475c-9065-764da253198a: TaskStarted(82,5684,None)
Sending msg to client play-fork-run-60706098-0ddb-475c-9065-764da253198a: TaskStarted(82,5696,None)
Sending msg to client play-fork-run-60706098-0ddb-475c-9065-764da253198a: TaskStarted(82,5707,None)
Sending msg to client play-fork-run-60706098-0ddb-475c-9065-764da253198a: TaskStarted(82,5710,None)
Sending msg to client play-fork-run-60706098-0ddb-475c-9065-764da253198a: TaskStarted(82,5711,None)
Sending msg to client play-fork-run-60706098-0ddb-475c-9065-764da253198a: TaskFinished(82,5659,None,true,None)
Sending msg to client play-fork-run-60706098-0ddb-475c-9065-764da253198a: TaskStarted(82,5658,Some(AttributeKey[scala.collection.Seq[java.lang.String]]("playMonitoredFiles") in Scope(Build: file:/C:/Users/laptop/simple-rest-scala/, , Project: ProjectReference(file:/C:/Users/laptop/simple-rest-scala/,root))))
Sending msg to client play-fork-run-60706098-0ddb-475c-9065-764da253198a: TaskStarted(82,5672,Some(AttributeKey[sbt.BuildStructure]("buildStructure") in Scope(Global)))
Sending msg to client play-fork-run-60706098-0ddb-475c-9065-764da253198a: TaskStarted(82,5697,Some(AttributeKey[java.io.File]("dependencyCacheDirectory") in Scope(Build: file:/C:/Users/laptop/simple-rest-scala/, , Project: ProjectReference(file:/C:/Users/laptop/simple-rest-scala/,root))))
Sending msg to client play-fork-run-60706098-0ddb-475c-9065-764da253198a: TaskFinished(82,5660,Some(AttributeKey[scala.collection.Seq[java.lang.String]]("javaOptions") in Scope(Global)),true,None)
Sending msg to client play-fork-run-60706098-0ddb-475c-9065-764da253198a: TaskFinished(82,5680,Some(AttributeKey[scala.collection.Seq[sbt.Resolver]]("externalResolvers") in Scope(Build: file:/C:/Users/laptop/simple-rest-scala/, , Project: ProjectReference(file:/C:/Users/laptop/simple-rest-scala/,root))),true,None)
Sending msg to client play-fork-run-60706098-0ddb-475c-9065-764da253198a: TaskFinished(82,5662,Some(AttributeKey[scala.Tuple2[java.lang.String,java.io.File]]("playPrefixAndAssets") in Scope(Build: file:/C:/Users/laptop/simple-rest-scala/, , Project: ProjectReference(file:/C:/Users/laptop/simple-rest-scala/,root))),true,None)
Sending msg to client play-fork-run-60706098-0ddb-475c-9065-764da253198a: TaskStarted(82,5664,None)
Sending msg to client play-fork-run-60706098-0ddb-475c-9065-764da253198a: TaskFinished(82,5685,Some(AttributeKey[scala.collection.Seq[sbt.Credentials]]("credentials") in Scope(Global)),true,None)
Sending msg to client play-fork-run-60706098-0ddb-475c-9065-764da253198a: TaskFinished(82,5689,Some(AttributeKey[boolean]("skip") in Scope(Global)),true,None)
Sending msg to client play-fork-run-60706098-0ddb-475c-9065-764da253198a: TaskFinished(82,5691,None,true,None)
Sending msg to client play-fork-run-60706098-0ddb-475c-9065-764da253198a: TaskFinished(82,5692,None,true,None)
Sending msg to client play-fork-run-60706098-0ddb-475c-9065-764da253198a: TaskStarted(82,5690,Some(AttributeKey[scala.collection.Seq[sbt.UpdateReport]]("transitiveUpdate") in Scope(Build: file:/C:/Users/laptop/simple-rest-scala/, , Project: ProjectReference(file:/C:/Users/laptop/simple-rest-scala/,root))))
Sending msg to client play-fork-run-60706098-0ddb-475c-9065-764da253198a: TaskFinished(82,5693,Some(AttributeKey[java.lang.String]("updateCacheName") in Scope(Build: file:/C:/Users/laptop/simple-rest-scala/, , Project: ProjectReference(file:/C:/Users/laptop/simple-rest-scala/,root))),true,None)
Sending msg to client play-fork-run-60706098-0ddb-475c-9065-764da253198a: TaskFinished(82,5698,None,true,None)
Sending msg to client play-fork-run-60706098-0ddb-475c-9065-764da253198a: TaskFinished(82,5706,None,true,None)
Sending msg to client play-fork-run-60706098-0ddb-475c-9065-764da253198a: TaskFinished(82,5667,None,true,None)
Sending msg to client play-fork-run-60706098-0ddb-475c-9065-764da253198a: TaskFinished(82,5677,None,true,None)
Sending msg to client play-fork-run-60706098-0ddb-475c-9065-764da253198a: TaskFinished(82,5679,Some(AttributeKey[scala.Option[scala.collection.Seq[sbt.Resolver]]]("bootResolvers") in Scope(Build: file:/C:/Users/laptop/simple-rest-scala/, , Project: ProjectReference(file:/C:/Users/laptop/simple-rest-scala/,root))),true,None)
Sending msg to client play-fork-run-60706098-0ddb-475c-9065-764da253198a: TaskFinished(82,5673,None,true,None)
Sending msg to client play-fork-run-60706098-0ddb-475c-9065-764da253198a: TaskFinished(82,5683,None,true,None)
Sending msg to client play-fork-run-60706098-0ddb-475c-9065-764da253198a: TaskFinished(82,5707,None,true,None)
Sending msg to client play-fork-run-60706098-0ddb-475c-9065-764da253198a: TaskFinished(82,5696,None,true,None)
Sending msg to client play-fork-run-60706098-0ddb-475c-9065-764da253198a: TaskStarted(82,5695,Some(AttributeKey[scala.collection.immutable.Map[sbt.ModuleID,sbt.SourcePosition]]("dependencyPositions") in Scope(Build: file:/C:/Users/laptop/simple-rest-scala/, , Project: ProjectReference(file:/C:/Users/laptop/simple-rest-scala/,root))))
Sending msg to client play-fork-run-60706098-0ddb-475c-9065-764da253198a: TaskFinished(82,5710,None,true,None)
Sending msg to client play-fork-run-60706098-0ddb-475c-9065-764da253198a: TaskFinished(82,5711,None,true,None)
Sending msg to client play-fork-run-60706098-0ddb-475c-9065-764da253198a: TaskFinished(82,5684,None,true,None)
Sending msg to client play-fork-run-60706098-0ddb-475c-9065-764da253198a: TaskFinished(82,5672,Some(AttributeKey[sbt.BuildStructure]("buildStructure") in Scope(Global)),true,None)
Sending msg to client play-fork-run-60706098-0ddb-475c-9065-764da253198a: TaskStarted(82,5671,Some(AttributeKey[sbt.Settings[sbt.Scope]]("settingsData") in Scope(Global)))
Sending msg to client play-fork-run-60706098-0ddb-475c-9065-764da253198a: TaskFinished(82,5658,Some(AttributeKey[scala.collection.Seq[java.lang.String]]("playMonitoredFiles") in Scope(Build: file:/C:/Users/laptop/simple-rest-scala/, , Project: ProjectReference(file:/C:/Users/laptop/simple-rest-scala/,root))),true,None)
Sending msg to client play-fork-run-60706098-0ddb-475c-9065-764da253198a: TaskFinished(82,5697,Some(AttributeKey[java.io.File]("dependencyCacheDirectory") in Scope(Build: file:/C:/Users/laptop/simple-rest-scala/, , Project: ProjectReference(file:/C:/Users/laptop/simple-rest-scala/,root))),true,None)
Sending msg to client play-fork-run-60706098-0ddb-475c-9065-764da253198a: TaskFinished(82,5664,None,true,None)
Sending msg to client play-fork-run-60706098-0ddb-475c-9065-764da253198a: TaskStarted(82,5663,None)
Sending msg to client play-fork-run-60706098-0ddb-475c-9065-764da253198a: TaskFinished(82,5690,Some(AttributeKey[scala.collection.Seq[sbt.UpdateReport]]("transitiveUpdate") in Scope(Build: file:/C:/Users/laptop/simple-rest-scala/, , Project: ProjectReference(file:/C:/Users/laptop/simple-rest-scala/,root))),true,None)
Sending msg to client play-fork-run-60706098-0ddb-475c-9065-764da253198a: TaskFinished(82,5671,Some(AttributeKey[sbt.Settings[sbt.Scope]]("settingsData") in Scope(Global)),true,None)
Sending msg to client play-fork-run-60706098-0ddb-475c-9065-764da253198a: TaskStarted(82,5670,None)
Sending msg to client play-fork-run-60706098-0ddb-475c-9065-764da253198a: TaskStarted(82,5682,Some(AttributeKey[scala.collection.immutable.Map[org.apache.ivy.core.module.id.ModuleRevisionId,org.apache.ivy.core.module.descriptor.ModuleDescriptor]]("projectDescriptors") in Scope(Build: file:/C:/Users/laptop/simple-rest-scala/, , Project: ProjectReference(file:/C:/Users/laptop/simple-rest-scala/,root))))
Sending msg to client play-fork-run-60706098-0ddb-475c-9065-764da253198a: TaskStarted(82,5688,Some(AttributeKey[scala.collection.Seq[sbt.ModuleID]]("projectDependencies") in Scope(Build: file:/C:/Users/laptop/simple-rest-scala/, , Project: ProjectReference(file:/C:/Users/laptop/simple-rest-scala/,root))))
Sending msg to client play-fork-run-60706098-0ddb-475c-9065-764da253198a: TaskStarted(82,5709,None)
Sending msg to client play-fork-run-60706098-0ddb-475c-9065-764da253198a: TaskFinished(82,5663,None,true,None)
Sending msg to client play-fork-run-60706098-0ddb-475c-9065-764da253198a: TaskStarted(82,5661,Some(AttributeKey[scala.collection.Seq[scala.Tuple2[java.lang.String,java.io.File]]]("playAllAssets") in Scope(Build: file:/C:/Users/laptop/simple-rest-scala/, , Project: ProjectReference(file:/C:/Users/laptop/simple-rest-scala/,root))))
Sending msg to client play-fork-run-60706098-0ddb-475c-9065-764da253198a: TaskStarted(82,5712,None)
Sending msg to client play-fork-run-60706098-0ddb-475c-9065-764da253198a: TaskStarted(82,5714,None)
Sending msg to client play-fork-run-60706098-0ddb-475c-9065-764da253198a: TaskFinished(82,5688,Some(AttributeKey[scala.collection.Seq[sbt.ModuleID]]("projectDependencies") in Scope(Build: file:/C:/Users/laptop/simple-rest-scala/, , Project: ProjectReference(file:/C:/Users/laptop/simple-rest-scala/,root))),true,None)
Sending msg to client play-fork-run-60706098-0ddb-475c-9065-764da253198a: TaskStarted(82,5687,Some(AttributeKey[scala.collection.Seq[sbt.ModuleID]]("allDependencies") in Scope(Build: file:/C:/Users/laptop/simple-rest-scala/, , Project: ProjectReference(file:/C:/Users/laptop/simple-rest-scala/,root))))
Sending msg to client play-fork-run-60706098-0ddb-475c-9065-764da253198a: TaskStarted(82,5719,None)
Sending msg to client play-fork-run-60706098-0ddb-475c-9065-764da253198a: TaskStarted(82,5721,None)
Sending msg to client play-fork-run-60706098-0ddb-475c-9065-764da253198a: TaskStarted(82,5722,None)
Sending msg to client play-fork-run-60706098-0ddb-475c-9065-764da253198a: TaskStarted(82,5724,None)
Sending msg to client play-fork-run-60706098-0ddb-475c-9065-764da253198a: TaskStarted(82,5725,None)
Sending msg to client play-fork-run-60706098-0ddb-475c-9065-764da253198a: TaskFinished(82,5661,Some(AttributeKey[scala.collection.Seq[scala.Tuple2[java.lang.String,java.io.File]]]("playAllAssets") in Scope(Build: file:/C:/Users/laptop/simple-rest-scala/, , Project: ProjectReference(file:/C:/Users/laptop/simple-rest-scala/,root))),true,None)
Sending msg to client play-fork-run-60706098-0ddb-475c-9065-764da253198a: TaskFinished(82,5712,None,true,None)
Sending msg to client play-fork-run-60706098-0ddb-475c-9065-764da253198a: TaskFinished(82,5670,None,true,None)
Sending msg to client play-fork-run-60706098-0ddb-475c-9065-764da253198a: TaskFinished(82,5714,None,true,None)
Sending msg to client play-fork-run-60706098-0ddb-475c-9065-764da253198a: TaskStarted(82,5713,None)
Sending msg to client play-fork-run-60706098-0ddb-475c-9065-764da253198a: TaskFinished(82,5687,Some(AttributeKey[scala.collection.Seq[sbt.ModuleID]]("allDependencies") in Scope(Build: file:/C:/Users/laptop/simple-rest-scala/, , Project: ProjectReference(file:/C:/Users/laptop/simple-rest-scala/,root))),true,None)
Sending msg to client play-fork-run-60706098-0ddb-475c-9065-764da253198a: TaskStarted(82,5686,Some(AttributeKey[sbt.ModuleSettings]("moduleSettings") in Scope(Build: file:/C:/Users/laptop/simple-rest-scala/, , Project: ProjectReference(file:/C:/Users/laptop/simple-rest-scala/,root))))
Sending msg to client play-fork-run-60706098-0ddb-475c-9065-764da253198a: TaskFinished(82,5719,None,true,None)
Sending msg to client play-fork-run-60706098-0ddb-475c-9065-764da253198a: TaskStarted(82,5718,None)
Sending msg to client play-fork-run-60706098-0ddb-475c-9065-764da253198a: TaskFinished(82,5721,None,true,None)
Sending msg to client play-fork-run-60706098-0ddb-475c-9065-764da253198a: TaskFinished(82,5722,None,true,None)
Sending msg to client play-fork-run-60706098-0ddb-475c-9065-764da253198a: TaskStarted(82,5720,Some(AttributeKey[scala.collection.Seq[sbt.Attributed[java.io.File]]]("unmanagedJars") in Scope(Build: file:/C:/Users/laptop/simple-rest-scala/, , Project: ProjectReference(file:/C:/Users/laptop/simple-rest-scala/,root), Config: compile)))
Sending msg to client play-fork-run-60706098-0ddb-475c-9065-764da253198a: TaskFinished(82,5724,None,true,None)
Sending msg to client play-fork-run-60706098-0ddb-475c-9065-764da253198a: TaskFinished(82,5725,None,true,None)
Sending msg to client play-fork-run-60706098-0ddb-475c-9065-764da253198a: TaskStarted(82,5723,Some(AttributeKey[scala.collection.Seq[sbt.Attributed[java.io.File]]]("unmanagedJars") in Scope(Build: file:/C:/Users/laptop/simple-rest-scala/, , Project: ProjectReference(file:/C:/Users/laptop/simple-rest-scala/,root), Config: runtime)))
Sending msg to client play-fork-run-60706098-0ddb-475c-9065-764da253198a: TaskFinished(82,5713,None,true,None)
Sending msg to client play-fork-run-60706098-0ddb-475c-9065-764da253198a: TaskFinished(82,5682,Some(AttributeKey[scala.collection.immutable.Map[org.apache.ivy.core.module.id.ModuleRevisionId,org.apache.ivy.core.module.descriptor.ModuleDescriptor]]("projectDescriptors") in Scope(Build: file:/C:/Users/laptop/simple-rest-scala/, , Project: ProjectReference(file:/C:/Users/laptop/simple-rest-scala/,root))),true,None)
Sending msg to client play-fork-run-60706098-0ddb-475c-9065-764da253198a: TaskStarted(82,5681,Some(AttributeKey[sbt.Resolver]("projectResolver") in Scope(Build: file:/C:/Users/laptop/simple-rest-scala/, , Project: ProjectReference(file:/C:/Users/laptop/simple-rest-scala/,root))))
Sending msg to client play-fork-run-60706098-0ddb-475c-9065-764da253198a: TaskFinished(82,5686,Some(AttributeKey[sbt.ModuleSettings]("moduleSettings") in Scope(Build: file:/C:/Users/laptop/simple-rest-scala/, , Project: ProjectReference(file:/C:/Users/laptop/simple-rest-scala/,root))),true,None)
Sending msg to client play-fork-run-60706098-0ddb-475c-9065-764da253198a: TaskStarted(82,5726,None)
Sending msg to client play-fork-run-60706098-0ddb-475c-9065-764da253198a: TaskFinished(82,5720,Some(AttributeKey[scala.collection.Seq[sbt.Attributed[java.io.File]]]("unmanagedJars") in Scope(Build: file:/C:/Users/laptop/simple-rest-scala/, , Project: ProjectReference(file:/C:/Users/laptop/simple-rest-scala/,root), Config: compile)),true,None)
Sending msg to client play-fork-run-60706098-0ddb-475c-9065-764da253198a: TaskFinished(82,5723,Some(AttributeKey[scala.collection.Seq[sbt.Attributed[java.io.File]]]("unmanagedJars") in Scope(Build: file:/C:/Users/laptop/simple-rest-scala/, , Project: ProjectReference(file:/C:/Users/laptop/simple-rest-scala/,root), Config: runtime)),true,None)
Sending msg to client play-fork-run-60706098-0ddb-475c-9065-764da253198a: TaskFinished(82,5681,Some(AttributeKey[sbt.Resolver]("projectResolver") in Scope(Build: file:/C:/Users/laptop/simple-rest-scala/, , Project: ProjectReference(file:/C:/Users/laptop/simple-rest-scala/,root))),true,None)
Sending msg to client play-fork-run-60706098-0ddb-475c-9065-764da253198a: TaskStarted(82,5678,Some(AttributeKey[scala.collection.Seq[sbt.Resolver]]("fullResolvers") in Scope(Build: file:/C:/Users/laptop/simple-rest-scala/, , Project: ProjectReference(file:/C:/Users/laptop/simple-rest-scala/,root))))
Sending msg to client play-fork-run-60706098-0ddb-475c-9065-764da253198a: TaskFinished(82,5726,None,true,None)
Sending msg to client play-fork-run-60706098-0ddb-475c-9065-764da253198a: TaskFinished(82,5718,None,true,None)
Sending msg to client play-fork-run-60706098-0ddb-475c-9065-764da253198a: TaskStarted(82,5717,Some(AttributeKey[scala.collection.Seq[sbt.Attributed[java.io.File]]]("unmanagedJars") in Scope(Build: file:/C:/Users/laptop/simple-rest-scala/, , Project: ProjectReference(file:/C:/Users/laptop/simple-rest-scala/,root), Config: compile)))
Sending msg to client play-fork-run-60706098-0ddb-475c-9065-764da253198a: TaskFinished(82,5678,Some(AttributeKey[scala.collection.Seq[sbt.Resolver]]("fullResolvers") in Scope(Build: file:/C:/Users/laptop/simple-rest-scala/, , Project: ProjectReference(file:/C:/Users/laptop/simple-rest-scala/,root))),true,None)
Sending msg to client play-fork-run-60706098-0ddb-475c-9065-764da253198a: TaskStarted(82,5676,Some(AttributeKey[sbt.IvyConfiguration]("ivyConfiguration") in Scope(Build: file:/C:/Users/laptop/simple-rest-scala/, , Project: ProjectReference(file:/C:/Users/laptop/simple-rest-scala/,root))))
Sending msg to client play-fork-run-60706098-0ddb-475c-9065-764da253198a: TaskFinished(82,5717,Some(AttributeKey[scala.collection.Seq[sbt.Attributed[java.io.File]]]("unmanagedJars") in Scope(Build: file:/C:/Users/laptop/simple-rest-scala/, , Project: ProjectReference(file:/C:/Users/laptop/simple-rest-scala/,root), Config: compile)),true,None)
Sending msg to client play-fork-run-60706098-0ddb-475c-9065-764da253198a: TaskStarted(82,5716,None)
Sending msg to client play-fork-run-60706098-0ddb-475c-9065-764da253198a: TaskFinished(82,5676,Some(AttributeKey[sbt.IvyConfiguration]("ivyConfiguration") in Scope(Build: file:/C:/Users/laptop/simple-rest-scala/, , Project: ProjectReference(file:/C:/Users/laptop/simple-rest-scala/,root))),true,None)
Sending msg to client play-fork-run-60706098-0ddb-475c-9065-764da253198a: TaskStarted(82,5675,Some(AttributeKey[sbt.IvySbt]("ivySbt") in Scope(Build: file:/C:/Users/laptop/simple-rest-scala/, , Project: ProjectReference(file:/C:/Users/laptop/simple-rest-scala/,root))))
Sending msg to client play-fork-run-60706098-0ddb-475c-9065-764da253198a: TaskFinished(82,5716,None,true,None)
Sending msg to client play-fork-run-60706098-0ddb-475c-9065-764da253198a: TaskStarted(82,5715,None)
Sending msg to client play-fork-run-60706098-0ddb-475c-9065-764da253198a: TaskFinished(82,5715,None,true,None)
Sending msg to client play-fork-run-60706098-0ddb-475c-9065-764da253198a: TaskFinished(82,5709,None,true,None)
Sending msg to client play-fork-run-60706098-0ddb-475c-9065-764da253198a: TaskStarted(82,5708,Some(AttributeKey[scala.collection.Seq[sbt.Attributed[java.io.File]]]("unmanagedClasspath") in Scope(Build: file:/C:/Users/laptop/simple-rest-scala/, , Project: ProjectReference(file:/C:/Users/laptop/simple-rest-scala/,root), Config: runtime)))
Sending msg to client play-fork-run-60706098-0ddb-475c-9065-764da253198a: TaskFinished(82,5675,Some(AttributeKey[sbt.IvySbt]("ivySbt") in Scope(Build: file:/C:/Users/laptop/simple-rest-scala/, , Project: ProjectReference(file:/C:/Users/laptop/simple-rest-scala/,root))),true,None)
Sending msg to client play-fork-run-60706098-0ddb-475c-9065-764da253198a: TaskStarted(82,5674,Some(AttributeKey[sbt.IvySbt$Module]("ivyModule") in Scope(Build: file:/C:/Users/laptop/simple-rest-scala/, , Project: ProjectReference(file:/C:/Users/laptop/simple-rest-scala/,root))))
Sending msg to client play-fork-run-60706098-0ddb-475c-9065-764da253198a: TaskFinished(82,5674,Some(AttributeKey[sbt.IvySbt$Module]("ivyModule") in Scope(Build: file:/C:/Users/laptop/simple-rest-scala/, , Project: ProjectReference(file:/C:/Users/laptop/simple-rest-scala/,root))),true,None)
Sending msg to client play-fork-run-60706098-0ddb-475c-9065-764da253198a: TaskFinished(82,5708,Some(AttributeKey[scala.collection.Seq[sbt.Attributed[java.io.File]]]("unmanagedClasspath") in Scope(Build: file:/C:/Users/laptop/simple-rest-scala/, , Project: ProjectReference(file:/C:/Users/laptop/simple-rest-scala/,root), Config: runtime)),true,None)
Sending msg to client play-fork-run-60706098-0ddb-475c-9065-764da253198a: TaskFinished(82,5695,Some(AttributeKey[scala.collection.immutable.Map[sbt.ModuleID,sbt.SourcePosition]]("dependencyPositions") in Scope(Build: file:/C:/Users/laptop/simple-rest-scala/, , Project: ProjectReference(file:/C:/Users/laptop/simple-rest-scala/,root))),true,None)
Sending msg to client play-fork-run-60706098-0ddb-475c-9065-764da253198a: TaskStarted(82,5694,Some(AttributeKey[sbt.UnresolvedWarningConfiguration]("unresolvedWarningConfiguration") in Scope(Build: file:/C:/Users/laptop/simple-rest-scala/, , Project: ProjectReference(file:/C:/Users/laptop/simple-rest-scala/,root), Task: AttributeKey[sbt.UpdateReport]("update"))))
Sending msg to client play-fork-run-60706098-0ddb-475c-9065-764da253198a: TaskFinished(82,5694,Some(AttributeKey[sbt.UnresolvedWarningConfiguration]("unresolvedWarningConfiguration") in Scope(Build: file:/C:/Users/laptop/simple-rest-scala/, , Project: ProjectReference(file:/C:/Users/laptop/simple-rest-scala/,root), Task: AttributeKey[sbt.UpdateReport]("update"))),true,None)
Sending msg to client play-fork-run-60706098-0ddb-475c-9065-764da253198a: TaskStarted(82,5669,Some(AttributeKey[sbt.UpdateReport]("update") in Scope(Build: file:/C:/Users/laptop/simple-rest-scala/, , Project: ProjectReference(file:/C:/Users/laptop/simple-rest-scala/,root))))
Sending msg to client play-fork-run-60706098-0ddb-475c-9065-764da253198a: TaskFinished(82,5669,Some(AttributeKey[sbt.UpdateReport]("update") in Scope(Build: file:/C:/Users/laptop/simple-rest-scala/, , Project: ProjectReference(file:/C:/Users/laptop/simple-rest-scala/,root))),true,None)
Sending msg to client play-fork-run-60706098-0ddb-475c-9065-764da253198a: TaskStarted(82,5666,Some(AttributeKey[sbt.UpdateReport]("update") in Scope(Build: file:/C:/Users/laptop/simple-rest-scala/, , Project: ProjectReference(file:/C:/Users/laptop/simple-rest-scala/,root))))
Sending msg to client play-fork-run-60706098-0ddb-475c-9065-764da253198a: TaskFinished(82,5666,Some(AttributeKey[sbt.UpdateReport]("update") in Scope(Build: file:/C:/Users/laptop/simple-rest-scala/, , Project: ProjectReference(file:/C:/Users/laptop/simple-rest-scala/,root))),true,None)
Sending msg to client play-fork-run-60706098-0ddb-475c-9065-764da253198a: TaskStarted(82,5665,Some(AttributeKey[scala.collection.Seq[sbt.Attributed[java.io.File]]]("managedClasspath") in Scope(Build: file:/C:/Users/laptop/simple-rest-scala/, , Project: ProjectReference(file:/C:/Users/laptop/simple-rest-scala/,root), Config: docs)))
Sending msg to client play-fork-run-60706098-0ddb-475c-9065-764da253198a: TaskStarted(82,5705,Some(AttributeKey[sbt.Configuration]("classpathConfiguration") in Scope(Build: file:/C:/Users/laptop/simple-rest-scala/, , Project: ProjectReference(file:/C:/Users/laptop/simple-rest-scala/,root), Config: compile)))
Sending msg to client play-fork-run-60706098-0ddb-475c-9065-764da253198a: TaskFinished(82,5705,Some(AttributeKey[sbt.Configuration]("classpathConfiguration") in Scope(Build: file:/C:/Users/laptop/simple-rest-scala/, , Project: ProjectReference(file:/C:/Users/laptop/simple-rest-scala/,root), Config: compile)),true,None)
Sending msg to client play-fork-run-60706098-0ddb-475c-9065-764da253198a: TaskStarted(82,5704,None)
Sending msg to client play-fork-run-60706098-0ddb-475c-9065-764da253198a: TaskFinished(82,5665,Some(AttributeKey[scala.collection.Seq[sbt.Attributed[java.io.File]]]("managedClasspath") in Scope(Build: file:/C:/Users/laptop/simple-rest-scala/, , Project: ProjectReference(file:/C:/Users/laptop/simple-rest-scala/,root), Config: docs)),true,None)
Sending msg to client play-fork-run-60706098-0ddb-475c-9065-764da253198a: TaskFinished(82,5704,None,true,None)
Sending msg to client play-fork-run-60706098-0ddb-475c-9065-764da253198a: TaskStarted(82,5703,Some(AttributeKey[sbt.Configuration]("classpathConfiguration") in Scope(Build: file:/C:/Users/laptop/simple-rest-scala/, , Project: ProjectReference(file:/C:/Users/laptop/simple-rest-scala/,root), Config: runtime)))
Sending msg to client play-fork-run-60706098-0ddb-475c-9065-764da253198a: TaskFinished(82,5703,Some(AttributeKey[sbt.Configuration]("classpathConfiguration") in Scope(Build: file:/C:/Users/laptop/simple-rest-scala/, , Project: ProjectReference(file:/C:/Users/laptop/simple-rest-scala/,root), Config: runtime)),true,None)
Sending msg to client play-fork-run-60706098-0ddb-475c-9065-764da253198a: TaskStarted(82,5702,None)
Sending msg to client play-fork-run-60706098-0ddb-475c-9065-764da253198a: TaskFinished(82,5702,None,true,None)
Sending msg to client play-fork-run-60706098-0ddb-475c-9065-764da253198a: TaskStarted(82,5701,Some(AttributeKey[scala.collection.Seq[sbt.Attributed[java.io.File]]]("managedClasspath") in Scope(Build: file:/C:/Users/laptop/simple-rest-scala/, , Project: ProjectReference(file:/C:/Users/laptop/simple-rest-scala/,root), Config: runtime)))
Sending msg to client play-fork-run-60706098-0ddb-475c-9065-764da253198a: TaskFinished(82,5701,Some(AttributeKey[scala.collection.Seq[sbt.Attributed[java.io.File]]]("managedClasspath") in Scope(Build: file:/C:/Users/laptop/simple-rest-scala/, , Project: ProjectReference(file:/C:/Users/laptop/simple-rest-scala/,root), Config: runtime)),true,None)
Sending msg to client play-fork-run-60706098-0ddb-475c-9065-764da253198a: TaskStarted(82,5700,None)
Sending msg to client play-fork-run-60706098-0ddb-475c-9065-764da253198a: TaskFinished(82,5700,None,true,None)
Sending msg to client play-fork-run-60706098-0ddb-475c-9065-764da253198a: TaskStarted(82,5699,Some(AttributeKey[scala.collection.Seq[sbt.Attributed[java.io.File]]]("playDependencyClasspath") in Scope(Build: file:/C:/Users/laptop/simple-rest-scala/, , Project: ProjectReference(file:/C:/Users/laptop/simple-rest-scala/,root))))
Sending msg to client play-fork-run-60706098-0ddb-475c-9065-764da253198a: TaskFinished(82,5699,Some(AttributeKey[scala.collection.Seq[sbt.Attributed[java.io.File]]]("playDependencyClasspath") in Scope(Build: file:/C:/Users/laptop/simple-rest-scala/, , Project: ProjectReference(file:/C:/Users/laptop/simple-rest-scala/,root))),true,None)
Sending msg to client play-fork-run-60706098-0ddb-475c-9065-764da253198a: TaskStarted(82,5657,Some(AttributeKey[play.forkrun.protocol.ForkConfig]("playForkConfig") in Scope(Build: file:/C:/Users/laptop/simple-rest-scala/, , Project: ProjectReference(file:/C:/Users/laptop/simple-rest-scala/,root))))
Sending msg to client play-fork-run-60706098-0ddb-475c-9065-764da253198a: TaskFinished(82,5657,Some(AttributeKey[play.forkrun.protocol.ForkConfig]("playForkConfig") in Scope(Build: file:/C:/Users/laptop/simple-rest-scala/, , Project: ProjectReference(file:/C:/Users/laptop/simple-rest-scala/,root))),true,None)
Sending msg to client play-fork-run-60706098-0ddb-475c-9065-764da253198a: ValueChanged(AttributeKey[play.forkrun.protocol.ForkConfig]("playForkConfig") in Scope(Build: file:/C:/Users/laptop/simple-rest-scala/, , Project: ProjectReference(file:/C:/Users/laptop/simple-rest-scala/,root)),TaskSuccess(BuildValue(LazyValue(ForkConfig(C:\Users\laptop\simple-rest-scala,List(),List(C:\Users\laptop\.sbt\boot\scala-2.10.4\lib\scala-library.jar, C:\Users\laptop\.ivy2\cache\com.typesafe.play\twirl-api_2.10\jars\twirl-api_2.10-1.0.2.jar, C:\Users\laptop\.ivy2\cache\org.apache.commons\commons-lang3\jars\commons-lang3-3.1.jar, C:\Users\laptop\.ivy2\cache\com.typesafe.play\play_2.10\jars\play_2.10-2.3.10.jar, C:\Users\laptop\.ivy2\cache\com.typesafe.play\build-link\jars\build-link-2.3.10.jar, C:\Users\laptop\.ivy2\cache\com.typesafe.play\play-exceptions\jars\play-exceptions-2.3.10.jar, C:\Users\laptop\.ivy2\cache\org.javassist\javassist\bundles\javassist-3.18.2-GA.jar, C:\Users\laptop\.ivy2\cache\com.typesafe.play\play-iteratees_2.10\jars\play-iteratees_2.10-2.3.10.jar, D:\activator-dist-1.3.12\repository\org.scala-stm\scala-stm_2.10\0.7\jars\scala-stm_2.10.jar, C:\Users\laptop\.ivy2\cache\com.typesafe\config\bundles\config-1.2.1.jar, C:\Users\laptop\.ivy2\cache\com.typesafe.play\play-json_2.10\jars\play-json_2.10-2.3.10.jar, C:\Users\laptop\.ivy2\cache\com.typesafe.play\play-functional_2.10\jars\play-functional_2.10-2.3.10.jar, C:\Users\laptop\.ivy2\cache\com.typesafe.play\play-datacommons_2.10\jars\play-datacommons_2.10-2.3.10.jar, C:\Users\laptop\.ivy2\cache\joda-time\joda-time\jars\joda-time-2.3.jar, C:\Users\laptop\.ivy2\cache\org.joda\joda-convert\jars\joda-convert-1.6.jar, C:\Users\laptop\.ivy2\cache\com.fasterxml.jackson.core\jackson-annotations\bundles\jackson-annotations-2.3.2.jar, C:\Users\laptop\.ivy2\cache\com.fasterxml.jackson.core\jackson-core\bundles\jackson-core-2.3.2.jar, C:\Users\laptop\.ivy2\cache\com.fasterxml.jackson.core\jackson-databind\bundles\jackson-databind-2.3.2.jar, C:\Users\laptop\.sbt\boot\scala-2.10.4\lib\scala-reflect.jar, C:\Users\laptop\.ivy2\cache\io.netty\netty\bundles\netty-3.9.9.Final.jar, C:\Users\laptop\.ivy2\cache\com.typesafe.netty\netty-http-pipelining\jars\netty-http-pipelining-1.1.2.jar, C:\Users\laptop\.ivy2\cache\org.slf4j\slf4j-api\jars\slf4j-api-1.7.6.jar, C:\Users\laptop\.ivy2\cache\org.slf4j\jul-to-slf4j\jars\jul-to-slf4j-1.7.6.jar, C:\Users\laptop\.ivy2\cache\org.slf4j\jcl-over-slf4j\jars\jcl-over-slf4j-1.7.6.jar, C:\Users\laptop\.ivy2\cache\ch.qos.logback\logback-core\jars\logback-core-1.1.1.jar, C:\Users\laptop\.ivy2\cache\ch.qos.logback\logback-classic\jars\logback-classic-1.1.1.jar, C:\Users\laptop\.ivy2\cache\com.typesafe.akka\akka-actor_2.10\jars\akka-actor_2.10-2.3.4.jar, C:\Users\laptop\.ivy2\cache\com.typesafe.akka\akka-slf4j_2.10\jars\akka-slf4j_2.10-2.3.4.jar, C:\Users\laptop\.ivy2\cache\commons-codec\commons-codec\jars\commons-codec-1.9.jar, C:\Users\laptop\.ivy2\cache\xerces\xercesImpl\jars\xercesImpl-2.11.0.jar, C:\Users\laptop\.ivy2\cache\xml-apis\xml-apis\jars\xml-apis-1.4.01.jar, C:\Users\laptop\.ivy2\cache\javax.transaction\jta\jars\jta-1.1.jar),List((public/,C:\Users\laptop\simple-rest-scala\target\web\public\main)),List(C:\Users\laptop\.ivy2\cache\com.typesafe.play\play-docs_2.10\jars\play-docs_2.10-2.3.10.jar, C:\Users\laptop\.sbt\boot\scala-2.10.4\lib\scala-library.jar, C:\Users\laptop\.ivy2\cache\com.typesafe.play\play_2.10\jars\play_2.10-2.3.10.jar, C:\Users\laptop\.ivy2\cache\com.typesafe.play\build-link\jars\build-link-2.3.10.jar, C:\Users\laptop\.ivy2\cache\com.typesafe.play\play-exceptions\jars\play-exceptions-2.3.10.jar, C:\Users\laptop\.ivy2\cache\org.javassist\javassist\bundles\javassist-3.18.2-GA.jar, C:\Users\laptop\.ivy2\cache\com.typesafe.play\play-iteratees_2.10\jars\play-iteratees_2.10-2.3.10.jar, D:\activator-dist-1.3.12\repository\org.scala-stm\scala-stm_2.10\0.7\jars\scala-stm_2.10.jar, C:\Users\laptop\.ivy2\cache\com.typesafe\config\bundles\config-1.2.1.jar, C:\Users\laptop\.ivy2\cache\com.typesafe.play\play-json_2.10\jars\play-json_2.10-2.3.10.jar, C:\Users\laptop\.ivy2\cache\com.typesafe.play\play-functional_2.10\jars\play-functional_2.10-2.3.10.jar, C:\Users\laptop\.ivy2\cache\com.typesafe.play\play-datacommons_2.10\jars\play-datacommons_2.10-2.3.10.jar, C:\Users\laptop\.ivy2\cache\joda-time\joda-time\jars\joda-time-2.3.jar, C:\Users\laptop\.ivy2\cache\org.joda\joda-convert\jars\joda-convert-1.6.jar, C:\Users\laptop\.ivy2\cache\com.fasterxml.jackson.core\jackson-annotations\bundles\jackson-annotations-2.3.2.jar, C:\Users\laptop\.ivy2\cache\com.fasterxml.jackson.core\jackson-core\bundles\jackson-core-2.3.2.jar, C:\Users\laptop\.ivy2\cache\com.fasterxml.jackson.core\jackson-databind\bundles\jackson-databind-2.3.2.jar, C:\Users\laptop\.sbt\boot\scala-2.10.4\lib\scala-reflect.jar, C:\Users\laptop\.ivy2\cache\com.typesafe.play\twirl-api_2.10\jars\twirl-api_2.10-1.0.2.jar, C:\Users\laptop\.ivy2\cache\org.apache.commons\commons-lang3\jars\commons-lang3-3.1.jar, C:\Users\laptop\.ivy2\cache\io.netty\netty\bundles\netty-3.9.9.Final.jar, C:\Users\laptop\.ivy2\cache\com.typesafe.netty\netty-http-pipelining\jars\netty-http-pipelining-1.1.2.jar, C:\Users\laptop\.ivy2\cache\org.slf4j\slf4j-api\jars\slf4j-api-1.7.6.jar, C:\Users\laptop\.ivy2\cache\org.slf4j\jul-to-slf4j\jars\jul-to-slf4j-1.7.6.jar, C:\Users\laptop\.ivy2\cache\org.slf4j\jcl-over-slf4j\jars\jcl-over-slf4j-1.7.6.jar, C:\Users\laptop\.ivy2\cache\ch.qos.logback\logback-core\jars\logback-core-1.1.1.jar, C:\Users\laptop\.ivy2\cache\ch.qos.logback\logback-classic\jars\logback-classic-1.1.1.jar, C:\Users\laptop\.ivy2\cache\com.typesafe.akka\akka-actor_2.10\jars\akka-actor_2.10-2.3.4.jar, C:\Users\laptop\.ivy2\cache\com.typesafe.akka\akka-slf4j_2.10\jars\akka-slf4j_2.10-2.3.4.jar, C:\Users\laptop\.ivy2\cache\commons-codec\commons-codec\jars\commons-codec-1.9.jar, C:\Users\laptop\.ivy2\cache\xerces\xercesImpl\jars\xercesImpl-2.11.0.jar, C:\Users\laptop\.ivy2\cache\xml-apis\xml-apis\jars\xml-apis-1.4.01.jar, C:\Users\laptop\.ivy2\cache\javax.transaction\jta\jars\jta-1.1.jar, C:\Users\laptop\.ivy2\cache\com.typesafe.play\play-doc_2.10\jars\play-doc_2.10-1.1.0.jar, C:\Users\laptop\.ivy2\cache\org.pegdown\pegdown\jars\pegdown-1.4.0.jar, C:\Users\laptop\.ivy2\cache\org.parboiled\parboiled-java\bundles\parboiled-java-1.1.5.jar, C:\Users\laptop\.ivy2\cache\org.parboiled\parboiled-core\bundles\parboiled-core-1.1.5.jar, C:\Users\laptop\.ivy2\cache\org.ow2.asm\asm\jars\asm-4.1.jar, C:\Users\laptop\.ivy2\cache\org.ow2.asm\asm-tree\jars\asm-tree-4.1.jar, C:\Users\laptop\.ivy2\cache\org.ow2.asm\asm-analysis\jars\asm-analysis-4.1.jar, C:\Users\laptop\.ivy2\cache\org.ow2.asm\asm-util\jars\asm-util-4.1.jar, C:\Users\laptop\.ivy2\cache\commons-io\commons-io\jars\commons-io-2.4.jar),List(),9000,DefaultWatchService,List(C:\Users\laptop\simple-rest-scala\app-2.10, C:\Users\laptop\simple-rest-scala\app, C:\Users\laptop\simple-rest-scala\conf, C:\Users\laptop\simple-rest-scala\app\assets, C:\Users\laptop\simple-rest-scala\public),C:\Users\laptop\simple-rest-scala\target,500,root/playForkNotifyStart,root/playForkReload,300000),scala.pickling.PicklerUnpickler$DelegatingPicklerUnpickler@48f24582),ForkConfig(C:\Users\laptop\simple-rest-scala,List(),List(C:\Users\laptop\.sbt\boot\scala-2.10.4\lib\scala-library.jar, C:\Users\laptop\.ivy2\cache\com.typesafe.play\twirl-api_2.10\jars\twirl-api_2.10-1.0.2.jar, C:\Users\laptop\.ivy2\cache\org.apache.commons\commons-lang3\jars\commons-lang3-3.1.jar, C:\Users\laptop\.ivy2\cache\com.typesafe.play\play_2.10\jars\play_2.10-2.3.10.jar, C:\Users\laptop\.ivy2\cache\com.typesafe.play\build-link\jars\build-link-2.3.10.jar, C:\Users\laptop\.ivy2\cache\com.typesafe.play\play-exceptions\jars\play-exceptions-2.3.10.jar, C:\Users\laptop\.ivy2\cache\org.javassist\javassist\bundles\javassist-3.18.2-GA.jar, C:\Users\laptop\.ivy2\cache\com.typesafe.play\play-iteratees_2.10\jars\play-iteratees_2.10-2.3.10.jar, D:\activator-dist-1.3.12\repository\org.scala-stm\scala-stm_2.10\0.7\jars\scala-stm_2.10.jar, C:\Users\laptop\.ivy2\cache\com.typesafe\config\bundles\config-1.2.1.jar, C:\Users\laptop\.ivy2\cache\com.typesafe.play\play-json_2.10\jars\play-json_2.10-2.3.10.jar, C:\Users\laptop\.ivy2\cache\com.typesafe.play\play-functional_2.10\jars\play-functional_2.10-2.3.10.jar, C:\Users\laptop\.ivy2\cache\com.typesafe.play\play-datacommons_2.10\jars\play-datacommons_2.10-2.3.10.jar, C:\Users\laptop\.ivy2\cache\joda-time\joda-time\jars\joda-time-2.3.jar, C:\Users\laptop\.ivy2\cache\org.joda\joda-convert\jars\joda-convert-1.6.jar, C:\Users\laptop\.ivy2\cache\com.fasterxml.jackson.core\jackson-annotations\bundles\jackson-annotations-2.3.2.jar, C:\Users\laptop\.ivy2\cache\com.fasterxml.jackson.core\jackson-core\bundles\jackson-core-2.3.2.jar, C:\Users\laptop\.ivy2\cache\com.fasterxml.jackson.core\jackson-databind\bundles\jackson-databind-2.3.2.jar, C:\Users\laptop\.sbt\boot\scala-2.10.4\lib\scala-reflect.jar, C:\Users\laptop\.ivy2\cache\io.netty\netty\bundles\netty-3.9.9.Final.jar, C:\Users\laptop\.ivy2\cache\com.typesafe.netty\netty-http-pipelining\jars\netty-http-pipelining-1.1.2.jar, C:\Users\laptop\.ivy2\cache\org.slf4j\slf4j-api\jars\slf4j-api-1.7.6.jar, C:\Users\laptop\.ivy2\cache\org.slf4j\jul-to-slf4j\jars\jul-to-slf4j-1.7.6.jar, C:\Users\laptop\.ivy2\cache\org.slf4j\jcl-over-slf4j\jars\jcl-over-slf4j-1.7.6.jar, C:\Users\laptop\.ivy2\cache\ch.qos.logback\logback-core\jars\logback-core-1.1.1.jar, C:\Users\laptop\.ivy2\cache\ch.qos.logback\logback-classic\jars\logback-classic-1.1.1.jar, C:\Users\laptop\.ivy2\cache\com.typesafe.akka\akka-actor_2.10\jars\akka-actor_2.10-2.3.4.jar, C:\Users\laptop\.ivy2\cache\com.typesafe.akka\akka-slf4j_2.10\jars\akka-slf4j_2.10-2.3.4.jar, C:\Users\laptop\.ivy2\cache\commons-codec\commons-codec\jars\commons-codec-1.9.jar, C:\Users\laptop\.ivy2\cache\xerces\xercesImpl\jars\xercesImpl-2.11.0.jar, C:\Users\laptop\.ivy2\cache\xml-apis\xml-apis\jars\xml-apis-1.4.01.jar, C:\Users\laptop\.ivy2\cache\javax.transaction\jta\jars\jta-1.1.jar),List((public/,C:\Users\laptop\simple-rest-scala\target\web\public\main)),List(C:\Users\laptop\.ivy2\cache\com.typesafe.play\play-docs_2.10\jars\play-docs_2.10-2.3.10.jar, C:\Users\laptop\.sbt\boot\scala-2.10.4\lib\scala-library.jar, C:\Users\laptop\.ivy2\cache\com.typesafe.play\play_2.10\jars\play_2.10-2.3.10.jar, C:\Users\laptop\.ivy2\cache\com.typesafe.play\build-link\jars\build-link-2.3.10.jar, C:\Users\laptop\.ivy2\cache\com.typesafe.play\play-exceptions\jars\play-exceptions-2.3.10.jar, C:\Users\laptop\.ivy2\cache\org.javassist\javassist\bundles\javassist-3.18.2-GA.jar, C:\Users\laptop\.ivy2\cache\com.typesafe.play\play-iteratees_2.10\jars\play-iteratees_2.10-2.3.10.jar, D:\activator-dist-1.3.12\repository\org.scala-stm\scala-stm_2.10\0.7\jars\scala-stm_2.10.jar, C:\Users\laptop\.ivy2\cache\com.typesafe\config\bundles\config-1.2.1.jar, C:\Users\laptop\.ivy2\cache\com.typesafe.play\play-json_2.10\jars\play-json_2.10-2.3.10.jar, C:\Users\laptop\.ivy2\cache\com.typesafe.play\play-functional_2.10\jars\play-functional_2.10-2.3.10.jar, C:\Users\laptop\.ivy2\cache\com.typesafe.play\play-datacommons_2.10\jars\play-datacommons_2.10-2.3.10.jar, C:\Users\laptop\.ivy2\cache\joda-time\joda-time\jars\joda-time-2.3.jar, C:\Users\laptop\.ivy2\cache\org.joda\joda-convert\jars\joda-convert-1.6.jar, C:\Users\laptop\.ivy2\cache\com.fasterxml.jackson.core\jackson-annotations\bundles\jackson-annotations-2.3.2.jar, C:\Users\laptop\.ivy2\cache\com.fasterxml.jackson.core\jackson-core\bundles\jackson-core-2.3.2.jar, C:\Users\laptop\.ivy2\cache\com.fasterxml.jackson.core\jackson-databind\bundles\jackson-databind-2.3.2.jar, C:\Users\laptop\.sbt\boot\scala-2.10.4\lib\scala-reflect.jar, C:\Users\laptop\.ivy2\cache\com.typesafe.play\twirl-api_2.10\jars\twirl-api_2.10-1.0.2.jar, C:\Users\laptop\.ivy2\cache\org.apache.commons\commons-lang3\jars\commons-lang3-3.1.jar, C:\Users\laptop\.ivy2\cache\io.netty\netty\bundles\netty-3.9.9.Final.jar, C:\Users\laptop\.ivy2\cache\com.typesafe.netty\netty-http-pipelining\jars\netty-http-pipelining-1.1.2.jar, C:\Users\laptop\.ivy2\cache\org.slf4j\slf4j-api\jars\slf4j-api-1.7.6.jar, C:\Users\laptop\.ivy2\cache\org.slf4j\jul-to-slf4j\jars\jul-to-slf4j-1.7.6.jar, C:\Users\laptop\.ivy2\cache\org.slf4j\jcl-over-slf4j\jars\jcl-over-slf4j-1.7.6.jar, C:\Users\laptop\.ivy2\cache\ch.qos.logback\logback-core\jars\logback-core-1.1.1.jar, C:\Users\laptop\.ivy2\cache\ch.qos.logback\logback-classic\jars\logback-classic-1.1.1.jar, C:\Users\laptop\.ivy2\cache\com.typesafe.akka\akka-actor_2.10\jars\akka-actor_2.10-2.3.4.jar, C:\Users\laptop\.ivy2\cache\com.typesafe.akka\akka-slf4j_2.10\jars\akka-slf4j_2.10-2.3.4.jar, C:\Users\laptop\.ivy2\cache\commons-codec\commons-codec\jars\commons-codec-1.9.jar, C:\Users\laptop\.ivy2\cache\xerces\xercesImpl\jars\xercesImpl-2.11.0.jar, C:\Users\laptop\.ivy2\cache\xml-apis\xml-apis\jars\xml-apis-1.4.01.jar, C:\Users\laptop\.ivy2\cache\javax.transaction\jta\jars\jta-1.1.jar, C:\Users\laptop\.ivy2\cache\com.typesafe.play\play-doc_2.10\jars\play-doc_2.10-1.1.0.jar, C:\Users\laptop\.ivy2\cache\org.pegdown\pegdown\jars\pegdown-1.4.0.jar, C:\Users\laptop\.ivy2\cache\org.parboiled\parboiled-java\bundles\parboiled-java-1.1.5.jar, C:\Users\laptop\.ivy2\cache\org.parboiled\parboiled-core\bundles\parboiled-core-1.1.5.jar, C:\Users\laptop\.ivy2\cache\org.ow2.asm\asm\jars\asm-4.1.jar, C:\Users\laptop\.ivy2\cache\org.ow2.asm\asm-tree\jars\asm-tree-4.1.jar, C:\Users\laptop\.ivy2\cache\org.ow2.asm\asm-analysis\jars\asm-analysis-4.1.jar, C:\Users\laptop\.ivy2\cache\org.ow2.asm\asm-util\jars\asm-util-4.1.jar, C:\Users\laptop\.ivy2\cache\commons-io\commons-io\jars\commons-io-2.4.jar),List(),9000,DefaultWatchService,List(C:\Users\laptop\simple-rest-scala\app-2.10, C:\Users\laptop\simple-rest-scala\app, C:\Users\laptop\simple-rest-scala\conf, C:\Users\laptop\simple-rest-scala\app\assets, C:\Users\laptop\simple-rest-scala\public),C:\Users\laptop\simple-rest-scala\target,500,root/playForkNotifyStart,root/playForkReload,300000))))
Sending msg to client play-fork-run-60706098-0ddb-475c-9065-764da253198a: TaskStarted(82,5656,None)
Sending msg to client play-fork-run-60706098-0ddb-475c-9065-764da253198a: TaskFinished(82,5656,None,true,None)
Sending msg to client play-fork-run-60706098-0ddb-475c-9065-764da253198a: TaskStarted(82,5655,None)
Sending msg to client play-fork-run-60706098-0ddb-475c-9065-764da253198a: TaskFinished(82,5655,None,true,None)
Sending msg to client play-fork-run-60706098-0ddb-475c-9065-764da253198a: DetachedLogEvent(LogMessage(debug,cancel strategy finish enabled=false lastCommand=Some(LastCommand(CommandExecutionWork(ExecutionId(82),{file:/C:/Users/laptop/simple-rest-scala/}root/*:playForkConfig,Set(LiveClient(play-fork-run 60706098-0ddb-475c-9065-764da253198a)),sbt.server.WorkCancellationStatus$$anon$1@1f0d3058)))))
Sending msg to client play-fork-run-60706098-0ddb-475c-9065-764da253198a: DetachedLogEvent(LogSuccess(Total time: 0 s, completed Aug 7, 2017 12:35:59 PM))
Sending msg to client play-fork-run-60706098-0ddb-475c-9065-764da253198a: DetachedLogEvent(LogMessage(debug,> server-post-command-cleanup))
Sending msg to client play-fork-run-60706098-0ddb-475c-9065-764da253198a: ExecutionSuccess(82)
Sending msg to client play-fork-run-60706098-0ddb-475c-9065-764da253198a: DetachedLogEvent(LogMessage(debug,> server-handle-next-server-request))
Sending msg to client play-fork-run-60706098-0ddb-475c-9065-764da253198a: BackgroundJobLogEvent(12,LogMessage(info,))
Sending msg to client play-fork-run-60706098-0ddb-475c-9065-764da253198a: BackgroundJobLogEvent(12,LogMessage(info,--- (Running the application, auto-reloading is enabled) ---))
Sending msg to client play-fork-run-60706098-0ddb-475c-9065-764da253198a: BackgroundJobLogEvent(12,LogMessage(info,))
Sending msg to client play-fork-run-60706098-0ddb-475c-9065-764da253198a: BackgroundJobLogEvent(12,LogMessage(info,play - Listening for HTTP on /0:0:0:0:0:0:0:0:9000))
Sending msg to client play-fork-run-60706098-0ddb-475c-9065-764da253198a: BackgroundJobLogEvent(12,LogMessage(info,))
Sending msg to client play-fork-run-60706098-0ddb-475c-9065-764da253198a: BackgroundJobLogEvent(12,LogMessage(info,(Server started, use Ctrl+D to stop and go back to the console...)))
Sending msg to client play-fork-run-60706098-0ddb-475c-9065-764da253198a: BackgroundJobLogEvent(12,LogMessage(info,))
Got request: ExecutionRequest(root/playForkNotifyStart http://localhost:9000)
Reading next message from client.
Sending msg to client play-fork-run-60706098-0ddb-475c-9065-764da253198a: (8,ExecutionRequestReceived(83))
Sending msg to client play-fork-run-60706098-0ddb-475c-9065-764da253198a: ExecutionWaiting(83,root/playForkNotifyStart http://localhost:9000,ClientInfo(60706098-0ddb-475c-9065-764da253198a,play-fork-run,Play Fork Run,1,Vector()))
Sending msg to client play-fork-run-60706098-0ddb-475c-9065-764da253198a: ExecutionStarting(83)
Sending msg to client play-fork-run-60706098-0ddb-475c-9065-764da253198a: DetachedLogEvent(LogMessage(debug,> root/playForkNotifyStart http://localhost:9000))
Sending msg to client play-fork-run-60706098-0ddb-475c-9065-764da253198a: DetachedLogEvent(LogMessage(debug,Evaluating tasks: *:playForkNotifyStart))
Sending msg to client play-fork-run-60706098-0ddb-475c-9065-764da253198a: DetachedLogEvent(LogMessage(debug,Running task... Cancel: sbt.server.ServerTaskCancellation@66596b02, check cycles: false))
Sending msg to client play-fork-run-60706098-0ddb-475c-9065-764da253198a: DetachedLogEvent(LogMessage(debug,cancel strategy start enabled=true lastCommand=Some(LastCommand(CommandExecutionWork(ExecutionId(83),root/playForkNotifyStart http://localhost:9000,Set(LiveClient(play-fork-run 60706098-0ddb-475c-9065-764da253198a)),sbt.server.WorkCancellationStatus$$anon$1@5beaec62)))))
Sending msg to client play-fork-run-60706098-0ddb-475c-9065-764da253198a: TaskStarted(83,5731,Some(AttributeKey[sbt.SendEventService]("sendEventService") in Scope(Global)))
Sending msg to client play-fork-run-60706098-0ddb-475c-9065-764da253198a: TaskFinished(83,5731,Some(AttributeKey[sbt.SendEventService]("sendEventService") in Scope(Global)),true,None)
Sending msg to client play-fork-run-60706098-0ddb-475c-9065-764da253198a: TaskStarted(83,5730,Some(AttributeKey[scala.Function1[java.lang.String,void]]("playForkStarted") in Scope(Build: file:/C:/Users/laptop/simple-rest-scala/, , Project: ProjectReference(file:/C:/Users/laptop/simple-rest-scala/,root))))
Sending msg to client play-fork-run-60706098-0ddb-475c-9065-764da253198a: TaskFinished(83,5730,Some(AttributeKey[scala.Function1[java.lang.String,void]]("playForkStarted") in Scope(Build: file:/C:/Users/laptop/simple-rest-scala/, , Project: ProjectReference(file:/C:/Users/laptop/simple-rest-scala/,root))),true,None)
Sending msg to client play-fork-run-60706098-0ddb-475c-9065-764da253198a: TaskStarted(83,5729,Some(AttributeKey[void]("playForkNotifyStart") in Scope(Build: file:/C:/Users/laptop/simple-rest-scala/, , Project: ProjectReference(file:/C:/Users/laptop/simple-rest-scala/,root))))
Sending msg to client play-fork-run-60706098-0ddb-475c-9065-764da253198a: TaskEvent(5729,LazyValue(PlayServerStarted(http://localhost:9000),play.forkrun.protocol.Serializers$PlayForkrunProtocolPlayServerStartedPickler1$2$@ab63215))
Sending msg to client play-fork-run-60706098-0ddb-475c-9065-764da253198a: TaskFinished(83,5729,Some(AttributeKey[void]("playForkNotifyStart") in Scope(Build: file:/C:/Users/laptop/simple-rest-scala/, , Project: ProjectReference(file:/C:/Users/laptop/simple-rest-scala/,root))),true,None)
Sending msg to client play-fork-run-60706098-0ddb-475c-9065-764da253198a: TaskStarted(83,5728,None)
Sending msg to client play-fork-run-60706098-0ddb-475c-9065-764da253198a: TaskFinished(83,5728,None,true,None)
Sending msg to client play-fork-run-60706098-0ddb-475c-9065-764da253198a: TaskStarted(83,5727,None)
Sending msg to client play-fork-run-60706098-0ddb-475c-9065-764da253198a: TaskFinished(83,5727,None,true,None)
Sending msg to client play-fork-run-60706098-0ddb-475c-9065-764da253198a: DetachedLogEvent(LogMessage(debug,cancel strategy finish enabled=false lastCommand=Some(LastCommand(CommandExecutionWork(ExecutionId(83),root/playForkNotifyStart http://localhost:9000,Set(LiveClient(play-fork-run 60706098-0ddb-475c-9065-764da253198a)),sbt.server.WorkCancellationStatus$$anon$1@5beaec62)))))
Sending msg to client play-fork-run-60706098-0ddb-475c-9065-764da253198a: DetachedLogEvent(LogSuccess(Total time: 0 s, completed Aug 7, 2017 12:36:01 PM))
Sending msg to client play-fork-run-60706098-0ddb-475c-9065-764da253198a: DetachedLogEvent(LogMessage(debug,> server-post-command-cleanup))
Sending msg to client play-fork-run-60706098-0ddb-475c-9065-764da253198a: ExecutionSuccess(83)
Sending msg to client play-fork-run-60706098-0ddb-475c-9065-764da253198a: DetachedLogEvent(LogMessage(debug,> server-handle-next-server-request))
Sending msg to client play-fork-run-60706098-0ddb-475c-9065-764da253198a: ExecutionWaiting(84,jobStop 12,ClientInfo(b95f764d-dd34-46de-9df5-98355d589920,activator,Activator,3,Vector()))
Sending msg to client play-fork-run-60706098-0ddb-475c-9065-764da253198a: ExecutionStarting(84)
Sending msg to client play-fork-run-60706098-0ddb-475c-9065-764da253198a: DetachedLogEvent(LogMessage(debug,> jobStop 12))
Sending msg to client play-fork-run-60706098-0ddb-475c-9065-764da253198a: DetachedLogEvent(LogMessage(debug,Evaluating tasks: *:jobStop))
Sending msg to client play-fork-run-60706098-0ddb-475c-9065-764da253198a: DetachedLogEvent(LogMessage(debug,Running task... Cancel: sbt.server.ServerTaskCancellation@497a27cb, check cycles: false))
Sending msg to client play-fork-run-60706098-0ddb-475c-9065-764da253198a: DetachedLogEvent(LogMessage(debug,cancel strategy start enabled=true lastCommand=Some(LastCommand(CommandExecutionWork(ExecutionId(84),jobStop 12,Set(LiveClient(activator b95f764d-dd34-46de-9df5-98355d589920)),sbt.server.WorkCancellationStatus$$anon$1@32b11e0f)))))
Sending msg to client play-fork-run-60706098-0ddb-475c-9065-764da253198a: TaskStarted(84,5734,Some(AttributeKey[void]("jobStop") in Scope(Global)))
Sending msg to client play-fork-run-60706098-0ddb-475c-9065-764da253198a: BackgroundJobLogEvent(12,LogMessage(info,Stopping Play fork run ...))
Sending msg to client play-fork-run-60706098-0ddb-475c-9065-764da253198a: TaskFinished(84,5734,Some(AttributeKey[void]("jobStop") in Scope(Global)),true,None)
Sending msg to client play-fork-run-60706098-0ddb-475c-9065-764da253198a: TaskStarted(84,5733,None)
Sending msg to client play-fork-run-60706098-0ddb-475c-9065-764da253198a: TaskFinished(84,5733,None,true,None)
Sending msg to client play-fork-run-60706098-0ddb-475c-9065-764da253198a: TaskStarted(84,5732,None)
Sending msg to client play-fork-run-60706098-0ddb-475c-9065-764da253198a: TaskFinished(84,5732,None,true,None)
Sending msg to client play-fork-run-60706098-0ddb-475c-9065-764da253198a: DetachedLogEvent(LogMessage(debug,cancel strategy finish enabled=false lastCommand=Some(LastCommand(CommandExecutionWork(ExecutionId(84),jobStop 12,Set(LiveClient(activator b95f764d-dd34-46de-9df5-98355d589920)),sbt.server.WorkCancellationStatus$$anon$1@32b11e0f)))))
Sending msg to client play-fork-run-60706098-0ddb-475c-9065-764da253198a: DetachedLogEvent(LogSuccess(Total time: 0 s, completed Aug 7, 2017 12:36:01 PM))
Sending msg to client play-fork-run-60706098-0ddb-475c-9065-764da253198a: DetachedLogEvent(LogMessage(debug,> server-post-command-cleanup))
Sending msg to client play-fork-run-60706098-0ddb-475c-9065-764da253198a: ExecutionSuccess(84)
Sending msg to client play-fork-run-60706098-0ddb-475c-9065-764da253198a: DetachedLogEvent(LogMessage(debug,> server-handle-next-server-request))
Got request: UnlistenToEvents()
Reading next message from client.
Sending msg to client play-fork-run-60706098-0ddb-475c-9065-764da253198a: (9,ReceivedResponse())
Got request: UnlistenToValue(AttributeKey[play.forkrun.protocol.ForkConfig]("playForkConfig") in Scope(Build: file:/C:/Users/laptop/simple-rest-scala/, , Project: ProjectReference(file:/C:/Users/laptop/simple-rest-scala/,root)))
Reading next message from client.
Client play-fork-run-60706098-0ddb-475c-9065-764da253198a EOF, shutting down.
Stopping client.
Client play-fork-run-60706098-0ddb-475c-9065-764da253198a thread exiting.
Dropping message (10,ReceivedResponse()) to dead client play-fork-run-60706098-0ddb-475c-9065-764da253198a
Dropping message (0,ReceivedResponse()) to dead client play-fork-run-60706098-0ddb-475c-9065-764da253198a
