New log file opened at Mon Aug 07 11:25:02 IST 2017 by 7064@joun
Sending msg to client play-fork-run-2423eb3c-8232-4890-a877-d1088fba77b3: DetachedLogEvent(LogMessage(debug,sbt server socket logs are in: C:\Users\laptop\simple-rest-scala\.sbtserver\connections\master.log))
Sending msg to client play-fork-run-2423eb3c-8232-4890-a877-d1088fba77b3: DetachedLogEvent(LogMessage(debug,sbt general server logs are in: C:\Users\laptop\simple-rest-scala\.sbtserver\master.log))
Sending msg to client play-fork-run-2423eb3c-8232-4890-a877-d1088fba77b3: DetachedLogEvent(LogMessage(debug,sbt client logs are in: C:\Users\laptop\simple-rest-scala\.sbtserver\connections\play-fork-run-2423eb3c-8232-4890-a877-d1088fba77b3.log))
Reading next message from client.
Got request: DaemonRequest(true)
Reading next message from client.
Sending msg to client play-fork-run-2423eb3c-8232-4890-a877-d1088fba77b3: (3,ReceivedResponse())
Got request: ListenToEvents()
Reading next message from client.
Sending msg to client play-fork-run-2423eb3c-8232-4890-a877-d1088fba77b3: BackgroundJobStarted(5,BackgroundJobInfo(1,backgroundRun,AttributeKey[sbt.BackgroundJobHandle]("backgroundRun") in Scope(Build: file:/C:/Users/laptop/simple-rest-scala/, , Project: ProjectReference(file:/C:/Users/laptop/simple-rest-scala/,root), Config: compile)))
Sending msg to client play-fork-run-2423eb3c-8232-4890-a877-d1088fba77b3: (4,ReceivedResponse())
Got request: KeyLookupRequest(root/playForkConfig)
Reading next message from client.
Sending msg to client play-fork-run-2423eb3c-8232-4890-a877-d1088fba77b3: (5,KeyLookupResponse(root/playForkConfig,Vector(AttributeKey[play.forkrun.protocol.ForkConfig]("playForkConfig") in Scope(Build: file:/C:/Users/laptop/simple-rest-scala/, , Project: ProjectReference(file:/C:/Users/laptop/simple-rest-scala/,root)))))
Got request: ListenToValue(AttributeKey[play.forkrun.protocol.ForkConfig]("playForkConfig") in Scope(Build: file:/C:/Users/laptop/simple-rest-scala/, , Project: ProjectReference(file:/C:/Users/laptop/simple-rest-scala/,root)))
Reading next message from client.
Sending msg to client play-fork-run-2423eb3c-8232-4890-a877-d1088fba77b3: (6,ReceivedResponse())
Got request: KeyExecutionRequest(AttributeKey[play.forkrun.protocol.ForkConfig]("playForkConfig") in Scope(Build: file:/C:/Users/laptop/simple-rest-scala/, , Project: ProjectReference(file:/C:/Users/laptop/simple-rest-scala/,root)))
Reading next message from client.
Sending msg to client play-fork-run-2423eb3c-8232-4890-a877-d1088fba77b3: (7,ExecutionRequestReceived(6))
Sending msg to client play-fork-run-2423eb3c-8232-4890-a877-d1088fba77b3: ExecutionWaiting(6,{file:/C:/Users/laptop/simple-rest-scala/}root/*:playForkConfig,ClientInfo(2423eb3c-8232-4890-a877-d1088fba77b3,play-fork-run,Play Fork Run,1,Vector()))
Sending msg to client play-fork-run-2423eb3c-8232-4890-a877-d1088fba77b3: ExecutionStarting(6)
Sending msg to client play-fork-run-2423eb3c-8232-4890-a877-d1088fba77b3: DetachedLogEvent(LogMessage(debug,> {file:/C:/Users/laptop/simple-rest-scala/}root/*:playForkConfig))
Sending msg to client play-fork-run-2423eb3c-8232-4890-a877-d1088fba77b3: DetachedLogEvent(LogMessage(debug,Evaluating tasks: *:playForkConfig))
Sending msg to client play-fork-run-2423eb3c-8232-4890-a877-d1088fba77b3: DetachedLogEvent(LogMessage(debug,Running task... Cancel: sbt.server.ServerTaskCancellation@373e5805, check cycles: false))
Sending msg to client play-fork-run-2423eb3c-8232-4890-a877-d1088fba77b3: DetachedLogEvent(LogMessage(debug,cancel strategy start enabled=true lastCommand=Some(LastCommand(CommandExecutionWork(ExecutionId(6),{file:/C:/Users/laptop/simple-rest-scala/}root/*:playForkConfig,Set(LiveClient(play-fork-run 2423eb3c-8232-4890-a877-d1088fba77b3)),sbt.server.WorkCancellationStatus$$anon$1@3d115863)))))
Sending msg to client play-fork-run-2423eb3c-8232-4890-a877-d1088fba77b3: TaskStarted(6,290,None)
Sending msg to client play-fork-run-2423eb3c-8232-4890-a877-d1088fba77b3: TaskStarted(6,291,Some(AttributeKey[scala.collection.Seq[java.lang.String]]("javaOptions") in Scope(Global)))
Sending msg to client play-fork-run-2423eb3c-8232-4890-a877-d1088fba77b3: TaskStarted(6,293,Some(AttributeKey[scala.Tuple2[java.lang.String,java.io.File]]("playPrefixAndAssets") in Scope(Build: file:/C:/Users/laptop/simple-rest-scala/, , Project: ProjectReference(file:/C:/Users/laptop/simple-rest-scala/,root))))
Sending msg to client play-fork-run-2423eb3c-8232-4890-a877-d1088fba77b3: TaskStarted(6,299,None)
Sending msg to client play-fork-run-2423eb3c-8232-4890-a877-d1088fba77b3: TaskStarted(6,304,None)
Sending msg to client play-fork-run-2423eb3c-8232-4890-a877-d1088fba77b3: TaskStarted(6,310,Some(AttributeKey[scala.Option[scala.collection.Seq[sbt.Resolver]]]("bootResolvers") in Scope(Build: file:/C:/Users/laptop/simple-rest-scala/, , Project: ProjectReference(file:/C:/Users/laptop/simple-rest-scala/,root))))
Sending msg to client play-fork-run-2423eb3c-8232-4890-a877-d1088fba77b3: TaskStarted(6,311,Some(AttributeKey[scala.collection.Seq[sbt.Resolver]]("externalResolvers") in Scope(Build: file:/C:/Users/laptop/simple-rest-scala/, , Project: ProjectReference(file:/C:/Users/laptop/simple-rest-scala/,root))))
Sending msg to client play-fork-run-2423eb3c-8232-4890-a877-d1088fba77b3: TaskStarted(6,316,Some(AttributeKey[scala.collection.Seq[sbt.Credentials]]("credentials") in Scope(Global)))
Sending msg to client play-fork-run-2423eb3c-8232-4890-a877-d1088fba77b3: TaskStarted(6,320,Some(AttributeKey[boolean]("skip") in Scope(Global)))
Sending msg to client play-fork-run-2423eb3c-8232-4890-a877-d1088fba77b3: TaskStarted(6,322,None)
Sending msg to client play-fork-run-2423eb3c-8232-4890-a877-d1088fba77b3: TaskStarted(6,323,None)
Sending msg to client play-fork-run-2423eb3c-8232-4890-a877-d1088fba77b3: TaskStarted(6,324,Some(AttributeKey[java.lang.String]("updateCacheName") in Scope(Build: file:/C:/Users/laptop/simple-rest-scala/, , Project: ProjectReference(file:/C:/Users/laptop/simple-rest-scala/,root))))
Sending msg to client play-fork-run-2423eb3c-8232-4890-a877-d1088fba77b3: TaskStarted(6,329,None)
Sending msg to client play-fork-run-2423eb3c-8232-4890-a877-d1088fba77b3: TaskStarted(6,337,None)
Sending msg to client play-fork-run-2423eb3c-8232-4890-a877-d1088fba77b3: TaskFinished(6,290,None,true,None)
Sending msg to client play-fork-run-2423eb3c-8232-4890-a877-d1088fba77b3: TaskStarted(6,289,Some(AttributeKey[scala.collection.Seq[java.lang.String]]("playMonitoredFiles") in Scope(Build: file:/C:/Users/laptop/simple-rest-scala/, , Project: ProjectReference(file:/C:/Users/laptop/simple-rest-scala/,root))))
Sending msg to client play-fork-run-2423eb3c-8232-4890-a877-d1088fba77b3: TaskStarted(6,303,Some(AttributeKey[sbt.BuildStructure]("buildStructure") in Scope(Global)))
Sending msg to client play-fork-run-2423eb3c-8232-4890-a877-d1088fba77b3: TaskStarted(6,328,Some(AttributeKey[java.io.File]("dependencyCacheDirectory") in Scope(Build: file:/C:/Users/laptop/simple-rest-scala/, , Project: ProjectReference(file:/C:/Users/laptop/simple-rest-scala/,root))))
Sending msg to client play-fork-run-2423eb3c-8232-4890-a877-d1088fba77b3: TaskFinished(6,299,None,true,None)
Sending msg to client play-fork-run-2423eb3c-8232-4890-a877-d1088fba77b3: TaskStarted(6,298,None)
Sending msg to client play-fork-run-2423eb3c-8232-4890-a877-d1088fba77b3: TaskStarted(6,308,None)
Sending msg to client play-fork-run-2423eb3c-8232-4890-a877-d1088fba77b3: TaskStarted(6,314,None)
Sending msg to client play-fork-run-2423eb3c-8232-4890-a877-d1088fba77b3: TaskStarted(6,315,None)
Sending msg to client play-fork-run-2423eb3c-8232-4890-a877-d1088fba77b3: TaskStarted(6,327,None)
Sending msg to client play-fork-run-2423eb3c-8232-4890-a877-d1088fba77b3: TaskStarted(6,338,None)
Sending msg to client play-fork-run-2423eb3c-8232-4890-a877-d1088fba77b3: TaskStarted(6,341,None)
Sending msg to client play-fork-run-2423eb3c-8232-4890-a877-d1088fba77b3: TaskStarted(6,342,None)
Sending msg to client play-fork-run-2423eb3c-8232-4890-a877-d1088fba77b3: TaskFinished(6,293,Some(AttributeKey[scala.Tuple2[java.lang.String,java.io.File]]("playPrefixAndAssets") in Scope(Build: file:/C:/Users/laptop/simple-rest-scala/, , Project: ProjectReference(file:/C:/Users/laptop/simple-rest-scala/,root))),true,None)
Sending msg to client play-fork-run-2423eb3c-8232-4890-a877-d1088fba77b3: TaskStarted(6,295,None)
Sending msg to client play-fork-run-2423eb3c-8232-4890-a877-d1088fba77b3: TaskFinished(6,310,Some(AttributeKey[scala.Option[scala.collection.Seq[sbt.Resolver]]]("bootResolvers") in Scope(Build: file:/C:/Users/laptop/simple-rest-scala/, , Project: ProjectReference(file:/C:/Users/laptop/simple-rest-scala/,root))),true,None)
Sending msg to client play-fork-run-2423eb3c-8232-4890-a877-d1088fba77b3: TaskFinished(6,291,Some(AttributeKey[scala.collection.Seq[java.lang.String]]("javaOptions") in Scope(Global)),true,None)
Sending msg to client play-fork-run-2423eb3c-8232-4890-a877-d1088fba77b3: TaskFinished(6,311,Some(AttributeKey[scala.collection.Seq[sbt.Resolver]]("externalResolvers") in Scope(Build: file:/C:/Users/laptop/simple-rest-scala/, , Project: ProjectReference(file:/C:/Users/laptop/simple-rest-scala/,root))),true,None)
Sending msg to client play-fork-run-2423eb3c-8232-4890-a877-d1088fba77b3: TaskFinished(6,316,Some(AttributeKey[scala.collection.Seq[sbt.Credentials]]("credentials") in Scope(Global)),true,None)
Sending msg to client play-fork-run-2423eb3c-8232-4890-a877-d1088fba77b3: TaskFinished(6,320,Some(AttributeKey[boolean]("skip") in Scope(Global)),true,None)
Sending msg to client play-fork-run-2423eb3c-8232-4890-a877-d1088fba77b3: TaskFinished(6,322,None,true,None)
Sending msg to client play-fork-run-2423eb3c-8232-4890-a877-d1088fba77b3: TaskFinished(6,323,None,true,None)
Sending msg to client play-fork-run-2423eb3c-8232-4890-a877-d1088fba77b3: TaskStarted(6,321,Some(AttributeKey[scala.collection.Seq[sbt.UpdateReport]]("transitiveUpdate") in Scope(Build: file:/C:/Users/laptop/simple-rest-scala/, , Project: ProjectReference(file:/C:/Users/laptop/simple-rest-scala/,root))))
Sending msg to client play-fork-run-2423eb3c-8232-4890-a877-d1088fba77b3: TaskFinished(6,324,Some(AttributeKey[java.lang.String]("updateCacheName") in Scope(Build: file:/C:/Users/laptop/simple-rest-scala/, , Project: ProjectReference(file:/C:/Users/laptop/simple-rest-scala/,root))),true,None)
Sending msg to client play-fork-run-2423eb3c-8232-4890-a877-d1088fba77b3: TaskFinished(6,329,None,true,None)
Sending msg to client play-fork-run-2423eb3c-8232-4890-a877-d1088fba77b3: TaskFinished(6,337,None,true,None)
Sending msg to client play-fork-run-2423eb3c-8232-4890-a877-d1088fba77b3: TaskFinished(6,303,Some(AttributeKey[sbt.BuildStructure]("buildStructure") in Scope(Global)),true,None)
Sending msg to client play-fork-run-2423eb3c-8232-4890-a877-d1088fba77b3: TaskStarted(6,302,Some(AttributeKey[sbt.Settings[sbt.Scope]]("settingsData") in Scope(Global)))
Sending msg to client play-fork-run-2423eb3c-8232-4890-a877-d1088fba77b3: TaskFinished(6,328,Some(AttributeKey[java.io.File]("dependencyCacheDirectory") in Scope(Build: file:/C:/Users/laptop/simple-rest-scala/, , Project: ProjectReference(file:/C:/Users/laptop/simple-rest-scala/,root))),true,None)
Sending msg to client play-fork-run-2423eb3c-8232-4890-a877-d1088fba77b3: TaskFinished(6,289,Some(AttributeKey[scala.collection.Seq[java.lang.String]]("playMonitoredFiles") in Scope(Build: file:/C:/Users/laptop/simple-rest-scala/, , Project: ProjectReference(file:/C:/Users/laptop/simple-rest-scala/,root))),true,None)
Sending msg to client play-fork-run-2423eb3c-8232-4890-a877-d1088fba77b3: TaskFinished(6,298,None,true,None)
Sending msg to client play-fork-run-2423eb3c-8232-4890-a877-d1088fba77b3: TaskFinished(6,308,None,true,None)
Sending msg to client play-fork-run-2423eb3c-8232-4890-a877-d1088fba77b3: TaskFinished(6,304,None,true,None)
Sending msg to client play-fork-run-2423eb3c-8232-4890-a877-d1088fba77b3: TaskFinished(6,314,None,true,None)
Sending msg to client play-fork-run-2423eb3c-8232-4890-a877-d1088fba77b3: TaskFinished(6,315,None,true,None)
Sending msg to client play-fork-run-2423eb3c-8232-4890-a877-d1088fba77b3: TaskFinished(6,327,None,true,None)
Sending msg to client play-fork-run-2423eb3c-8232-4890-a877-d1088fba77b3: TaskStarted(6,326,Some(AttributeKey[scala.collection.immutable.Map[sbt.ModuleID,sbt.SourcePosition]]("dependencyPositions") in Scope(Build: file:/C:/Users/laptop/simple-rest-scala/, , Project: ProjectReference(file:/C:/Users/laptop/simple-rest-scala/,root))))
Sending msg to client play-fork-run-2423eb3c-8232-4890-a877-d1088fba77b3: TaskFinished(6,338,None,true,None)
Sending msg to client play-fork-run-2423eb3c-8232-4890-a877-d1088fba77b3: TaskFinished(6,341,None,true,None)
Sending msg to client play-fork-run-2423eb3c-8232-4890-a877-d1088fba77b3: TaskFinished(6,342,None,true,None)
Sending msg to client play-fork-run-2423eb3c-8232-4890-a877-d1088fba77b3: TaskFinished(6,295,None,true,None)
Sending msg to client play-fork-run-2423eb3c-8232-4890-a877-d1088fba77b3: TaskStarted(6,294,None)
Sending msg to client play-fork-run-2423eb3c-8232-4890-a877-d1088fba77b3: TaskFinished(6,321,Some(AttributeKey[scala.collection.Seq[sbt.UpdateReport]]("transitiveUpdate") in Scope(Build: file:/C:/Users/laptop/simple-rest-scala/, , Project: ProjectReference(file:/C:/Users/laptop/simple-rest-scala/,root))),true,None)
Sending msg to client play-fork-run-2423eb3c-8232-4890-a877-d1088fba77b3: TaskFinished(6,302,Some(AttributeKey[sbt.Settings[sbt.Scope]]("settingsData") in Scope(Global)),true,None)
Sending msg to client play-fork-run-2423eb3c-8232-4890-a877-d1088fba77b3: TaskStarted(6,301,None)
Sending msg to client play-fork-run-2423eb3c-8232-4890-a877-d1088fba77b3: TaskStarted(6,313,Some(AttributeKey[scala.collection.immutable.Map[org.apache.ivy.core.module.id.ModuleRevisionId,org.apache.ivy.core.module.descriptor.ModuleDescriptor]]("projectDescriptors") in Scope(Build: file:/C:/Users/laptop/simple-rest-scala/, , Project: ProjectReference(file:/C:/Users/laptop/simple-rest-scala/,root))))
Sending msg to client play-fork-run-2423eb3c-8232-4890-a877-d1088fba77b3: TaskStarted(6,319,Some(AttributeKey[scala.collection.Seq[sbt.ModuleID]]("projectDependencies") in Scope(Build: file:/C:/Users/laptop/simple-rest-scala/, , Project: ProjectReference(file:/C:/Users/laptop/simple-rest-scala/,root))))
Sending msg to client play-fork-run-2423eb3c-8232-4890-a877-d1088fba77b3: TaskStarted(6,340,None)
Sending msg to client play-fork-run-2423eb3c-8232-4890-a877-d1088fba77b3: TaskFinished(6,294,None,true,None)
Sending msg to client play-fork-run-2423eb3c-8232-4890-a877-d1088fba77b3: TaskStarted(6,292,Some(AttributeKey[scala.collection.Seq[scala.Tuple2[java.lang.String,java.io.File]]]("playAllAssets") in Scope(Build: file:/C:/Users/laptop/simple-rest-scala/, , Project: ProjectReference(file:/C:/Users/laptop/simple-rest-scala/,root))))
Sending msg to client play-fork-run-2423eb3c-8232-4890-a877-d1088fba77b3: TaskStarted(6,343,None)
Sending msg to client play-fork-run-2423eb3c-8232-4890-a877-d1088fba77b3: TaskStarted(6,345,None)
Sending msg to client play-fork-run-2423eb3c-8232-4890-a877-d1088fba77b3: TaskFinished(6,319,Some(AttributeKey[scala.collection.Seq[sbt.ModuleID]]("projectDependencies") in Scope(Build: file:/C:/Users/laptop/simple-rest-scala/, , Project: ProjectReference(file:/C:/Users/laptop/simple-rest-scala/,root))),true,None)
Sending msg to client play-fork-run-2423eb3c-8232-4890-a877-d1088fba77b3: TaskStarted(6,318,Some(AttributeKey[scala.collection.Seq[sbt.ModuleID]]("allDependencies") in Scope(Build: file:/C:/Users/laptop/simple-rest-scala/, , Project: ProjectReference(file:/C:/Users/laptop/simple-rest-scala/,root))))
Sending msg to client play-fork-run-2423eb3c-8232-4890-a877-d1088fba77b3: TaskStarted(6,350,None)
Sending msg to client play-fork-run-2423eb3c-8232-4890-a877-d1088fba77b3: TaskStarted(6,352,None)
Sending msg to client play-fork-run-2423eb3c-8232-4890-a877-d1088fba77b3: TaskStarted(6,353,None)
Sending msg to client play-fork-run-2423eb3c-8232-4890-a877-d1088fba77b3: TaskStarted(6,355,None)
Sending msg to client play-fork-run-2423eb3c-8232-4890-a877-d1088fba77b3: TaskStarted(6,356,None)
Sending msg to client play-fork-run-2423eb3c-8232-4890-a877-d1088fba77b3: TaskFinished(6,292,Some(AttributeKey[scala.collection.Seq[scala.Tuple2[java.lang.String,java.io.File]]]("playAllAssets") in Scope(Build: file:/C:/Users/laptop/simple-rest-scala/, , Project: ProjectReference(file:/C:/Users/laptop/simple-rest-scala/,root))),true,None)
Sending msg to client play-fork-run-2423eb3c-8232-4890-a877-d1088fba77b3: TaskFinished(6,343,None,true,None)
Sending msg to client play-fork-run-2423eb3c-8232-4890-a877-d1088fba77b3: TaskFinished(6,301,None,true,None)
Sending msg to client play-fork-run-2423eb3c-8232-4890-a877-d1088fba77b3: TaskFinished(6,345,None,true,None)
Sending msg to client play-fork-run-2423eb3c-8232-4890-a877-d1088fba77b3: TaskStarted(6,344,None)
Sending msg to client play-fork-run-2423eb3c-8232-4890-a877-d1088fba77b3: TaskFinished(6,318,Some(AttributeKey[scala.collection.Seq[sbt.ModuleID]]("allDependencies") in Scope(Build: file:/C:/Users/laptop/simple-rest-scala/, , Project: ProjectReference(file:/C:/Users/laptop/simple-rest-scala/,root))),true,None)
Sending msg to client play-fork-run-2423eb3c-8232-4890-a877-d1088fba77b3: TaskStarted(6,317,Some(AttributeKey[sbt.ModuleSettings]("moduleSettings") in Scope(Build: file:/C:/Users/laptop/simple-rest-scala/, , Project: ProjectReference(file:/C:/Users/laptop/simple-rest-scala/,root))))
Sending msg to client play-fork-run-2423eb3c-8232-4890-a877-d1088fba77b3: TaskFinished(6,350,None,true,None)
Sending msg to client play-fork-run-2423eb3c-8232-4890-a877-d1088fba77b3: TaskStarted(6,349,None)
Sending msg to client play-fork-run-2423eb3c-8232-4890-a877-d1088fba77b3: TaskFinished(6,352,None,true,None)
Sending msg to client play-fork-run-2423eb3c-8232-4890-a877-d1088fba77b3: TaskFinished(6,353,None,true,None)
Sending msg to client play-fork-run-2423eb3c-8232-4890-a877-d1088fba77b3: TaskStarted(6,351,Some(AttributeKey[scala.collection.Seq[sbt.Attributed[java.io.File]]]("unmanagedJars") in Scope(Build: file:/C:/Users/laptop/simple-rest-scala/, , Project: ProjectReference(file:/C:/Users/laptop/simple-rest-scala/,root), Config: compile)))
Sending msg to client play-fork-run-2423eb3c-8232-4890-a877-d1088fba77b3: TaskFinished(6,355,None,true,None)
Sending msg to client play-fork-run-2423eb3c-8232-4890-a877-d1088fba77b3: TaskFinished(6,356,None,true,None)
Sending msg to client play-fork-run-2423eb3c-8232-4890-a877-d1088fba77b3: TaskStarted(6,354,Some(AttributeKey[scala.collection.Seq[sbt.Attributed[java.io.File]]]("unmanagedJars") in Scope(Build: file:/C:/Users/laptop/simple-rest-scala/, , Project: ProjectReference(file:/C:/Users/laptop/simple-rest-scala/,root), Config: runtime)))
Sending msg to client play-fork-run-2423eb3c-8232-4890-a877-d1088fba77b3: TaskFinished(6,344,None,true,None)
Sending msg to client play-fork-run-2423eb3c-8232-4890-a877-d1088fba77b3: TaskFinished(6,313,Some(AttributeKey[scala.collection.immutable.Map[org.apache.ivy.core.module.id.ModuleRevisionId,org.apache.ivy.core.module.descriptor.ModuleDescriptor]]("projectDescriptors") in Scope(Build: file:/C:/Users/laptop/simple-rest-scala/, , Project: ProjectReference(file:/C:/Users/laptop/simple-rest-scala/,root))),true,None)
Sending msg to client play-fork-run-2423eb3c-8232-4890-a877-d1088fba77b3: TaskStarted(6,312,Some(AttributeKey[sbt.Resolver]("projectResolver") in Scope(Build: file:/C:/Users/laptop/simple-rest-scala/, , Project: ProjectReference(file:/C:/Users/laptop/simple-rest-scala/,root))))
Sending msg to client play-fork-run-2423eb3c-8232-4890-a877-d1088fba77b3: TaskFinished(6,317,Some(AttributeKey[sbt.ModuleSettings]("moduleSettings") in Scope(Build: file:/C:/Users/laptop/simple-rest-scala/, , Project: ProjectReference(file:/C:/Users/laptop/simple-rest-scala/,root))),true,None)
Sending msg to client play-fork-run-2423eb3c-8232-4890-a877-d1088fba77b3: TaskStarted(6,357,None)
Sending msg to client play-fork-run-2423eb3c-8232-4890-a877-d1088fba77b3: TaskFinished(6,351,Some(AttributeKey[scala.collection.Seq[sbt.Attributed[java.io.File]]]("unmanagedJars") in Scope(Build: file:/C:/Users/laptop/simple-rest-scala/, , Project: ProjectReference(file:/C:/Users/laptop/simple-rest-scala/,root), Config: compile)),true,None)
Sending msg to client play-fork-run-2423eb3c-8232-4890-a877-d1088fba77b3: TaskFinished(6,354,Some(AttributeKey[scala.collection.Seq[sbt.Attributed[java.io.File]]]("unmanagedJars") in Scope(Build: file:/C:/Users/laptop/simple-rest-scala/, , Project: ProjectReference(file:/C:/Users/laptop/simple-rest-scala/,root), Config: runtime)),true,None)
Sending msg to client play-fork-run-2423eb3c-8232-4890-a877-d1088fba77b3: TaskFinished(6,312,Some(AttributeKey[sbt.Resolver]("projectResolver") in Scope(Build: file:/C:/Users/laptop/simple-rest-scala/, , Project: ProjectReference(file:/C:/Users/laptop/simple-rest-scala/,root))),true,None)
Sending msg to client play-fork-run-2423eb3c-8232-4890-a877-d1088fba77b3: TaskStarted(6,309,Some(AttributeKey[scala.collection.Seq[sbt.Resolver]]("fullResolvers") in Scope(Build: file:/C:/Users/laptop/simple-rest-scala/, , Project: ProjectReference(file:/C:/Users/laptop/simple-rest-scala/,root))))
Sending msg to client play-fork-run-2423eb3c-8232-4890-a877-d1088fba77b3: TaskFinished(6,357,None,true,None)
Sending msg to client play-fork-run-2423eb3c-8232-4890-a877-d1088fba77b3: TaskFinished(6,349,None,true,None)
Sending msg to client play-fork-run-2423eb3c-8232-4890-a877-d1088fba77b3: TaskStarted(6,348,Some(AttributeKey[scala.collection.Seq[sbt.Attributed[java.io.File]]]("unmanagedJars") in Scope(Build: file:/C:/Users/laptop/simple-rest-scala/, , Project: ProjectReference(file:/C:/Users/laptop/simple-rest-scala/,root), Config: compile)))
Sending msg to client play-fork-run-2423eb3c-8232-4890-a877-d1088fba77b3: TaskFinished(6,326,Some(AttributeKey[scala.collection.immutable.Map[sbt.ModuleID,sbt.SourcePosition]]("dependencyPositions") in Scope(Build: file:/C:/Users/laptop/simple-rest-scala/, , Project: ProjectReference(file:/C:/Users/laptop/simple-rest-scala/,root))),true,None)
Sending msg to client play-fork-run-2423eb3c-8232-4890-a877-d1088fba77b3: TaskStarted(6,325,Some(AttributeKey[sbt.UnresolvedWarningConfiguration]("unresolvedWarningConfiguration") in Scope(Build: file:/C:/Users/laptop/simple-rest-scala/, , Project: ProjectReference(file:/C:/Users/laptop/simple-rest-scala/,root), Task: AttributeKey[sbt.UpdateReport]("update"))))
Sending msg to client play-fork-run-2423eb3c-8232-4890-a877-d1088fba77b3: TaskFinished(6,309,Some(AttributeKey[scala.collection.Seq[sbt.Resolver]]("fullResolvers") in Scope(Build: file:/C:/Users/laptop/simple-rest-scala/, , Project: ProjectReference(file:/C:/Users/laptop/simple-rest-scala/,root))),true,None)
Sending msg to client play-fork-run-2423eb3c-8232-4890-a877-d1088fba77b3: TaskStarted(6,307,Some(AttributeKey[sbt.IvyConfiguration]("ivyConfiguration") in Scope(Build: file:/C:/Users/laptop/simple-rest-scala/, , Project: ProjectReference(file:/C:/Users/laptop/simple-rest-scala/,root))))
Sending msg to client play-fork-run-2423eb3c-8232-4890-a877-d1088fba77b3: TaskFinished(6,348,Some(AttributeKey[scala.collection.Seq[sbt.Attributed[java.io.File]]]("unmanagedJars") in Scope(Build: file:/C:/Users/laptop/simple-rest-scala/, , Project: ProjectReference(file:/C:/Users/laptop/simple-rest-scala/,root), Config: compile)),true,None)
Sending msg to client play-fork-run-2423eb3c-8232-4890-a877-d1088fba77b3: TaskStarted(6,347,None)
Sending msg to client play-fork-run-2423eb3c-8232-4890-a877-d1088fba77b3: TaskFinished(6,325,Some(AttributeKey[sbt.UnresolvedWarningConfiguration]("unresolvedWarningConfiguration") in Scope(Build: file:/C:/Users/laptop/simple-rest-scala/, , Project: ProjectReference(file:/C:/Users/laptop/simple-rest-scala/,root), Task: AttributeKey[sbt.UpdateReport]("update"))),true,None)
Sending msg to client play-fork-run-2423eb3c-8232-4890-a877-d1088fba77b3: TaskFinished(6,307,Some(AttributeKey[sbt.IvyConfiguration]("ivyConfiguration") in Scope(Build: file:/C:/Users/laptop/simple-rest-scala/, , Project: ProjectReference(file:/C:/Users/laptop/simple-rest-scala/,root))),true,None)
Sending msg to client play-fork-run-2423eb3c-8232-4890-a877-d1088fba77b3: TaskStarted(6,306,Some(AttributeKey[sbt.IvySbt]("ivySbt") in Scope(Build: file:/C:/Users/laptop/simple-rest-scala/, , Project: ProjectReference(file:/C:/Users/laptop/simple-rest-scala/,root))))
Sending msg to client play-fork-run-2423eb3c-8232-4890-a877-d1088fba77b3: TaskFinished(6,347,None,true,None)
Sending msg to client play-fork-run-2423eb3c-8232-4890-a877-d1088fba77b3: TaskStarted(6,346,None)
Sending msg to client play-fork-run-2423eb3c-8232-4890-a877-d1088fba77b3: TaskFinished(6,306,Some(AttributeKey[sbt.IvySbt]("ivySbt") in Scope(Build: file:/C:/Users/laptop/simple-rest-scala/, , Project: ProjectReference(file:/C:/Users/laptop/simple-rest-scala/,root))),true,None)
Sending msg to client play-fork-run-2423eb3c-8232-4890-a877-d1088fba77b3: TaskStarted(6,305,Some(AttributeKey[sbt.IvySbt$Module]("ivyModule") in Scope(Build: file:/C:/Users/laptop/simple-rest-scala/, , Project: ProjectReference(file:/C:/Users/laptop/simple-rest-scala/,root))))
Sending msg to client play-fork-run-2423eb3c-8232-4890-a877-d1088fba77b3: TaskFinished(6,346,None,true,None)
Sending msg to client play-fork-run-2423eb3c-8232-4890-a877-d1088fba77b3: TaskFinished(6,340,None,true,None)
Sending msg to client play-fork-run-2423eb3c-8232-4890-a877-d1088fba77b3: TaskStarted(6,339,Some(AttributeKey[scala.collection.Seq[sbt.Attributed[java.io.File]]]("unmanagedClasspath") in Scope(Build: file:/C:/Users/laptop/simple-rest-scala/, , Project: ProjectReference(file:/C:/Users/laptop/simple-rest-scala/,root), Config: runtime)))
Sending msg to client play-fork-run-2423eb3c-8232-4890-a877-d1088fba77b3: TaskFinished(6,305,Some(AttributeKey[sbt.IvySbt$Module]("ivyModule") in Scope(Build: file:/C:/Users/laptop/simple-rest-scala/, , Project: ProjectReference(file:/C:/Users/laptop/simple-rest-scala/,root))),true,None)
Sending msg to client play-fork-run-2423eb3c-8232-4890-a877-d1088fba77b3: TaskStarted(6,300,Some(AttributeKey[sbt.UpdateReport]("update") in Scope(Build: file:/C:/Users/laptop/simple-rest-scala/, , Project: ProjectReference(file:/C:/Users/laptop/simple-rest-scala/,root))))
Sending msg to client play-fork-run-2423eb3c-8232-4890-a877-d1088fba77b3: TaskFinished(6,339,Some(AttributeKey[scala.collection.Seq[sbt.Attributed[java.io.File]]]("unmanagedClasspath") in Scope(Build: file:/C:/Users/laptop/simple-rest-scala/, , Project: ProjectReference(file:/C:/Users/laptop/simple-rest-scala/,root), Config: runtime)),true,None)
Sending msg to client play-fork-run-2423eb3c-8232-4890-a877-d1088fba77b3: TaskFinished(6,300,Some(AttributeKey[sbt.UpdateReport]("update") in Scope(Build: file:/C:/Users/laptop/simple-rest-scala/, , Project: ProjectReference(file:/C:/Users/laptop/simple-rest-scala/,root))),true,None)
Sending msg to client play-fork-run-2423eb3c-8232-4890-a877-d1088fba77b3: TaskStarted(6,297,Some(AttributeKey[sbt.UpdateReport]("update") in Scope(Build: file:/C:/Users/laptop/simple-rest-scala/, , Project: ProjectReference(file:/C:/Users/laptop/simple-rest-scala/,root))))
Sending msg to client play-fork-run-2423eb3c-8232-4890-a877-d1088fba77b3: TaskFinished(6,297,Some(AttributeKey[sbt.UpdateReport]("update") in Scope(Build: file:/C:/Users/laptop/simple-rest-scala/, , Project: ProjectReference(file:/C:/Users/laptop/simple-rest-scala/,root))),true,None)
Sending msg to client play-fork-run-2423eb3c-8232-4890-a877-d1088fba77b3: TaskStarted(6,296,Some(AttributeKey[scala.collection.Seq[sbt.Attributed[java.io.File]]]("managedClasspath") in Scope(Build: file:/C:/Users/laptop/simple-rest-scala/, , Project: ProjectReference(file:/C:/Users/laptop/simple-rest-scala/,root), Config: docs)))
Sending msg to client play-fork-run-2423eb3c-8232-4890-a877-d1088fba77b3: TaskStarted(6,336,Some(AttributeKey[sbt.Configuration]("classpathConfiguration") in Scope(Build: file:/C:/Users/laptop/simple-rest-scala/, , Project: ProjectReference(file:/C:/Users/laptop/simple-rest-scala/,root), Config: compile)))
Sending msg to client play-fork-run-2423eb3c-8232-4890-a877-d1088fba77b3: TaskFinished(6,296,Some(AttributeKey[scala.collection.Seq[sbt.Attributed[java.io.File]]]("managedClasspath") in Scope(Build: file:/C:/Users/laptop/simple-rest-scala/, , Project: ProjectReference(file:/C:/Users/laptop/simple-rest-scala/,root), Config: docs)),true,None)
Sending msg to client play-fork-run-2423eb3c-8232-4890-a877-d1088fba77b3: TaskFinished(6,336,Some(AttributeKey[sbt.Configuration]("classpathConfiguration") in Scope(Build: file:/C:/Users/laptop/simple-rest-scala/, , Project: ProjectReference(file:/C:/Users/laptop/simple-rest-scala/,root), Config: compile)),true,None)
Sending msg to client play-fork-run-2423eb3c-8232-4890-a877-d1088fba77b3: TaskStarted(6,335,None)
Sending msg to client play-fork-run-2423eb3c-8232-4890-a877-d1088fba77b3: TaskFinished(6,335,None,true,None)
Sending msg to client play-fork-run-2423eb3c-8232-4890-a877-d1088fba77b3: TaskStarted(6,334,Some(AttributeKey[sbt.Configuration]("classpathConfiguration") in Scope(Build: file:/C:/Users/laptop/simple-rest-scala/, , Project: ProjectReference(file:/C:/Users/laptop/simple-rest-scala/,root), Config: runtime)))
Sending msg to client play-fork-run-2423eb3c-8232-4890-a877-d1088fba77b3: TaskFinished(6,334,Some(AttributeKey[sbt.Configuration]("classpathConfiguration") in Scope(Build: file:/C:/Users/laptop/simple-rest-scala/, , Project: ProjectReference(file:/C:/Users/laptop/simple-rest-scala/,root), Config: runtime)),true,None)
Sending msg to client play-fork-run-2423eb3c-8232-4890-a877-d1088fba77b3: TaskStarted(6,333,None)
Sending msg to client play-fork-run-2423eb3c-8232-4890-a877-d1088fba77b3: TaskFinished(6,333,None,true,None)
Sending msg to client play-fork-run-2423eb3c-8232-4890-a877-d1088fba77b3: TaskStarted(6,332,Some(AttributeKey[scala.collection.Seq[sbt.Attributed[java.io.File]]]("managedClasspath") in Scope(Build: file:/C:/Users/laptop/simple-rest-scala/, , Project: ProjectReference(file:/C:/Users/laptop/simple-rest-scala/,root), Config: runtime)))
Sending msg to client play-fork-run-2423eb3c-8232-4890-a877-d1088fba77b3: TaskFinished(6,332,Some(AttributeKey[scala.collection.Seq[sbt.Attributed[java.io.File]]]("managedClasspath") in Scope(Build: file:/C:/Users/laptop/simple-rest-scala/, , Project: ProjectReference(file:/C:/Users/laptop/simple-rest-scala/,root), Config: runtime)),true,None)
Sending msg to client play-fork-run-2423eb3c-8232-4890-a877-d1088fba77b3: TaskStarted(6,331,None)
Sending msg to client play-fork-run-2423eb3c-8232-4890-a877-d1088fba77b3: TaskFinished(6,331,None,true,None)
Sending msg to client play-fork-run-2423eb3c-8232-4890-a877-d1088fba77b3: TaskStarted(6,330,Some(AttributeKey[scala.collection.Seq[sbt.Attributed[java.io.File]]]("playDependencyClasspath") in Scope(Build: file:/C:/Users/laptop/simple-rest-scala/, , Project: ProjectReference(file:/C:/Users/laptop/simple-rest-scala/,root))))
Sending msg to client play-fork-run-2423eb3c-8232-4890-a877-d1088fba77b3: TaskFinished(6,330,Some(AttributeKey[scala.collection.Seq[sbt.Attributed[java.io.File]]]("playDependencyClasspath") in Scope(Build: file:/C:/Users/laptop/simple-rest-scala/, , Project: ProjectReference(file:/C:/Users/laptop/simple-rest-scala/,root))),true,None)
Sending msg to client play-fork-run-2423eb3c-8232-4890-a877-d1088fba77b3: TaskStarted(6,288,Some(AttributeKey[play.forkrun.protocol.ForkConfig]("playForkConfig") in Scope(Build: file:/C:/Users/laptop/simple-rest-scala/, , Project: ProjectReference(file:/C:/Users/laptop/simple-rest-scala/,root))))
Sending msg to client play-fork-run-2423eb3c-8232-4890-a877-d1088fba77b3: TaskFinished(6,288,Some(AttributeKey[play.forkrun.protocol.ForkConfig]("playForkConfig") in Scope(Build: file:/C:/Users/laptop/simple-rest-scala/, , Project: ProjectReference(file:/C:/Users/laptop/simple-rest-scala/,root))),true,None)
Sending msg to client play-fork-run-2423eb3c-8232-4890-a877-d1088fba77b3: ValueChanged(AttributeKey[play.forkrun.protocol.ForkConfig]("playForkConfig") in Scope(Build: file:/C:/Users/laptop/simple-rest-scala/, , Project: ProjectReference(file:/C:/Users/laptop/simple-rest-scala/,root)),TaskSuccess(BuildValue(LazyValue(ForkConfig(C:\Users\laptop\simple-rest-scala,List(),List(C:\Users\laptop\.sbt\boot\scala-2.10.4\lib\scala-library.jar, C:\Users\laptop\.ivy2\cache\com.typesafe.play\twirl-api_2.10\jars\twirl-api_2.10-1.0.2.jar, C:\Users\laptop\.ivy2\cache\org.apache.commons\commons-lang3\jars\commons-lang3-3.1.jar, C:\Users\laptop\.ivy2\cache\com.typesafe.play\play_2.10\jars\play_2.10-2.3.10.jar, C:\Users\laptop\.ivy2\cache\com.typesafe.play\build-link\jars\build-link-2.3.10.jar, C:\Users\laptop\.ivy2\cache\com.typesafe.play\play-exceptions\jars\play-exceptions-2.3.10.jar, C:\Users\laptop\.ivy2\cache\org.javassist\javassist\bundles\javassist-3.18.2-GA.jar, C:\Users\laptop\.ivy2\cache\com.typesafe.play\play-iteratees_2.10\jars\play-iteratees_2.10-2.3.10.jar, D:\activator-dist-1.3.12\repository\org.scala-stm\scala-stm_2.10\0.7\jars\scala-stm_2.10.jar, C:\Users\laptop\.ivy2\cache\com.typesafe\config\bundles\config-1.2.1.jar, C:\Users\laptop\.ivy2\cache\com.typesafe.play\play-json_2.10\jars\play-json_2.10-2.3.10.jar, C:\Users\laptop\.ivy2\cache\com.typesafe.play\play-functional_2.10\jars\play-functional_2.10-2.3.10.jar, C:\Users\laptop\.ivy2\cache\com.typesafe.play\play-datacommons_2.10\jars\play-datacommons_2.10-2.3.10.jar, C:\Users\laptop\.ivy2\cache\joda-time\joda-time\jars\joda-time-2.3.jar, C:\Users\laptop\.ivy2\cache\org.joda\joda-convert\jars\joda-convert-1.6.jar, C:\Users\laptop\.ivy2\cache\com.fasterxml.jackson.core\jackson-annotations\bundles\jackson-annotations-2.3.2.jar, C:\Users\laptop\.ivy2\cache\com.fasterxml.jackson.core\jackson-core\bundles\jackson-core-2.3.2.jar, C:\Users\laptop\.ivy2\cache\com.fasterxml.jackson.core\jackson-databind\bundles\jackson-databind-2.3.2.jar, C:\Users\laptop\.sbt\boot\scala-2.10.4\lib\scala-reflect.jar, C:\Users\laptop\.ivy2\cache\io.netty\netty\bundles\netty-3.9.9.Final.jar, C:\Users\laptop\.ivy2\cache\com.typesafe.netty\netty-http-pipelining\jars\netty-http-pipelining-1.1.2.jar, C:\Users\laptop\.ivy2\cache\org.slf4j\slf4j-api\jars\slf4j-api-1.7.6.jar, C:\Users\laptop\.ivy2\cache\org.slf4j\jul-to-slf4j\jars\jul-to-slf4j-1.7.6.jar, C:\Users\laptop\.ivy2\cache\org.slf4j\jcl-over-slf4j\jars\jcl-over-slf4j-1.7.6.jar, C:\Users\laptop\.ivy2\cache\ch.qos.logback\logback-core\jars\logback-core-1.1.1.jar, C:\Users\laptop\.ivy2\cache\ch.qos.logback\logback-classic\jars\logback-classic-1.1.1.jar, C:\Users\laptop\.ivy2\cache\com.typesafe.akka\akka-actor_2.10\jars\akka-actor_2.10-2.3.4.jar, C:\Users\laptop\.ivy2\cache\com.typesafe.akka\akka-slf4j_2.10\jars\akka-slf4j_2.10-2.3.4.jar, C:\Users\laptop\.ivy2\cache\commons-codec\commons-codec\jars\commons-codec-1.9.jar, C:\Users\laptop\.ivy2\cache\xerces\xercesImpl\jars\xercesImpl-2.11.0.jar, C:\Users\laptop\.ivy2\cache\xml-apis\xml-apis\jars\xml-apis-1.4.01.jar, C:\Users\laptop\.ivy2\cache\javax.transaction\jta\jars\jta-1.1.jar),List((public/,C:\Users\laptop\simple-rest-scala\target\web\public\main)),List(C:\Users\laptop\.ivy2\cache\com.typesafe.play\play-docs_2.10\jars\play-docs_2.10-2.3.10.jar, C:\Users\laptop\.sbt\boot\scala-2.10.4\lib\scala-library.jar, C:\Users\laptop\.ivy2\cache\com.typesafe.play\play_2.10\jars\play_2.10-2.3.10.jar, C:\Users\laptop\.ivy2\cache\com.typesafe.play\build-link\jars\build-link-2.3.10.jar, C:\Users\laptop\.ivy2\cache\com.typesafe.play\play-exceptions\jars\play-exceptions-2.3.10.jar, C:\Users\laptop\.ivy2\cache\org.javassist\javassist\bundles\javassist-3.18.2-GA.jar, C:\Users\laptop\.ivy2\cache\com.typesafe.play\play-iteratees_2.10\jars\play-iteratees_2.10-2.3.10.jar, D:\activator-dist-1.3.12\repository\org.scala-stm\scala-stm_2.10\0.7\jars\scala-stm_2.10.jar, C:\Users\laptop\.ivy2\cache\com.typesafe\config\bundles\config-1.2.1.jar, C:\Users\laptop\.ivy2\cache\com.typesafe.play\play-json_2.10\jars\play-json_2.10-2.3.10.jar, C:\Users\laptop\.ivy2\cache\com.typesafe.play\play-functional_2.10\jars\play-functional_2.10-2.3.10.jar, C:\Users\laptop\.ivy2\cache\com.typesafe.play\play-datacommons_2.10\jars\play-datacommons_2.10-2.3.10.jar, C:\Users\laptop\.ivy2\cache\joda-time\joda-time\jars\joda-time-2.3.jar, C:\Users\laptop\.ivy2\cache\org.joda\joda-convert\jars\joda-convert-1.6.jar, C:\Users\laptop\.ivy2\cache\com.fasterxml.jackson.core\jackson-annotations\bundles\jackson-annotations-2.3.2.jar, C:\Users\laptop\.ivy2\cache\com.fasterxml.jackson.core\jackson-core\bundles\jackson-core-2.3.2.jar, C:\Users\laptop\.ivy2\cache\com.fasterxml.jackson.core\jackson-databind\bundles\jackson-databind-2.3.2.jar, C:\Users\laptop\.sbt\boot\scala-2.10.4\lib\scala-reflect.jar, C:\Users\laptop\.ivy2\cache\com.typesafe.play\twirl-api_2.10\jars\twirl-api_2.10-1.0.2.jar, C:\Users\laptop\.ivy2\cache\org.apache.commons\commons-lang3\jars\commons-lang3-3.1.jar, C:\Users\laptop\.ivy2\cache\io.netty\netty\bundles\netty-3.9.9.Final.jar, C:\Users\laptop\.ivy2\cache\com.typesafe.netty\netty-http-pipelining\jars\netty-http-pipelining-1.1.2.jar, C:\Users\laptop\.ivy2\cache\org.slf4j\slf4j-api\jars\slf4j-api-1.7.6.jar, C:\Users\laptop\.ivy2\cache\org.slf4j\jul-to-slf4j\jars\jul-to-slf4j-1.7.6.jar, C:\Users\laptop\.ivy2\cache\org.slf4j\jcl-over-slf4j\jars\jcl-over-slf4j-1.7.6.jar, C:\Users\laptop\.ivy2\cache\ch.qos.logback\logback-core\jars\logback-core-1.1.1.jar, C:\Users\laptop\.ivy2\cache\ch.qos.logback\logback-classic\jars\logback-classic-1.1.1.jar, C:\Users\laptop\.ivy2\cache\com.typesafe.akka\akka-actor_2.10\jars\akka-actor_2.10-2.3.4.jar, C:\Users\laptop\.ivy2\cache\com.typesafe.akka\akka-slf4j_2.10\jars\akka-slf4j_2.10-2.3.4.jar, C:\Users\laptop\.ivy2\cache\commons-codec\commons-codec\jars\commons-codec-1.9.jar, C:\Users\laptop\.ivy2\cache\xerces\xercesImpl\jars\xercesImpl-2.11.0.jar, C:\Users\laptop\.ivy2\cache\xml-apis\xml-apis\jars\xml-apis-1.4.01.jar, C:\Users\laptop\.ivy2\cache\javax.transaction\jta\jars\jta-1.1.jar, C:\Users\laptop\.ivy2\cache\com.typesafe.play\play-doc_2.10\jars\play-doc_2.10-1.1.0.jar, C:\Users\laptop\.ivy2\cache\org.pegdown\pegdown\jars\pegdown-1.4.0.jar, C:\Users\laptop\.ivy2\cache\org.parboiled\parboiled-java\bundles\parboiled-java-1.1.5.jar, C:\Users\laptop\.ivy2\cache\org.parboiled\parboiled-core\bundles\parboiled-core-1.1.5.jar, C:\Users\laptop\.ivy2\cache\org.ow2.asm\asm\jars\asm-4.1.jar, C:\Users\laptop\.ivy2\cache\org.ow2.asm\asm-tree\jars\asm-tree-4.1.jar, C:\Users\laptop\.ivy2\cache\org.ow2.asm\asm-analysis\jars\asm-analysis-4.1.jar, C:\Users\laptop\.ivy2\cache\org.ow2.asm\asm-util\jars\asm-util-4.1.jar, C:\Users\laptop\.ivy2\cache\commons-io\commons-io\jars\commons-io-2.4.jar),List(),9000,DefaultWatchService,List(C:\Users\laptop\simple-rest-scala\app-2.10, C:\Users\laptop\simple-rest-scala\app, C:\Users\laptop\simple-rest-scala\conf, C:\Users\laptop\simple-rest-scala\app\assets, C:\Users\laptop\simple-rest-scala\public),C:\Users\laptop\simple-rest-scala\target,500,root/playForkNotifyStart,root/playForkReload,300000),scala.pickling.PicklerUnpickler$DelegatingPicklerUnpickler@48f24582),ForkConfig(C:\Users\laptop\simple-rest-scala,List(),List(C:\Users\laptop\.sbt\boot\scala-2.10.4\lib\scala-library.jar, C:\Users\laptop\.ivy2\cache\com.typesafe.play\twirl-api_2.10\jars\twirl-api_2.10-1.0.2.jar, C:\Users\laptop\.ivy2\cache\org.apache.commons\commons-lang3\jars\commons-lang3-3.1.jar, C:\Users\laptop\.ivy2\cache\com.typesafe.play\play_2.10\jars\play_2.10-2.3.10.jar, C:\Users\laptop\.ivy2\cache\com.typesafe.play\build-link\jars\build-link-2.3.10.jar, C:\Users\laptop\.ivy2\cache\com.typesafe.play\play-exceptions\jars\play-exceptions-2.3.10.jar, C:\Users\laptop\.ivy2\cache\org.javassist\javassist\bundles\javassist-3.18.2-GA.jar, C:\Users\laptop\.ivy2\cache\com.typesafe.play\play-iteratees_2.10\jars\play-iteratees_2.10-2.3.10.jar, D:\activator-dist-1.3.12\repository\org.scala-stm\scala-stm_2.10\0.7\jars\scala-stm_2.10.jar, C:\Users\laptop\.ivy2\cache\com.typesafe\config\bundles\config-1.2.1.jar, C:\Users\laptop\.ivy2\cache\com.typesafe.play\play-json_2.10\jars\play-json_2.10-2.3.10.jar, C:\Users\laptop\.ivy2\cache\com.typesafe.play\play-functional_2.10\jars\play-functional_2.10-2.3.10.jar, C:\Users\laptop\.ivy2\cache\com.typesafe.play\play-datacommons_2.10\jars\play-datacommons_2.10-2.3.10.jar, C:\Users\laptop\.ivy2\cache\joda-time\joda-time\jars\joda-time-2.3.jar, C:\Users\laptop\.ivy2\cache\org.joda\joda-convert\jars\joda-convert-1.6.jar, C:\Users\laptop\.ivy2\cache\com.fasterxml.jackson.core\jackson-annotations\bundles\jackson-annotations-2.3.2.jar, C:\Users\laptop\.ivy2\cache\com.fasterxml.jackson.core\jackson-core\bundles\jackson-core-2.3.2.jar, C:\Users\laptop\.ivy2\cache\com.fasterxml.jackson.core\jackson-databind\bundles\jackson-databind-2.3.2.jar, C:\Users\laptop\.sbt\boot\scala-2.10.4\lib\scala-reflect.jar, C:\Users\laptop\.ivy2\cache\io.netty\netty\bundles\netty-3.9.9.Final.jar, C:\Users\laptop\.ivy2\cache\com.typesafe.netty\netty-http-pipelining\jars\netty-http-pipelining-1.1.2.jar, C:\Users\laptop\.ivy2\cache\org.slf4j\slf4j-api\jars\slf4j-api-1.7.6.jar, C:\Users\laptop\.ivy2\cache\org.slf4j\jul-to-slf4j\jars\jul-to-slf4j-1.7.6.jar, C:\Users\laptop\.ivy2\cache\org.slf4j\jcl-over-slf4j\jars\jcl-over-slf4j-1.7.6.jar, C:\Users\laptop\.ivy2\cache\ch.qos.logback\logback-core\jars\logback-core-1.1.1.jar, C:\Users\laptop\.ivy2\cache\ch.qos.logback\logback-classic\jars\logback-classic-1.1.1.jar, C:\Users\laptop\.ivy2\cache\com.typesafe.akka\akka-actor_2.10\jars\akka-actor_2.10-2.3.4.jar, C:\Users\laptop\.ivy2\cache\com.typesafe.akka\akka-slf4j_2.10\jars\akka-slf4j_2.10-2.3.4.jar, C:\Users\laptop\.ivy2\cache\commons-codec\commons-codec\jars\commons-codec-1.9.jar, C:\Users\laptop\.ivy2\cache\xerces\xercesImpl\jars\xercesImpl-2.11.0.jar, C:\Users\laptop\.ivy2\cache\xml-apis\xml-apis\jars\xml-apis-1.4.01.jar, C:\Users\laptop\.ivy2\cache\javax.transaction\jta\jars\jta-1.1.jar),List((public/,C:\Users\laptop\simple-rest-scala\target\web\public\main)),List(C:\Users\laptop\.ivy2\cache\com.typesafe.play\play-docs_2.10\jars\play-docs_2.10-2.3.10.jar, C:\Users\laptop\.sbt\boot\scala-2.10.4\lib\scala-library.jar, C:\Users\laptop\.ivy2\cache\com.typesafe.play\play_2.10\jars\play_2.10-2.3.10.jar, C:\Users\laptop\.ivy2\cache\com.typesafe.play\build-link\jars\build-link-2.3.10.jar, C:\Users\laptop\.ivy2\cache\com.typesafe.play\play-exceptions\jars\play-exceptions-2.3.10.jar, C:\Users\laptop\.ivy2\cache\org.javassist\javassist\bundles\javassist-3.18.2-GA.jar, C:\Users\laptop\.ivy2\cache\com.typesafe.play\play-iteratees_2.10\jars\play-iteratees_2.10-2.3.10.jar, D:\activator-dist-1.3.12\repository\org.scala-stm\scala-stm_2.10\0.7\jars\scala-stm_2.10.jar, C:\Users\laptop\.ivy2\cache\com.typesafe\config\bundles\config-1.2.1.jar, C:\Users\laptop\.ivy2\cache\com.typesafe.play\play-json_2.10\jars\play-json_2.10-2.3.10.jar, C:\Users\laptop\.ivy2\cache\com.typesafe.play\play-functional_2.10\jars\play-functional_2.10-2.3.10.jar, C:\Users\laptop\.ivy2\cache\com.typesafe.play\play-datacommons_2.10\jars\play-datacommons_2.10-2.3.10.jar, C:\Users\laptop\.ivy2\cache\joda-time\joda-time\jars\joda-time-2.3.jar, C:\Users\laptop\.ivy2\cache\org.joda\joda-convert\jars\joda-convert-1.6.jar, C:\Users\laptop\.ivy2\cache\com.fasterxml.jackson.core\jackson-annotations\bundles\jackson-annotations-2.3.2.jar, C:\Users\laptop\.ivy2\cache\com.fasterxml.jackson.core\jackson-core\bundles\jackson-core-2.3.2.jar, C:\Users\laptop\.ivy2\cache\com.fasterxml.jackson.core\jackson-databind\bundles\jackson-databind-2.3.2.jar, C:\Users\laptop\.sbt\boot\scala-2.10.4\lib\scala-reflect.jar, C:\Users\laptop\.ivy2\cache\com.typesafe.play\twirl-api_2.10\jars\twirl-api_2.10-1.0.2.jar, C:\Users\laptop\.ivy2\cache\org.apache.commons\commons-lang3\jars\commons-lang3-3.1.jar, C:\Users\laptop\.ivy2\cache\io.netty\netty\bundles\netty-3.9.9.Final.jar, C:\Users\laptop\.ivy2\cache\com.typesafe.netty\netty-http-pipelining\jars\netty-http-pipelining-1.1.2.jar, C:\Users\laptop\.ivy2\cache\org.slf4j\slf4j-api\jars\slf4j-api-1.7.6.jar, C:\Users\laptop\.ivy2\cache\org.slf4j\jul-to-slf4j\jars\jul-to-slf4j-1.7.6.jar, C:\Users\laptop\.ivy2\cache\org.slf4j\jcl-over-slf4j\jars\jcl-over-slf4j-1.7.6.jar, C:\Users\laptop\.ivy2\cache\ch.qos.logback\logback-core\jars\logback-core-1.1.1.jar, C:\Users\laptop\.ivy2\cache\ch.qos.logback\logback-classic\jars\logback-classic-1.1.1.jar, C:\Users\laptop\.ivy2\cache\com.typesafe.akka\akka-actor_2.10\jars\akka-actor_2.10-2.3.4.jar, C:\Users\laptop\.ivy2\cache\com.typesafe.akka\akka-slf4j_2.10\jars\akka-slf4j_2.10-2.3.4.jar, C:\Users\laptop\.ivy2\cache\commons-codec\commons-codec\jars\commons-codec-1.9.jar, C:\Users\laptop\.ivy2\cache\xerces\xercesImpl\jars\xercesImpl-2.11.0.jar, C:\Users\laptop\.ivy2\cache\xml-apis\xml-apis\jars\xml-apis-1.4.01.jar, C:\Users\laptop\.ivy2\cache\javax.transaction\jta\jars\jta-1.1.jar, C:\Users\laptop\.ivy2\cache\com.typesafe.play\play-doc_2.10\jars\play-doc_2.10-1.1.0.jar, C:\Users\laptop\.ivy2\cache\org.pegdown\pegdown\jars\pegdown-1.4.0.jar, C:\Users\laptop\.ivy2\cache\org.parboiled\parboiled-java\bundles\parboiled-java-1.1.5.jar, C:\Users\laptop\.ivy2\cache\org.parboiled\parboiled-core\bundles\parboiled-core-1.1.5.jar, C:\Users\laptop\.ivy2\cache\org.ow2.asm\asm\jars\asm-4.1.jar, C:\Users\laptop\.ivy2\cache\org.ow2.asm\asm-tree\jars\asm-tree-4.1.jar, C:\Users\laptop\.ivy2\cache\org.ow2.asm\asm-analysis\jars\asm-analysis-4.1.jar, C:\Users\laptop\.ivy2\cache\org.ow2.asm\asm-util\jars\asm-util-4.1.jar, C:\Users\laptop\.ivy2\cache\commons-io\commons-io\jars\commons-io-2.4.jar),List(),9000,DefaultWatchService,List(C:\Users\laptop\simple-rest-scala\app-2.10, C:\Users\laptop\simple-rest-scala\app, C:\Users\laptop\simple-rest-scala\conf, C:\Users\laptop\simple-rest-scala\app\assets, C:\Users\laptop\simple-rest-scala\public),C:\Users\laptop\simple-rest-scala\target,500,root/playForkNotifyStart,root/playForkReload,300000))))
Sending msg to client play-fork-run-2423eb3c-8232-4890-a877-d1088fba77b3: TaskStarted(6,287,None)
Sending msg to client play-fork-run-2423eb3c-8232-4890-a877-d1088fba77b3: TaskFinished(6,287,None,true,None)
Sending msg to client play-fork-run-2423eb3c-8232-4890-a877-d1088fba77b3: TaskStarted(6,286,None)
Sending msg to client play-fork-run-2423eb3c-8232-4890-a877-d1088fba77b3: TaskFinished(6,286,None,true,None)
Sending msg to client play-fork-run-2423eb3c-8232-4890-a877-d1088fba77b3: DetachedLogEvent(LogMessage(debug,cancel strategy finish enabled=false lastCommand=Some(LastCommand(CommandExecutionWork(ExecutionId(6),{file:/C:/Users/laptop/simple-rest-scala/}root/*:playForkConfig,Set(LiveClient(play-fork-run 2423eb3c-8232-4890-a877-d1088fba77b3)),sbt.server.WorkCancellationStatus$$anon$1@3d115863)))))
Sending msg to client play-fork-run-2423eb3c-8232-4890-a877-d1088fba77b3: DetachedLogEvent(LogSuccess(Total time: 1 s, completed Aug 7, 2017 11:25:03 AM))
Sending msg to client play-fork-run-2423eb3c-8232-4890-a877-d1088fba77b3: DetachedLogEvent(LogMessage(debug,> server-post-command-cleanup))
Sending msg to client play-fork-run-2423eb3c-8232-4890-a877-d1088fba77b3: ExecutionSuccess(6)
Sending msg to client play-fork-run-2423eb3c-8232-4890-a877-d1088fba77b3: DetachedLogEvent(LogMessage(debug,> server-handle-next-server-request))
Sending msg to client play-fork-run-2423eb3c-8232-4890-a877-d1088fba77b3: BackgroundJobLogEvent(1,LogMessage(info,))
Sending msg to client play-fork-run-2423eb3c-8232-4890-a877-d1088fba77b3: BackgroundJobLogEvent(1,LogMessage(info,--- (Running the application, auto-reloading is enabled) ---))
Sending msg to client play-fork-run-2423eb3c-8232-4890-a877-d1088fba77b3: BackgroundJobLogEvent(1,LogMessage(info,))
Sending msg to client play-fork-run-2423eb3c-8232-4890-a877-d1088fba77b3: BackgroundJobLogEvent(1,LogMessage(info,play - Listening for HTTP on /0:0:0:0:0:0:0:0:9000))
Sending msg to client play-fork-run-2423eb3c-8232-4890-a877-d1088fba77b3: BackgroundJobLogEvent(1,LogMessage(info,))
Sending msg to client play-fork-run-2423eb3c-8232-4890-a877-d1088fba77b3: BackgroundJobLogEvent(1,LogMessage(info,(Server started, use Ctrl+D to stop and go back to the console...)))
Sending msg to client play-fork-run-2423eb3c-8232-4890-a877-d1088fba77b3: BackgroundJobLogEvent(1,LogMessage(info,))
Got request: ExecutionRequest(root/playForkNotifyStart http://localhost:9000)
Reading next message from client.
Sending msg to client play-fork-run-2423eb3c-8232-4890-a877-d1088fba77b3: (8,ExecutionRequestReceived(7))
Sending msg to client play-fork-run-2423eb3c-8232-4890-a877-d1088fba77b3: ExecutionWaiting(7,root/playForkNotifyStart http://localhost:9000,ClientInfo(2423eb3c-8232-4890-a877-d1088fba77b3,play-fork-run,Play Fork Run,1,Vector()))
Sending msg to client play-fork-run-2423eb3c-8232-4890-a877-d1088fba77b3: ExecutionStarting(7)
Sending msg to client play-fork-run-2423eb3c-8232-4890-a877-d1088fba77b3: DetachedLogEvent(LogMessage(debug,> root/playForkNotifyStart http://localhost:9000))
Sending msg to client play-fork-run-2423eb3c-8232-4890-a877-d1088fba77b3: DetachedLogEvent(LogMessage(debug,Evaluating tasks: *:playForkNotifyStart))
Sending msg to client play-fork-run-2423eb3c-8232-4890-a877-d1088fba77b3: DetachedLogEvent(LogMessage(debug,Running task... Cancel: sbt.server.ServerTaskCancellation@332bef31, check cycles: false))
Sending msg to client play-fork-run-2423eb3c-8232-4890-a877-d1088fba77b3: DetachedLogEvent(LogMessage(debug,cancel strategy start enabled=true lastCommand=Some(LastCommand(CommandExecutionWork(ExecutionId(7),root/playForkNotifyStart http://localhost:9000,Set(LiveClient(play-fork-run 2423eb3c-8232-4890-a877-d1088fba77b3)),sbt.server.WorkCancellationStatus$$anon$1@1f0ff6d7)))))
Sending msg to client play-fork-run-2423eb3c-8232-4890-a877-d1088fba77b3: TaskStarted(7,362,Some(AttributeKey[sbt.SendEventService]("sendEventService") in Scope(Global)))
Sending msg to client play-fork-run-2423eb3c-8232-4890-a877-d1088fba77b3: TaskFinished(7,362,Some(AttributeKey[sbt.SendEventService]("sendEventService") in Scope(Global)),true,None)
Sending msg to client play-fork-run-2423eb3c-8232-4890-a877-d1088fba77b3: TaskStarted(7,361,Some(AttributeKey[scala.Function1[java.lang.String,void]]("playForkStarted") in Scope(Build: file:/C:/Users/laptop/simple-rest-scala/, , Project: ProjectReference(file:/C:/Users/laptop/simple-rest-scala/,root))))
Sending msg to client play-fork-run-2423eb3c-8232-4890-a877-d1088fba77b3: TaskFinished(7,361,Some(AttributeKey[scala.Function1[java.lang.String,void]]("playForkStarted") in Scope(Build: file:/C:/Users/laptop/simple-rest-scala/, , Project: ProjectReference(file:/C:/Users/laptop/simple-rest-scala/,root))),true,None)
Sending msg to client play-fork-run-2423eb3c-8232-4890-a877-d1088fba77b3: TaskStarted(7,360,Some(AttributeKey[void]("playForkNotifyStart") in Scope(Build: file:/C:/Users/laptop/simple-rest-scala/, , Project: ProjectReference(file:/C:/Users/laptop/simple-rest-scala/,root))))
Sending msg to client play-fork-run-2423eb3c-8232-4890-a877-d1088fba77b3: TaskEvent(360,LazyValue(PlayServerStarted(http://localhost:9000),play.forkrun.protocol.Serializers$PlayForkrunProtocolPlayServerStartedPickler1$2$@ab63215))
Sending msg to client play-fork-run-2423eb3c-8232-4890-a877-d1088fba77b3: TaskFinished(7,360,Some(AttributeKey[void]("playForkNotifyStart") in Scope(Build: file:/C:/Users/laptop/simple-rest-scala/, , Project: ProjectReference(file:/C:/Users/laptop/simple-rest-scala/,root))),true,None)
Sending msg to client play-fork-run-2423eb3c-8232-4890-a877-d1088fba77b3: TaskStarted(7,359,None)
Sending msg to client play-fork-run-2423eb3c-8232-4890-a877-d1088fba77b3: TaskFinished(7,359,None,true,None)
Sending msg to client play-fork-run-2423eb3c-8232-4890-a877-d1088fba77b3: TaskStarted(7,358,None)
Sending msg to client play-fork-run-2423eb3c-8232-4890-a877-d1088fba77b3: TaskFinished(7,358,None,true,None)
Sending msg to client play-fork-run-2423eb3c-8232-4890-a877-d1088fba77b3: DetachedLogEvent(LogMessage(debug,cancel strategy finish enabled=false lastCommand=Some(LastCommand(CommandExecutionWork(ExecutionId(7),root/playForkNotifyStart http://localhost:9000,Set(LiveClient(play-fork-run 2423eb3c-8232-4890-a877-d1088fba77b3)),sbt.server.WorkCancellationStatus$$anon$1@1f0ff6d7)))))
Sending msg to client play-fork-run-2423eb3c-8232-4890-a877-d1088fba77b3: DetachedLogEvent(LogSuccess(Total time: 0 s, completed Aug 7, 2017 11:25:04 AM))
Sending msg to client play-fork-run-2423eb3c-8232-4890-a877-d1088fba77b3: DetachedLogEvent(LogMessage(debug,> server-post-command-cleanup))
Sending msg to client play-fork-run-2423eb3c-8232-4890-a877-d1088fba77b3: ExecutionSuccess(7)
Sending msg to client play-fork-run-2423eb3c-8232-4890-a877-d1088fba77b3: DetachedLogEvent(LogMessage(debug,> server-handle-next-server-request))
Sending msg to client play-fork-run-2423eb3c-8232-4890-a877-d1088fba77b3: ExecutionWaiting(8,jobStop 1,ClientInfo(b95f764d-dd34-46de-9df5-98355d589920,activator,Activator,3,Vector()))
Sending msg to client play-fork-run-2423eb3c-8232-4890-a877-d1088fba77b3: ExecutionStarting(8)
Sending msg to client play-fork-run-2423eb3c-8232-4890-a877-d1088fba77b3: DetachedLogEvent(LogMessage(debug,> jobStop 1))
Sending msg to client play-fork-run-2423eb3c-8232-4890-a877-d1088fba77b3: DetachedLogEvent(LogMessage(debug,Evaluating tasks: *:jobStop))
Sending msg to client play-fork-run-2423eb3c-8232-4890-a877-d1088fba77b3: DetachedLogEvent(LogMessage(debug,Running task... Cancel: sbt.server.ServerTaskCancellation@76079ccb, check cycles: false))
Sending msg to client play-fork-run-2423eb3c-8232-4890-a877-d1088fba77b3: DetachedLogEvent(LogMessage(debug,cancel strategy start enabled=true lastCommand=Some(LastCommand(CommandExecutionWork(ExecutionId(8),jobStop 1,Set(LiveClient(activator b95f764d-dd34-46de-9df5-98355d589920)),sbt.server.WorkCancellationStatus$$anon$1@7e1fc44b)))))
Sending msg to client play-fork-run-2423eb3c-8232-4890-a877-d1088fba77b3: TaskStarted(8,365,Some(AttributeKey[void]("jobStop") in Scope(Global)))
Sending msg to client play-fork-run-2423eb3c-8232-4890-a877-d1088fba77b3: BackgroundJobLogEvent(1,LogMessage(info,Stopping Play fork run ...))
Sending msg to client play-fork-run-2423eb3c-8232-4890-a877-d1088fba77b3: TaskFinished(8,365,Some(AttributeKey[void]("jobStop") in Scope(Global)),true,None)
Sending msg to client play-fork-run-2423eb3c-8232-4890-a877-d1088fba77b3: TaskStarted(8,364,None)
Sending msg to client play-fork-run-2423eb3c-8232-4890-a877-d1088fba77b3: TaskFinished(8,364,None,true,None)
Sending msg to client play-fork-run-2423eb3c-8232-4890-a877-d1088fba77b3: TaskStarted(8,363,None)
Sending msg to client play-fork-run-2423eb3c-8232-4890-a877-d1088fba77b3: TaskFinished(8,363,None,true,None)
Sending msg to client play-fork-run-2423eb3c-8232-4890-a877-d1088fba77b3: DetachedLogEvent(LogMessage(debug,cancel strategy finish enabled=false lastCommand=Some(LastCommand(CommandExecutionWork(ExecutionId(8),jobStop 1,Set(LiveClient(activator b95f764d-dd34-46de-9df5-98355d589920)),sbt.server.WorkCancellationStatus$$anon$1@7e1fc44b)))))
Sending msg to client play-fork-run-2423eb3c-8232-4890-a877-d1088fba77b3: DetachedLogEvent(LogSuccess(Total time: 0 s, completed Aug 7, 2017 11:25:10 AM))
Sending msg to client play-fork-run-2423eb3c-8232-4890-a877-d1088fba77b3: DetachedLogEvent(LogMessage(debug,> server-post-command-cleanup))
Sending msg to client play-fork-run-2423eb3c-8232-4890-a877-d1088fba77b3: ExecutionSuccess(8)
Sending msg to client play-fork-run-2423eb3c-8232-4890-a877-d1088fba77b3: DetachedLogEvent(LogMessage(debug,> server-handle-next-server-request))
Got request: UnlistenToEvents()
Reading next message from client.
Sending msg to client play-fork-run-2423eb3c-8232-4890-a877-d1088fba77b3: (9,ReceivedResponse())
Got request: UnlistenToValue(AttributeKey[play.forkrun.protocol.ForkConfig]("playForkConfig") in Scope(Build: file:/C:/Users/laptop/simple-rest-scala/, , Project: ProjectReference(file:/C:/Users/laptop/simple-rest-scala/,root)))
Reading next message from client.
Client play-fork-run-2423eb3c-8232-4890-a877-d1088fba77b3 EOF, shutting down.
Stopping client.
Client play-fork-run-2423eb3c-8232-4890-a877-d1088fba77b3 thread exiting.
Dropping message (10,ReceivedResponse()) to dead client play-fork-run-2423eb3c-8232-4890-a877-d1088fba77b3
Dropping message (0,ReceivedResponse()) to dead client play-fork-run-2423eb3c-8232-4890-a877-d1088fba77b3
