New log file opened at Mon Aug 07 13:40:49 IST 2017 by 7064@joun
Sending msg to client play-fork-run-710b6a26-5dfd-4287-8c4e-3e0816284587: DetachedLogEvent(LogMessage(debug,sbt server socket logs are in: C:\Users\laptop\simple-rest-scala\.sbtserver\connections\master.log))
Sending msg to client play-fork-run-710b6a26-5dfd-4287-8c4e-3e0816284587: DetachedLogEvent(LogMessage(debug,sbt general server logs are in: C:\Users\laptop\simple-rest-scala\.sbtserver\master.log))
Sending msg to client play-fork-run-710b6a26-5dfd-4287-8c4e-3e0816284587: DetachedLogEvent(LogMessage(debug,sbt client logs are in: C:\Users\laptop\simple-rest-scala\.sbtserver\connections\play-fork-run-710b6a26-5dfd-4287-8c4e-3e0816284587.log))
Reading next message from client.
Got request: DaemonRequest(true)
Reading next message from client.
Sending msg to client play-fork-run-710b6a26-5dfd-4287-8c4e-3e0816284587: (3,ReceivedResponse())
Got request: ListenToEvents()
Reading next message from client.
Sending msg to client play-fork-run-710b6a26-5dfd-4287-8c4e-3e0816284587: BackgroundJobStarted(144,BackgroundJobInfo(23,backgroundRun,AttributeKey[sbt.BackgroundJobHandle]("backgroundRun") in Scope(Build: file:/C:/Users/laptop/simple-rest-scala/, , Project: ProjectReference(file:/C:/Users/laptop/simple-rest-scala/,root), Config: compile)))
Sending msg to client play-fork-run-710b6a26-5dfd-4287-8c4e-3e0816284587: BackgroundJobStarted(140,BackgroundJobInfo(22,backgroundRun,AttributeKey[sbt.BackgroundJobHandle]("backgroundRun") in Scope(Build: file:/C:/Users/laptop/simple-rest-scala/, , Project: ProjectReference(file:/C:/Users/laptop/simple-rest-scala/,root), Config: compile)))
Sending msg to client play-fork-run-710b6a26-5dfd-4287-8c4e-3e0816284587: (4,ReceivedResponse())
Got request: KeyLookupRequest(root/playForkConfig)
Reading next message from client.
Sending msg to client play-fork-run-710b6a26-5dfd-4287-8c4e-3e0816284587: (5,KeyLookupResponse(root/playForkConfig,Vector(AttributeKey[play.forkrun.protocol.ForkConfig]("playForkConfig") in Scope(Build: file:/C:/Users/laptop/simple-rest-scala/, , Project: ProjectReference(file:/C:/Users/laptop/simple-rest-scala/,root)))))
Got request: ListenToValue(AttributeKey[play.forkrun.protocol.ForkConfig]("playForkConfig") in Scope(Build: file:/C:/Users/laptop/simple-rest-scala/, , Project: ProjectReference(file:/C:/Users/laptop/simple-rest-scala/,root)))
Reading next message from client.
Sending msg to client play-fork-run-710b6a26-5dfd-4287-8c4e-3e0816284587: (6,ReceivedResponse())
Got request: KeyExecutionRequest(AttributeKey[play.forkrun.protocol.ForkConfig]("playForkConfig") in Scope(Build: file:/C:/Users/laptop/simple-rest-scala/, , Project: ProjectReference(file:/C:/Users/laptop/simple-rest-scala/,root)))
Reading next message from client.
Sending msg to client play-fork-run-710b6a26-5dfd-4287-8c4e-3e0816284587: (7,ExecutionRequestReceived(145))
Sending msg to client play-fork-run-710b6a26-5dfd-4287-8c4e-3e0816284587: ExecutionWaiting(145,{file:/C:/Users/laptop/simple-rest-scala/}root/*:playForkConfig,ClientInfo(710b6a26-5dfd-4287-8c4e-3e0816284587,play-fork-run,Play Fork Run,1,Vector()))
Sending msg to client play-fork-run-710b6a26-5dfd-4287-8c4e-3e0816284587: ExecutionStarting(145)
Sending msg to client play-fork-run-710b6a26-5dfd-4287-8c4e-3e0816284587: DetachedLogEvent(LogMessage(debug,> {file:/C:/Users/laptop/simple-rest-scala/}root/*:playForkConfig))
Sending msg to client play-fork-run-710b6a26-5dfd-4287-8c4e-3e0816284587: DetachedLogEvent(LogMessage(debug,Evaluating tasks: *:playForkConfig))
Sending msg to client play-fork-run-710b6a26-5dfd-4287-8c4e-3e0816284587: DetachedLogEvent(LogMessage(debug,Running task... Cancel: sbt.server.ServerTaskCancellation@687678dc, check cycles: false))
Sending msg to client play-fork-run-710b6a26-5dfd-4287-8c4e-3e0816284587: DetachedLogEvent(LogMessage(debug,cancel strategy start enabled=true lastCommand=Some(LastCommand(CommandExecutionWork(ExecutionId(145),{file:/C:/Users/laptop/simple-rest-scala/}root/*:playForkConfig,Set(LiveClient(play-fork-run 710b6a26-5dfd-4287-8c4e-3e0816284587)),sbt.server.WorkCancellationStatus$$anon$1@53a3b786)))))
Sending msg to client play-fork-run-710b6a26-5dfd-4287-8c4e-3e0816284587: TaskStarted(145,9434,None)
Sending msg to client play-fork-run-710b6a26-5dfd-4287-8c4e-3e0816284587: TaskStarted(145,9435,Some(AttributeKey[scala.collection.Seq[java.lang.String]]("javaOptions") in Scope(Global)))
Sending msg to client play-fork-run-710b6a26-5dfd-4287-8c4e-3e0816284587: TaskStarted(145,9437,Some(AttributeKey[scala.Tuple2[java.lang.String,java.io.File]]("playPrefixAndAssets") in Scope(Build: file:/C:/Users/laptop/simple-rest-scala/, , Project: ProjectReference(file:/C:/Users/laptop/simple-rest-scala/,root))))
Sending msg to client play-fork-run-710b6a26-5dfd-4287-8c4e-3e0816284587: TaskStarted(145,9443,None)
Sending msg to client play-fork-run-710b6a26-5dfd-4287-8c4e-3e0816284587: TaskStarted(145,9448,None)
Sending msg to client play-fork-run-710b6a26-5dfd-4287-8c4e-3e0816284587: TaskStarted(145,9454,Some(AttributeKey[scala.Option[scala.collection.Seq[sbt.Resolver]]]("bootResolvers") in Scope(Build: file:/C:/Users/laptop/simple-rest-scala/, , Project: ProjectReference(file:/C:/Users/laptop/simple-rest-scala/,root))))
Sending msg to client play-fork-run-710b6a26-5dfd-4287-8c4e-3e0816284587: TaskStarted(145,9455,Some(AttributeKey[scala.collection.Seq[sbt.Resolver]]("externalResolvers") in Scope(Build: file:/C:/Users/laptop/simple-rest-scala/, , Project: ProjectReference(file:/C:/Users/laptop/simple-rest-scala/,root))))
Sending msg to client play-fork-run-710b6a26-5dfd-4287-8c4e-3e0816284587: TaskStarted(145,9460,Some(AttributeKey[scala.collection.Seq[sbt.Credentials]]("credentials") in Scope(Global)))
Sending msg to client play-fork-run-710b6a26-5dfd-4287-8c4e-3e0816284587: TaskStarted(145,9464,Some(AttributeKey[boolean]("skip") in Scope(Global)))
Sending msg to client play-fork-run-710b6a26-5dfd-4287-8c4e-3e0816284587: TaskStarted(145,9466,None)
Sending msg to client play-fork-run-710b6a26-5dfd-4287-8c4e-3e0816284587: TaskStarted(145,9467,None)
Sending msg to client play-fork-run-710b6a26-5dfd-4287-8c4e-3e0816284587: TaskStarted(145,9468,Some(AttributeKey[java.lang.String]("updateCacheName") in Scope(Build: file:/C:/Users/laptop/simple-rest-scala/, , Project: ProjectReference(file:/C:/Users/laptop/simple-rest-scala/,root))))
Sending msg to client play-fork-run-710b6a26-5dfd-4287-8c4e-3e0816284587: TaskStarted(145,9473,None)
Sending msg to client play-fork-run-710b6a26-5dfd-4287-8c4e-3e0816284587: TaskStarted(145,9481,None)
Sending msg to client play-fork-run-710b6a26-5dfd-4287-8c4e-3e0816284587: TaskFinished(145,9443,None,true,None)
Sending msg to client play-fork-run-710b6a26-5dfd-4287-8c4e-3e0816284587: TaskStarted(145,9442,None)
Sending msg to client play-fork-run-710b6a26-5dfd-4287-8c4e-3e0816284587: TaskStarted(145,9452,None)
Sending msg to client play-fork-run-710b6a26-5dfd-4287-8c4e-3e0816284587: TaskStarted(145,9458,None)
Sending msg to client play-fork-run-710b6a26-5dfd-4287-8c4e-3e0816284587: TaskStarted(145,9459,None)
Sending msg to client play-fork-run-710b6a26-5dfd-4287-8c4e-3e0816284587: TaskStarted(145,9471,None)
Sending msg to client play-fork-run-710b6a26-5dfd-4287-8c4e-3e0816284587: TaskStarted(145,9482,None)
Sending msg to client play-fork-run-710b6a26-5dfd-4287-8c4e-3e0816284587: TaskStarted(145,9485,None)
Sending msg to client play-fork-run-710b6a26-5dfd-4287-8c4e-3e0816284587: TaskStarted(145,9486,None)
Sending msg to client play-fork-run-710b6a26-5dfd-4287-8c4e-3e0816284587: TaskFinished(145,9437,Some(AttributeKey[scala.Tuple2[java.lang.String,java.io.File]]("playPrefixAndAssets") in Scope(Build: file:/C:/Users/laptop/simple-rest-scala/, , Project: ProjectReference(file:/C:/Users/laptop/simple-rest-scala/,root))),true,None)
Sending msg to client play-fork-run-710b6a26-5dfd-4287-8c4e-3e0816284587: TaskStarted(145,9439,None)
Sending msg to client play-fork-run-710b6a26-5dfd-4287-8c4e-3e0816284587: TaskFinished(145,9435,Some(AttributeKey[scala.collection.Seq[java.lang.String]]("javaOptions") in Scope(Global)),true,None)
Sending msg to client play-fork-run-710b6a26-5dfd-4287-8c4e-3e0816284587: TaskFinished(145,9454,Some(AttributeKey[scala.Option[scala.collection.Seq[sbt.Resolver]]]("bootResolvers") in Scope(Build: file:/C:/Users/laptop/simple-rest-scala/, , Project: ProjectReference(file:/C:/Users/laptop/simple-rest-scala/,root))),true,None)
Sending msg to client play-fork-run-710b6a26-5dfd-4287-8c4e-3e0816284587: TaskFinished(145,9455,Some(AttributeKey[scala.collection.Seq[sbt.Resolver]]("externalResolvers") in Scope(Build: file:/C:/Users/laptop/simple-rest-scala/, , Project: ProjectReference(file:/C:/Users/laptop/simple-rest-scala/,root))),true,None)
Sending msg to client play-fork-run-710b6a26-5dfd-4287-8c4e-3e0816284587: TaskFinished(145,9434,None,true,None)
Sending msg to client play-fork-run-710b6a26-5dfd-4287-8c4e-3e0816284587: TaskStarted(145,9433,Some(AttributeKey[scala.collection.Seq[java.lang.String]]("playMonitoredFiles") in Scope(Build: file:/C:/Users/laptop/simple-rest-scala/, , Project: ProjectReference(file:/C:/Users/laptop/simple-rest-scala/,root))))
Sending msg to client play-fork-run-710b6a26-5dfd-4287-8c4e-3e0816284587: TaskStarted(145,9447,Some(AttributeKey[sbt.BuildStructure]("buildStructure") in Scope(Global)))
Sending msg to client play-fork-run-710b6a26-5dfd-4287-8c4e-3e0816284587: TaskStarted(145,9472,Some(AttributeKey[java.io.File]("dependencyCacheDirectory") in Scope(Build: file:/C:/Users/laptop/simple-rest-scala/, , Project: ProjectReference(file:/C:/Users/laptop/simple-rest-scala/,root))))
Sending msg to client play-fork-run-710b6a26-5dfd-4287-8c4e-3e0816284587: TaskFinished(145,9464,Some(AttributeKey[boolean]("skip") in Scope(Global)),true,None)
Sending msg to client play-fork-run-710b6a26-5dfd-4287-8c4e-3e0816284587: TaskFinished(145,9460,Some(AttributeKey[scala.collection.Seq[sbt.Credentials]]("credentials") in Scope(Global)),true,None)
Sending msg to client play-fork-run-710b6a26-5dfd-4287-8c4e-3e0816284587: TaskFinished(145,9467,None,true,None)
Sending msg to client play-fork-run-710b6a26-5dfd-4287-8c4e-3e0816284587: TaskFinished(145,9468,Some(AttributeKey[java.lang.String]("updateCacheName") in Scope(Build: file:/C:/Users/laptop/simple-rest-scala/, , Project: ProjectReference(file:/C:/Users/laptop/simple-rest-scala/,root))),true,None)
Sending msg to client play-fork-run-710b6a26-5dfd-4287-8c4e-3e0816284587: TaskFinished(145,9473,None,true,None)
Sending msg to client play-fork-run-710b6a26-5dfd-4287-8c4e-3e0816284587: TaskFinished(145,9481,None,true,None)
Sending msg to client play-fork-run-710b6a26-5dfd-4287-8c4e-3e0816284587: TaskFinished(145,9442,None,true,None)
Sending msg to client play-fork-run-710b6a26-5dfd-4287-8c4e-3e0816284587: TaskFinished(145,9452,None,true,None)
Sending msg to client play-fork-run-710b6a26-5dfd-4287-8c4e-3e0816284587: TaskFinished(145,9459,None,true,None)
Sending msg to client play-fork-run-710b6a26-5dfd-4287-8c4e-3e0816284587: TaskFinished(145,9466,None,true,None)
Sending msg to client play-fork-run-710b6a26-5dfd-4287-8c4e-3e0816284587: TaskStarted(145,9465,Some(AttributeKey[scala.collection.Seq[sbt.UpdateReport]]("transitiveUpdate") in Scope(Build: file:/C:/Users/laptop/simple-rest-scala/, , Project: ProjectReference(file:/C:/Users/laptop/simple-rest-scala/,root))))
Sending msg to client play-fork-run-710b6a26-5dfd-4287-8c4e-3e0816284587: TaskFinished(145,9471,None,true,None)
Sending msg to client play-fork-run-710b6a26-5dfd-4287-8c4e-3e0816284587: TaskStarted(145,9470,Some(AttributeKey[scala.collection.immutable.Map[sbt.ModuleID,sbt.SourcePosition]]("dependencyPositions") in Scope(Build: file:/C:/Users/laptop/simple-rest-scala/, , Project: ProjectReference(file:/C:/Users/laptop/simple-rest-scala/,root))))
Sending msg to client play-fork-run-710b6a26-5dfd-4287-8c4e-3e0816284587: TaskFinished(145,9448,None,true,None)
Sending msg to client play-fork-run-710b6a26-5dfd-4287-8c4e-3e0816284587: TaskFinished(145,9482,None,true,None)
Sending msg to client play-fork-run-710b6a26-5dfd-4287-8c4e-3e0816284587: TaskFinished(145,9485,None,true,None)
Sending msg to client play-fork-run-710b6a26-5dfd-4287-8c4e-3e0816284587: TaskFinished(145,9486,None,true,None)
Sending msg to client play-fork-run-710b6a26-5dfd-4287-8c4e-3e0816284587: TaskFinished(145,9458,None,true,None)
Sending msg to client play-fork-run-710b6a26-5dfd-4287-8c4e-3e0816284587: TaskFinished(145,9439,None,true,None)
Sending msg to client play-fork-run-710b6a26-5dfd-4287-8c4e-3e0816284587: TaskStarted(145,9438,None)
Sending msg to client play-fork-run-710b6a26-5dfd-4287-8c4e-3e0816284587: TaskFinished(145,9433,Some(AttributeKey[scala.collection.Seq[java.lang.String]]("playMonitoredFiles") in Scope(Build: file:/C:/Users/laptop/simple-rest-scala/, , Project: ProjectReference(file:/C:/Users/laptop/simple-rest-scala/,root))),true,None)
Sending msg to client play-fork-run-710b6a26-5dfd-4287-8c4e-3e0816284587: TaskFinished(145,9447,Some(AttributeKey[sbt.BuildStructure]("buildStructure") in Scope(Global)),true,None)
Sending msg to client play-fork-run-710b6a26-5dfd-4287-8c4e-3e0816284587: TaskStarted(145,9446,Some(AttributeKey[sbt.Settings[sbt.Scope]]("settingsData") in Scope(Global)))
Sending msg to client play-fork-run-710b6a26-5dfd-4287-8c4e-3e0816284587: TaskFinished(145,9472,Some(AttributeKey[java.io.File]("dependencyCacheDirectory") in Scope(Build: file:/C:/Users/laptop/simple-rest-scala/, , Project: ProjectReference(file:/C:/Users/laptop/simple-rest-scala/,root))),true,None)
Sending msg to client play-fork-run-710b6a26-5dfd-4287-8c4e-3e0816284587: TaskFinished(145,9465,Some(AttributeKey[scala.collection.Seq[sbt.UpdateReport]]("transitiveUpdate") in Scope(Build: file:/C:/Users/laptop/simple-rest-scala/, , Project: ProjectReference(file:/C:/Users/laptop/simple-rest-scala/,root))),true,None)
Sending msg to client play-fork-run-710b6a26-5dfd-4287-8c4e-3e0816284587: TaskFinished(145,9438,None,true,None)
Sending msg to client play-fork-run-710b6a26-5dfd-4287-8c4e-3e0816284587: TaskStarted(145,9436,Some(AttributeKey[scala.collection.Seq[scala.Tuple2[java.lang.String,java.io.File]]]("playAllAssets") in Scope(Build: file:/C:/Users/laptop/simple-rest-scala/, , Project: ProjectReference(file:/C:/Users/laptop/simple-rest-scala/,root))))
Sending msg to client play-fork-run-710b6a26-5dfd-4287-8c4e-3e0816284587: TaskFinished(145,9446,Some(AttributeKey[sbt.Settings[sbt.Scope]]("settingsData") in Scope(Global)),true,None)
Sending msg to client play-fork-run-710b6a26-5dfd-4287-8c4e-3e0816284587: TaskStarted(145,9445,None)
Sending msg to client play-fork-run-710b6a26-5dfd-4287-8c4e-3e0816284587: TaskStarted(145,9457,Some(AttributeKey[scala.collection.immutable.Map[org.apache.ivy.core.module.id.ModuleRevisionId,org.apache.ivy.core.module.descriptor.ModuleDescriptor]]("projectDescriptors") in Scope(Build: file:/C:/Users/laptop/simple-rest-scala/, , Project: ProjectReference(file:/C:/Users/laptop/simple-rest-scala/,root))))
Sending msg to client play-fork-run-710b6a26-5dfd-4287-8c4e-3e0816284587: TaskStarted(145,9463,Some(AttributeKey[scala.collection.Seq[sbt.ModuleID]]("projectDependencies") in Scope(Build: file:/C:/Users/laptop/simple-rest-scala/, , Project: ProjectReference(file:/C:/Users/laptop/simple-rest-scala/,root))))
Sending msg to client play-fork-run-710b6a26-5dfd-4287-8c4e-3e0816284587: TaskStarted(145,9484,None)
Sending msg to client play-fork-run-710b6a26-5dfd-4287-8c4e-3e0816284587: TaskFinished(145,9436,Some(AttributeKey[scala.collection.Seq[scala.Tuple2[java.lang.String,java.io.File]]]("playAllAssets") in Scope(Build: file:/C:/Users/laptop/simple-rest-scala/, , Project: ProjectReference(file:/C:/Users/laptop/simple-rest-scala/,root))),true,None)
Sending msg to client play-fork-run-710b6a26-5dfd-4287-8c4e-3e0816284587: TaskStarted(145,9487,None)
Sending msg to client play-fork-run-710b6a26-5dfd-4287-8c4e-3e0816284587: TaskStarted(145,9489,None)
Sending msg to client play-fork-run-710b6a26-5dfd-4287-8c4e-3e0816284587: TaskFinished(145,9463,Some(AttributeKey[scala.collection.Seq[sbt.ModuleID]]("projectDependencies") in Scope(Build: file:/C:/Users/laptop/simple-rest-scala/, , Project: ProjectReference(file:/C:/Users/laptop/simple-rest-scala/,root))),true,None)
Sending msg to client play-fork-run-710b6a26-5dfd-4287-8c4e-3e0816284587: TaskStarted(145,9462,Some(AttributeKey[scala.collection.Seq[sbt.ModuleID]]("allDependencies") in Scope(Build: file:/C:/Users/laptop/simple-rest-scala/, , Project: ProjectReference(file:/C:/Users/laptop/simple-rest-scala/,root))))
Sending msg to client play-fork-run-710b6a26-5dfd-4287-8c4e-3e0816284587: TaskStarted(145,9494,None)
Sending msg to client play-fork-run-710b6a26-5dfd-4287-8c4e-3e0816284587: TaskStarted(145,9496,None)
Sending msg to client play-fork-run-710b6a26-5dfd-4287-8c4e-3e0816284587: TaskStarted(145,9497,None)
Sending msg to client play-fork-run-710b6a26-5dfd-4287-8c4e-3e0816284587: TaskStarted(145,9499,None)
Sending msg to client play-fork-run-710b6a26-5dfd-4287-8c4e-3e0816284587: TaskStarted(145,9500,None)
Sending msg to client play-fork-run-710b6a26-5dfd-4287-8c4e-3e0816284587: TaskFinished(145,9487,None,true,None)
Sending msg to client play-fork-run-710b6a26-5dfd-4287-8c4e-3e0816284587: TaskFinished(145,9445,None,true,None)
Sending msg to client play-fork-run-710b6a26-5dfd-4287-8c4e-3e0816284587: TaskFinished(145,9489,None,true,None)
Sending msg to client play-fork-run-710b6a26-5dfd-4287-8c4e-3e0816284587: TaskStarted(145,9488,None)
Sending msg to client play-fork-run-710b6a26-5dfd-4287-8c4e-3e0816284587: TaskFinished(145,9462,Some(AttributeKey[scala.collection.Seq[sbt.ModuleID]]("allDependencies") in Scope(Build: file:/C:/Users/laptop/simple-rest-scala/, , Project: ProjectReference(file:/C:/Users/laptop/simple-rest-scala/,root))),true,None)
Sending msg to client play-fork-run-710b6a26-5dfd-4287-8c4e-3e0816284587: TaskStarted(145,9461,Some(AttributeKey[sbt.ModuleSettings]("moduleSettings") in Scope(Build: file:/C:/Users/laptop/simple-rest-scala/, , Project: ProjectReference(file:/C:/Users/laptop/simple-rest-scala/,root))))
Sending msg to client play-fork-run-710b6a26-5dfd-4287-8c4e-3e0816284587: TaskFinished(145,9494,None,true,None)
Sending msg to client play-fork-run-710b6a26-5dfd-4287-8c4e-3e0816284587: TaskStarted(145,9493,None)
Sending msg to client play-fork-run-710b6a26-5dfd-4287-8c4e-3e0816284587: TaskFinished(145,9496,None,true,None)
Sending msg to client play-fork-run-710b6a26-5dfd-4287-8c4e-3e0816284587: TaskFinished(145,9497,None,true,None)
Sending msg to client play-fork-run-710b6a26-5dfd-4287-8c4e-3e0816284587: TaskStarted(145,9495,Some(AttributeKey[scala.collection.Seq[sbt.Attributed[java.io.File]]]("unmanagedJars") in Scope(Build: file:/C:/Users/laptop/simple-rest-scala/, , Project: ProjectReference(file:/C:/Users/laptop/simple-rest-scala/,root), Config: compile)))
Sending msg to client play-fork-run-710b6a26-5dfd-4287-8c4e-3e0816284587: TaskFinished(145,9500,None,true,None)
Sending msg to client play-fork-run-710b6a26-5dfd-4287-8c4e-3e0816284587: TaskFinished(145,9499,None,true,None)
Sending msg to client play-fork-run-710b6a26-5dfd-4287-8c4e-3e0816284587: TaskStarted(145,9498,Some(AttributeKey[scala.collection.Seq[sbt.Attributed[java.io.File]]]("unmanagedJars") in Scope(Build: file:/C:/Users/laptop/simple-rest-scala/, , Project: ProjectReference(file:/C:/Users/laptop/simple-rest-scala/,root), Config: runtime)))
Sending msg to client play-fork-run-710b6a26-5dfd-4287-8c4e-3e0816284587: TaskFinished(145,9488,None,true,None)
Sending msg to client play-fork-run-710b6a26-5dfd-4287-8c4e-3e0816284587: TaskFinished(145,9457,Some(AttributeKey[scala.collection.immutable.Map[org.apache.ivy.core.module.id.ModuleRevisionId,org.apache.ivy.core.module.descriptor.ModuleDescriptor]]("projectDescriptors") in Scope(Build: file:/C:/Users/laptop/simple-rest-scala/, , Project: ProjectReference(file:/C:/Users/laptop/simple-rest-scala/,root))),true,None)
Sending msg to client play-fork-run-710b6a26-5dfd-4287-8c4e-3e0816284587: TaskStarted(145,9456,Some(AttributeKey[sbt.Resolver]("projectResolver") in Scope(Build: file:/C:/Users/laptop/simple-rest-scala/, , Project: ProjectReference(file:/C:/Users/laptop/simple-rest-scala/,root))))
Sending msg to client play-fork-run-710b6a26-5dfd-4287-8c4e-3e0816284587: TaskFinished(145,9461,Some(AttributeKey[sbt.ModuleSettings]("moduleSettings") in Scope(Build: file:/C:/Users/laptop/simple-rest-scala/, , Project: ProjectReference(file:/C:/Users/laptop/simple-rest-scala/,root))),true,None)
Sending msg to client play-fork-run-710b6a26-5dfd-4287-8c4e-3e0816284587: TaskStarted(145,9501,None)
Sending msg to client play-fork-run-710b6a26-5dfd-4287-8c4e-3e0816284587: TaskFinished(145,9495,Some(AttributeKey[scala.collection.Seq[sbt.Attributed[java.io.File]]]("unmanagedJars") in Scope(Build: file:/C:/Users/laptop/simple-rest-scala/, , Project: ProjectReference(file:/C:/Users/laptop/simple-rest-scala/,root), Config: compile)),true,None)
Sending msg to client play-fork-run-710b6a26-5dfd-4287-8c4e-3e0816284587: TaskFinished(145,9498,Some(AttributeKey[scala.collection.Seq[sbt.Attributed[java.io.File]]]("unmanagedJars") in Scope(Build: file:/C:/Users/laptop/simple-rest-scala/, , Project: ProjectReference(file:/C:/Users/laptop/simple-rest-scala/,root), Config: runtime)),true,None)
Sending msg to client play-fork-run-710b6a26-5dfd-4287-8c4e-3e0816284587: TaskFinished(145,9456,Some(AttributeKey[sbt.Resolver]("projectResolver") in Scope(Build: file:/C:/Users/laptop/simple-rest-scala/, , Project: ProjectReference(file:/C:/Users/laptop/simple-rest-scala/,root))),true,None)
Sending msg to client play-fork-run-710b6a26-5dfd-4287-8c4e-3e0816284587: TaskStarted(145,9453,Some(AttributeKey[scala.collection.Seq[sbt.Resolver]]("fullResolvers") in Scope(Build: file:/C:/Users/laptop/simple-rest-scala/, , Project: ProjectReference(file:/C:/Users/laptop/simple-rest-scala/,root))))
Sending msg to client play-fork-run-710b6a26-5dfd-4287-8c4e-3e0816284587: TaskFinished(145,9501,None,true,None)
Sending msg to client play-fork-run-710b6a26-5dfd-4287-8c4e-3e0816284587: TaskFinished(145,9493,None,true,None)
Sending msg to client play-fork-run-710b6a26-5dfd-4287-8c4e-3e0816284587: TaskStarted(145,9492,Some(AttributeKey[scala.collection.Seq[sbt.Attributed[java.io.File]]]("unmanagedJars") in Scope(Build: file:/C:/Users/laptop/simple-rest-scala/, , Project: ProjectReference(file:/C:/Users/laptop/simple-rest-scala/,root), Config: compile)))
Sending msg to client play-fork-run-710b6a26-5dfd-4287-8c4e-3e0816284587: TaskFinished(145,9470,Some(AttributeKey[scala.collection.immutable.Map[sbt.ModuleID,sbt.SourcePosition]]("dependencyPositions") in Scope(Build: file:/C:/Users/laptop/simple-rest-scala/, , Project: ProjectReference(file:/C:/Users/laptop/simple-rest-scala/,root))),true,None)
Sending msg to client play-fork-run-710b6a26-5dfd-4287-8c4e-3e0816284587: TaskStarted(145,9469,Some(AttributeKey[sbt.UnresolvedWarningConfiguration]("unresolvedWarningConfiguration") in Scope(Build: file:/C:/Users/laptop/simple-rest-scala/, , Project: ProjectReference(file:/C:/Users/laptop/simple-rest-scala/,root), Task: AttributeKey[sbt.UpdateReport]("update"))))
Sending msg to client play-fork-run-710b6a26-5dfd-4287-8c4e-3e0816284587: TaskFinished(145,9453,Some(AttributeKey[scala.collection.Seq[sbt.Resolver]]("fullResolvers") in Scope(Build: file:/C:/Users/laptop/simple-rest-scala/, , Project: ProjectReference(file:/C:/Users/laptop/simple-rest-scala/,root))),true,None)
Sending msg to client play-fork-run-710b6a26-5dfd-4287-8c4e-3e0816284587: TaskStarted(145,9451,Some(AttributeKey[sbt.IvyConfiguration]("ivyConfiguration") in Scope(Build: file:/C:/Users/laptop/simple-rest-scala/, , Project: ProjectReference(file:/C:/Users/laptop/simple-rest-scala/,root))))
Sending msg to client play-fork-run-710b6a26-5dfd-4287-8c4e-3e0816284587: TaskFinished(145,9492,Some(AttributeKey[scala.collection.Seq[sbt.Attributed[java.io.File]]]("unmanagedJars") in Scope(Build: file:/C:/Users/laptop/simple-rest-scala/, , Project: ProjectReference(file:/C:/Users/laptop/simple-rest-scala/,root), Config: compile)),true,None)
Sending msg to client play-fork-run-710b6a26-5dfd-4287-8c4e-3e0816284587: TaskStarted(145,9491,None)
Sending msg to client play-fork-run-710b6a26-5dfd-4287-8c4e-3e0816284587: TaskFinished(145,9469,Some(AttributeKey[sbt.UnresolvedWarningConfiguration]("unresolvedWarningConfiguration") in Scope(Build: file:/C:/Users/laptop/simple-rest-scala/, , Project: ProjectReference(file:/C:/Users/laptop/simple-rest-scala/,root), Task: AttributeKey[sbt.UpdateReport]("update"))),true,None)
Sending msg to client play-fork-run-710b6a26-5dfd-4287-8c4e-3e0816284587: TaskFinished(145,9451,Some(AttributeKey[sbt.IvyConfiguration]("ivyConfiguration") in Scope(Build: file:/C:/Users/laptop/simple-rest-scala/, , Project: ProjectReference(file:/C:/Users/laptop/simple-rest-scala/,root))),true,None)
Sending msg to client play-fork-run-710b6a26-5dfd-4287-8c4e-3e0816284587: TaskStarted(145,9450,Some(AttributeKey[sbt.IvySbt]("ivySbt") in Scope(Build: file:/C:/Users/laptop/simple-rest-scala/, , Project: ProjectReference(file:/C:/Users/laptop/simple-rest-scala/,root))))
Sending msg to client play-fork-run-710b6a26-5dfd-4287-8c4e-3e0816284587: TaskFinished(145,9491,None,true,None)
Sending msg to client play-fork-run-710b6a26-5dfd-4287-8c4e-3e0816284587: TaskStarted(145,9490,None)
Sending msg to client play-fork-run-710b6a26-5dfd-4287-8c4e-3e0816284587: TaskFinished(145,9450,Some(AttributeKey[sbt.IvySbt]("ivySbt") in Scope(Build: file:/C:/Users/laptop/simple-rest-scala/, , Project: ProjectReference(file:/C:/Users/laptop/simple-rest-scala/,root))),true,None)
Sending msg to client play-fork-run-710b6a26-5dfd-4287-8c4e-3e0816284587: TaskStarted(145,9449,Some(AttributeKey[sbt.IvySbt$Module]("ivyModule") in Scope(Build: file:/C:/Users/laptop/simple-rest-scala/, , Project: ProjectReference(file:/C:/Users/laptop/simple-rest-scala/,root))))
Sending msg to client play-fork-run-710b6a26-5dfd-4287-8c4e-3e0816284587: TaskFinished(145,9490,None,true,None)
Sending msg to client play-fork-run-710b6a26-5dfd-4287-8c4e-3e0816284587: TaskFinished(145,9484,None,true,None)
Sending msg to client play-fork-run-710b6a26-5dfd-4287-8c4e-3e0816284587: TaskStarted(145,9483,Some(AttributeKey[scala.collection.Seq[sbt.Attributed[java.io.File]]]("unmanagedClasspath") in Scope(Build: file:/C:/Users/laptop/simple-rest-scala/, , Project: ProjectReference(file:/C:/Users/laptop/simple-rest-scala/,root), Config: runtime)))
Sending msg to client play-fork-run-710b6a26-5dfd-4287-8c4e-3e0816284587: TaskFinished(145,9449,Some(AttributeKey[sbt.IvySbt$Module]("ivyModule") in Scope(Build: file:/C:/Users/laptop/simple-rest-scala/, , Project: ProjectReference(file:/C:/Users/laptop/simple-rest-scala/,root))),true,None)
Sending msg to client play-fork-run-710b6a26-5dfd-4287-8c4e-3e0816284587: TaskStarted(145,9444,Some(AttributeKey[sbt.UpdateReport]("update") in Scope(Build: file:/C:/Users/laptop/simple-rest-scala/, , Project: ProjectReference(file:/C:/Users/laptop/simple-rest-scala/,root))))
Sending msg to client play-fork-run-710b6a26-5dfd-4287-8c4e-3e0816284587: TaskFinished(145,9483,Some(AttributeKey[scala.collection.Seq[sbt.Attributed[java.io.File]]]("unmanagedClasspath") in Scope(Build: file:/C:/Users/laptop/simple-rest-scala/, , Project: ProjectReference(file:/C:/Users/laptop/simple-rest-scala/,root), Config: runtime)),true,None)
Sending msg to client play-fork-run-710b6a26-5dfd-4287-8c4e-3e0816284587: TaskFinished(145,9444,Some(AttributeKey[sbt.UpdateReport]("update") in Scope(Build: file:/C:/Users/laptop/simple-rest-scala/, , Project: ProjectReference(file:/C:/Users/laptop/simple-rest-scala/,root))),true,None)
Sending msg to client play-fork-run-710b6a26-5dfd-4287-8c4e-3e0816284587: TaskStarted(145,9441,Some(AttributeKey[sbt.UpdateReport]("update") in Scope(Build: file:/C:/Users/laptop/simple-rest-scala/, , Project: ProjectReference(file:/C:/Users/laptop/simple-rest-scala/,root))))
Sending msg to client play-fork-run-710b6a26-5dfd-4287-8c4e-3e0816284587: TaskFinished(145,9441,Some(AttributeKey[sbt.UpdateReport]("update") in Scope(Build: file:/C:/Users/laptop/simple-rest-scala/, , Project: ProjectReference(file:/C:/Users/laptop/simple-rest-scala/,root))),true,None)
Sending msg to client play-fork-run-710b6a26-5dfd-4287-8c4e-3e0816284587: TaskStarted(145,9440,Some(AttributeKey[scala.collection.Seq[sbt.Attributed[java.io.File]]]("managedClasspath") in Scope(Build: file:/C:/Users/laptop/simple-rest-scala/, , Project: ProjectReference(file:/C:/Users/laptop/simple-rest-scala/,root), Config: docs)))
Sending msg to client play-fork-run-710b6a26-5dfd-4287-8c4e-3e0816284587: TaskStarted(145,9480,Some(AttributeKey[sbt.Configuration]("classpathConfiguration") in Scope(Build: file:/C:/Users/laptop/simple-rest-scala/, , Project: ProjectReference(file:/C:/Users/laptop/simple-rest-scala/,root), Config: compile)))
Sending msg to client play-fork-run-710b6a26-5dfd-4287-8c4e-3e0816284587: TaskFinished(145,9440,Some(AttributeKey[scala.collection.Seq[sbt.Attributed[java.io.File]]]("managedClasspath") in Scope(Build: file:/C:/Users/laptop/simple-rest-scala/, , Project: ProjectReference(file:/C:/Users/laptop/simple-rest-scala/,root), Config: docs)),true,None)
Sending msg to client play-fork-run-710b6a26-5dfd-4287-8c4e-3e0816284587: TaskFinished(145,9480,Some(AttributeKey[sbt.Configuration]("classpathConfiguration") in Scope(Build: file:/C:/Users/laptop/simple-rest-scala/, , Project: ProjectReference(file:/C:/Users/laptop/simple-rest-scala/,root), Config: compile)),true,None)
Sending msg to client play-fork-run-710b6a26-5dfd-4287-8c4e-3e0816284587: TaskStarted(145,9479,None)
Sending msg to client play-fork-run-710b6a26-5dfd-4287-8c4e-3e0816284587: TaskFinished(145,9479,None,true,None)
Sending msg to client play-fork-run-710b6a26-5dfd-4287-8c4e-3e0816284587: TaskStarted(145,9478,Some(AttributeKey[sbt.Configuration]("classpathConfiguration") in Scope(Build: file:/C:/Users/laptop/simple-rest-scala/, , Project: ProjectReference(file:/C:/Users/laptop/simple-rest-scala/,root), Config: runtime)))
Sending msg to client play-fork-run-710b6a26-5dfd-4287-8c4e-3e0816284587: TaskFinished(145,9478,Some(AttributeKey[sbt.Configuration]("classpathConfiguration") in Scope(Build: file:/C:/Users/laptop/simple-rest-scala/, , Project: ProjectReference(file:/C:/Users/laptop/simple-rest-scala/,root), Config: runtime)),true,None)
Sending msg to client play-fork-run-710b6a26-5dfd-4287-8c4e-3e0816284587: TaskStarted(145,9477,None)
Sending msg to client play-fork-run-710b6a26-5dfd-4287-8c4e-3e0816284587: TaskFinished(145,9477,None,true,None)
Sending msg to client play-fork-run-710b6a26-5dfd-4287-8c4e-3e0816284587: TaskStarted(145,9476,Some(AttributeKey[scala.collection.Seq[sbt.Attributed[java.io.File]]]("managedClasspath") in Scope(Build: file:/C:/Users/laptop/simple-rest-scala/, , Project: ProjectReference(file:/C:/Users/laptop/simple-rest-scala/,root), Config: runtime)))
Sending msg to client play-fork-run-710b6a26-5dfd-4287-8c4e-3e0816284587: TaskFinished(145,9476,Some(AttributeKey[scala.collection.Seq[sbt.Attributed[java.io.File]]]("managedClasspath") in Scope(Build: file:/C:/Users/laptop/simple-rest-scala/, , Project: ProjectReference(file:/C:/Users/laptop/simple-rest-scala/,root), Config: runtime)),true,None)
Sending msg to client play-fork-run-710b6a26-5dfd-4287-8c4e-3e0816284587: TaskStarted(145,9475,None)
Sending msg to client play-fork-run-710b6a26-5dfd-4287-8c4e-3e0816284587: TaskFinished(145,9475,None,true,None)
Sending msg to client play-fork-run-710b6a26-5dfd-4287-8c4e-3e0816284587: TaskStarted(145,9474,Some(AttributeKey[scala.collection.Seq[sbt.Attributed[java.io.File]]]("playDependencyClasspath") in Scope(Build: file:/C:/Users/laptop/simple-rest-scala/, , Project: ProjectReference(file:/C:/Users/laptop/simple-rest-scala/,root))))
Sending msg to client play-fork-run-710b6a26-5dfd-4287-8c4e-3e0816284587: TaskFinished(145,9474,Some(AttributeKey[scala.collection.Seq[sbt.Attributed[java.io.File]]]("playDependencyClasspath") in Scope(Build: file:/C:/Users/laptop/simple-rest-scala/, , Project: ProjectReference(file:/C:/Users/laptop/simple-rest-scala/,root))),true,None)
Sending msg to client play-fork-run-710b6a26-5dfd-4287-8c4e-3e0816284587: TaskStarted(145,9432,Some(AttributeKey[play.forkrun.protocol.ForkConfig]("playForkConfig") in Scope(Build: file:/C:/Users/laptop/simple-rest-scala/, , Project: ProjectReference(file:/C:/Users/laptop/simple-rest-scala/,root))))
Sending msg to client play-fork-run-710b6a26-5dfd-4287-8c4e-3e0816284587: TaskFinished(145,9432,Some(AttributeKey[play.forkrun.protocol.ForkConfig]("playForkConfig") in Scope(Build: file:/C:/Users/laptop/simple-rest-scala/, , Project: ProjectReference(file:/C:/Users/laptop/simple-rest-scala/,root))),true,None)
Sending msg to client play-fork-run-710b6a26-5dfd-4287-8c4e-3e0816284587: ValueChanged(AttributeKey[play.forkrun.protocol.ForkConfig]("playForkConfig") in Scope(Build: file:/C:/Users/laptop/simple-rest-scala/, , Project: ProjectReference(file:/C:/Users/laptop/simple-rest-scala/,root)),TaskSuccess(BuildValue(LazyValue(ForkConfig(C:\Users\laptop\simple-rest-scala,List(),List(C:\Users\laptop\.sbt\boot\scala-2.10.4\lib\scala-library.jar, C:\Users\laptop\.ivy2\cache\com.typesafe.play\twirl-api_2.10\jars\twirl-api_2.10-1.0.2.jar, C:\Users\laptop\.ivy2\cache\org.apache.commons\commons-lang3\jars\commons-lang3-3.1.jar, C:\Users\laptop\.ivy2\cache\com.typesafe.play\play_2.10\jars\play_2.10-2.3.10.jar, C:\Users\laptop\.ivy2\cache\com.typesafe.play\build-link\jars\build-link-2.3.10.jar, C:\Users\laptop\.ivy2\cache\com.typesafe.play\play-exceptions\jars\play-exceptions-2.3.10.jar, C:\Users\laptop\.ivy2\cache\org.javassist\javassist\bundles\javassist-3.18.2-GA.jar, C:\Users\laptop\.ivy2\cache\com.typesafe.play\play-iteratees_2.10\jars\play-iteratees_2.10-2.3.10.jar, D:\activator-dist-1.3.12\repository\org.scala-stm\scala-stm_2.10\0.7\jars\scala-stm_2.10.jar, C:\Users\laptop\.ivy2\cache\com.typesafe\config\bundles\config-1.2.1.jar, C:\Users\laptop\.ivy2\cache\com.typesafe.play\play-json_2.10\jars\play-json_2.10-2.3.10.jar, C:\Users\laptop\.ivy2\cache\com.typesafe.play\play-functional_2.10\jars\play-functional_2.10-2.3.10.jar, C:\Users\laptop\.ivy2\cache\com.typesafe.play\play-datacommons_2.10\jars\play-datacommons_2.10-2.3.10.jar, C:\Users\laptop\.ivy2\cache\joda-time\joda-time\jars\joda-time-2.3.jar, C:\Users\laptop\.ivy2\cache\org.joda\joda-convert\jars\joda-convert-1.6.jar, C:\Users\laptop\.ivy2\cache\com.fasterxml.jackson.core\jackson-annotations\bundles\jackson-annotations-2.3.2.jar, C:\Users\laptop\.ivy2\cache\com.fasterxml.jackson.core\jackson-core\bundles\jackson-core-2.3.2.jar, C:\Users\laptop\.ivy2\cache\com.fasterxml.jackson.core\jackson-databind\bundles\jackson-databind-2.3.2.jar, C:\Users\laptop\.sbt\boot\scala-2.10.4\lib\scala-reflect.jar, C:\Users\laptop\.ivy2\cache\io.netty\netty\bundles\netty-3.9.9.Final.jar, C:\Users\laptop\.ivy2\cache\com.typesafe.netty\netty-http-pipelining\jars\netty-http-pipelining-1.1.2.jar, C:\Users\laptop\.ivy2\cache\org.slf4j\slf4j-api\jars\slf4j-api-1.7.6.jar, C:\Users\laptop\.ivy2\cache\org.slf4j\jul-to-slf4j\jars\jul-to-slf4j-1.7.6.jar, C:\Users\laptop\.ivy2\cache\org.slf4j\jcl-over-slf4j\jars\jcl-over-slf4j-1.7.6.jar, C:\Users\laptop\.ivy2\cache\ch.qos.logback\logback-core\jars\logback-core-1.1.1.jar, C:\Users\laptop\.ivy2\cache\ch.qos.logback\logback-classic\jars\logback-classic-1.1.1.jar, C:\Users\laptop\.ivy2\cache\com.typesafe.akka\akka-actor_2.10\jars\akka-actor_2.10-2.3.4.jar, C:\Users\laptop\.ivy2\cache\com.typesafe.akka\akka-slf4j_2.10\jars\akka-slf4j_2.10-2.3.4.jar, C:\Users\laptop\.ivy2\cache\commons-codec\commons-codec\jars\commons-codec-1.9.jar, C:\Users\laptop\.ivy2\cache\xerces\xercesImpl\jars\xercesImpl-2.11.0.jar, C:\Users\laptop\.ivy2\cache\xml-apis\xml-apis\jars\xml-apis-1.4.01.jar, C:\Users\laptop\.ivy2\cache\javax.transaction\jta\jars\jta-1.1.jar),List((public/,C:\Users\laptop\simple-rest-scala\target\web\public\main)),List(C:\Users\laptop\.ivy2\cache\com.typesafe.play\play-docs_2.10\jars\play-docs_2.10-2.3.10.jar, C:\Users\laptop\.sbt\boot\scala-2.10.4\lib\scala-library.jar, C:\Users\laptop\.ivy2\cache\com.typesafe.play\play_2.10\jars\play_2.10-2.3.10.jar, C:\Users\laptop\.ivy2\cache\com.typesafe.play\build-link\jars\build-link-2.3.10.jar, C:\Users\laptop\.ivy2\cache\com.typesafe.play\play-exceptions\jars\play-exceptions-2.3.10.jar, C:\Users\laptop\.ivy2\cache\org.javassist\javassist\bundles\javassist-3.18.2-GA.jar, C:\Users\laptop\.ivy2\cache\com.typesafe.play\play-iteratees_2.10\jars\play-iteratees_2.10-2.3.10.jar, D:\activator-dist-1.3.12\repository\org.scala-stm\scala-stm_2.10\0.7\jars\scala-stm_2.10.jar, C:\Users\laptop\.ivy2\cache\com.typesafe\config\bundles\config-1.2.1.jar, C:\Users\laptop\.ivy2\cache\com.typesafe.play\play-json_2.10\jars\play-json_2.10-2.3.10.jar, C:\Users\laptop\.ivy2\cache\com.typesafe.play\play-functional_2.10\jars\play-functional_2.10-2.3.10.jar, C:\Users\laptop\.ivy2\cache\com.typesafe.play\play-datacommons_2.10\jars\play-datacommons_2.10-2.3.10.jar, C:\Users\laptop\.ivy2\cache\joda-time\joda-time\jars\joda-time-2.3.jar, C:\Users\laptop\.ivy2\cache\org.joda\joda-convert\jars\joda-convert-1.6.jar, C:\Users\laptop\.ivy2\cache\com.fasterxml.jackson.core\jackson-annotations\bundles\jackson-annotations-2.3.2.jar, C:\Users\laptop\.ivy2\cache\com.fasterxml.jackson.core\jackson-core\bundles\jackson-core-2.3.2.jar, C:\Users\laptop\.ivy2\cache\com.fasterxml.jackson.core\jackson-databind\bundles\jackson-databind-2.3.2.jar, C:\Users\laptop\.sbt\boot\scala-2.10.4\lib\scala-reflect.jar, C:\Users\laptop\.ivy2\cache\com.typesafe.play\twirl-api_2.10\jars\twirl-api_2.10-1.0.2.jar, C:\Users\laptop\.ivy2\cache\org.apache.commons\commons-lang3\jars\commons-lang3-3.1.jar, C:\Users\laptop\.ivy2\cache\io.netty\netty\bundles\netty-3.9.9.Final.jar, C:\Users\laptop\.ivy2\cache\com.typesafe.netty\netty-http-pipelining\jars\netty-http-pipelining-1.1.2.jar, C:\Users\laptop\.ivy2\cache\org.slf4j\slf4j-api\jars\slf4j-api-1.7.6.jar, C:\Users\laptop\.ivy2\cache\org.slf4j\jul-to-slf4j\jars\jul-to-slf4j-1.7.6.jar, C:\Users\laptop\.ivy2\cache\org.slf4j\jcl-over-slf4j\jars\jcl-over-slf4j-1.7.6.jar, C:\Users\laptop\.ivy2\cache\ch.qos.logback\logback-core\jars\logback-core-1.1.1.jar, C:\Users\laptop\.ivy2\cache\ch.qos.logback\logback-classic\jars\logback-classic-1.1.1.jar, C:\Users\laptop\.ivy2\cache\com.typesafe.akka\akka-actor_2.10\jars\akka-actor_2.10-2.3.4.jar, C:\Users\laptop\.ivy2\cache\com.typesafe.akka\akka-slf4j_2.10\jars\akka-slf4j_2.10-2.3.4.jar, C:\Users\laptop\.ivy2\cache\commons-codec\commons-codec\jars\commons-codec-1.9.jar, C:\Users\laptop\.ivy2\cache\xerces\xercesImpl\jars\xercesImpl-2.11.0.jar, C:\Users\laptop\.ivy2\cache\xml-apis\xml-apis\jars\xml-apis-1.4.01.jar, C:\Users\laptop\.ivy2\cache\javax.transaction\jta\jars\jta-1.1.jar, C:\Users\laptop\.ivy2\cache\com.typesafe.play\play-doc_2.10\jars\play-doc_2.10-1.1.0.jar, C:\Users\laptop\.ivy2\cache\org.pegdown\pegdown\jars\pegdown-1.4.0.jar, C:\Users\laptop\.ivy2\cache\org.parboiled\parboiled-java\bundles\parboiled-java-1.1.5.jar, C:\Users\laptop\.ivy2\cache\org.parboiled\parboiled-core\bundles\parboiled-core-1.1.5.jar, C:\Users\laptop\.ivy2\cache\org.ow2.asm\asm\jars\asm-4.1.jar, C:\Users\laptop\.ivy2\cache\org.ow2.asm\asm-tree\jars\asm-tree-4.1.jar, C:\Users\laptop\.ivy2\cache\org.ow2.asm\asm-analysis\jars\asm-analysis-4.1.jar, C:\Users\laptop\.ivy2\cache\org.ow2.asm\asm-util\jars\asm-util-4.1.jar, C:\Users\laptop\.ivy2\cache\commons-io\commons-io\jars\commons-io-2.4.jar),List(),9000,DefaultWatchService,List(C:\Users\laptop\simple-rest-scala\app-2.10, C:\Users\laptop\simple-rest-scala\app, C:\Users\laptop\simple-rest-scala\conf, C:\Users\laptop\simple-rest-scala\app\assets, C:\Users\laptop\simple-rest-scala\public),C:\Users\laptop\simple-rest-scala\target,500,root/playForkNotifyStart,root/playForkReload,300000),scala.pickling.PicklerUnpickler$DelegatingPicklerUnpickler@48f24582),ForkConfig(C:\Users\laptop\simple-rest-scala,List(),List(C:\Users\laptop\.sbt\boot\scala-2.10.4\lib\scala-library.jar, C:\Users\laptop\.ivy2\cache\com.typesafe.play\twirl-api_2.10\jars\twirl-api_2.10-1.0.2.jar, C:\Users\laptop\.ivy2\cache\org.apache.commons\commons-lang3\jars\commons-lang3-3.1.jar, C:\Users\laptop\.ivy2\cache\com.typesafe.play\play_2.10\jars\play_2.10-2.3.10.jar, C:\Users\laptop\.ivy2\cache\com.typesafe.play\build-link\jars\build-link-2.3.10.jar, C:\Users\laptop\.ivy2\cache\com.typesafe.play\play-exceptions\jars\play-exceptions-2.3.10.jar, C:\Users\laptop\.ivy2\cache\org.javassist\javassist\bundles\javassist-3.18.2-GA.jar, C:\Users\laptop\.ivy2\cache\com.typesafe.play\play-iteratees_2.10\jars\play-iteratees_2.10-2.3.10.jar, D:\activator-dist-1.3.12\repository\org.scala-stm\scala-stm_2.10\0.7\jars\scala-stm_2.10.jar, C:\Users\laptop\.ivy2\cache\com.typesafe\config\bundles\config-1.2.1.jar, C:\Users\laptop\.ivy2\cache\com.typesafe.play\play-json_2.10\jars\play-json_2.10-2.3.10.jar, C:\Users\laptop\.ivy2\cache\com.typesafe.play\play-functional_2.10\jars\play-functional_2.10-2.3.10.jar, C:\Users\laptop\.ivy2\cache\com.typesafe.play\play-datacommons_2.10\jars\play-datacommons_2.10-2.3.10.jar, C:\Users\laptop\.ivy2\cache\joda-time\joda-time\jars\joda-time-2.3.jar, C:\Users\laptop\.ivy2\cache\org.joda\joda-convert\jars\joda-convert-1.6.jar, C:\Users\laptop\.ivy2\cache\com.fasterxml.jackson.core\jackson-annotations\bundles\jackson-annotations-2.3.2.jar, C:\Users\laptop\.ivy2\cache\com.fasterxml.jackson.core\jackson-core\bundles\jackson-core-2.3.2.jar, C:\Users\laptop\.ivy2\cache\com.fasterxml.jackson.core\jackson-databind\bundles\jackson-databind-2.3.2.jar, C:\Users\laptop\.sbt\boot\scala-2.10.4\lib\scala-reflect.jar, C:\Users\laptop\.ivy2\cache\io.netty\netty\bundles\netty-3.9.9.Final.jar, C:\Users\laptop\.ivy2\cache\com.typesafe.netty\netty-http-pipelining\jars\netty-http-pipelining-1.1.2.jar, C:\Users\laptop\.ivy2\cache\org.slf4j\slf4j-api\jars\slf4j-api-1.7.6.jar, C:\Users\laptop\.ivy2\cache\org.slf4j\jul-to-slf4j\jars\jul-to-slf4j-1.7.6.jar, C:\Users\laptop\.ivy2\cache\org.slf4j\jcl-over-slf4j\jars\jcl-over-slf4j-1.7.6.jar, C:\Users\laptop\.ivy2\cache\ch.qos.logback\logback-core\jars\logback-core-1.1.1.jar, C:\Users\laptop\.ivy2\cache\ch.qos.logback\logback-classic\jars\logback-classic-1.1.1.jar, C:\Users\laptop\.ivy2\cache\com.typesafe.akka\akka-actor_2.10\jars\akka-actor_2.10-2.3.4.jar, C:\Users\laptop\.ivy2\cache\com.typesafe.akka\akka-slf4j_2.10\jars\akka-slf4j_2.10-2.3.4.jar, C:\Users\laptop\.ivy2\cache\commons-codec\commons-codec\jars\commons-codec-1.9.jar, C:\Users\laptop\.ivy2\cache\xerces\xercesImpl\jars\xercesImpl-2.11.0.jar, C:\Users\laptop\.ivy2\cache\xml-apis\xml-apis\jars\xml-apis-1.4.01.jar, C:\Users\laptop\.ivy2\cache\javax.transaction\jta\jars\jta-1.1.jar),List((public/,C:\Users\laptop\simple-rest-scala\target\web\public\main)),List(C:\Users\laptop\.ivy2\cache\com.typesafe.play\play-docs_2.10\jars\play-docs_2.10-2.3.10.jar, C:\Users\laptop\.sbt\boot\scala-2.10.4\lib\scala-library.jar, C:\Users\laptop\.ivy2\cache\com.typesafe.play\play_2.10\jars\play_2.10-2.3.10.jar, C:\Users\laptop\.ivy2\cache\com.typesafe.play\build-link\jars\build-link-2.3.10.jar, C:\Users\laptop\.ivy2\cache\com.typesafe.play\play-exceptions\jars\play-exceptions-2.3.10.jar, C:\Users\laptop\.ivy2\cache\org.javassist\javassist\bundles\javassist-3.18.2-GA.jar, C:\Users\laptop\.ivy2\cache\com.typesafe.play\play-iteratees_2.10\jars\play-iteratees_2.10-2.3.10.jar, D:\activator-dist-1.3.12\repository\org.scala-stm\scala-stm_2.10\0.7\jars\scala-stm_2.10.jar, C:\Users\laptop\.ivy2\cache\com.typesafe\config\bundles\config-1.2.1.jar, C:\Users\laptop\.ivy2\cache\com.typesafe.play\play-json_2.10\jars\play-json_2.10-2.3.10.jar, C:\Users\laptop\.ivy2\cache\com.typesafe.play\play-functional_2.10\jars\play-functional_2.10-2.3.10.jar, C:\Users\laptop\.ivy2\cache\com.typesafe.play\play-datacommons_2.10\jars\play-datacommons_2.10-2.3.10.jar, C:\Users\laptop\.ivy2\cache\joda-time\joda-time\jars\joda-time-2.3.jar, C:\Users\laptop\.ivy2\cache\org.joda\joda-convert\jars\joda-convert-1.6.jar, C:\Users\laptop\.ivy2\cache\com.fasterxml.jackson.core\jackson-annotations\bundles\jackson-annotations-2.3.2.jar, C:\Users\laptop\.ivy2\cache\com.fasterxml.jackson.core\jackson-core\bundles\jackson-core-2.3.2.jar, C:\Users\laptop\.ivy2\cache\com.fasterxml.jackson.core\jackson-databind\bundles\jackson-databind-2.3.2.jar, C:\Users\laptop\.sbt\boot\scala-2.10.4\lib\scala-reflect.jar, C:\Users\laptop\.ivy2\cache\com.typesafe.play\twirl-api_2.10\jars\twirl-api_2.10-1.0.2.jar, C:\Users\laptop\.ivy2\cache\org.apache.commons\commons-lang3\jars\commons-lang3-3.1.jar, C:\Users\laptop\.ivy2\cache\io.netty\netty\bundles\netty-3.9.9.Final.jar, C:\Users\laptop\.ivy2\cache\com.typesafe.netty\netty-http-pipelining\jars\netty-http-pipelining-1.1.2.jar, C:\Users\laptop\.ivy2\cache\org.slf4j\slf4j-api\jars\slf4j-api-1.7.6.jar, C:\Users\laptop\.ivy2\cache\org.slf4j\jul-to-slf4j\jars\jul-to-slf4j-1.7.6.jar, C:\Users\laptop\.ivy2\cache\org.slf4j\jcl-over-slf4j\jars\jcl-over-slf4j-1.7.6.jar, C:\Users\laptop\.ivy2\cache\ch.qos.logback\logback-core\jars\logback-core-1.1.1.jar, C:\Users\laptop\.ivy2\cache\ch.qos.logback\logback-classic\jars\logback-classic-1.1.1.jar, C:\Users\laptop\.ivy2\cache\com.typesafe.akka\akka-actor_2.10\jars\akka-actor_2.10-2.3.4.jar, C:\Users\laptop\.ivy2\cache\com.typesafe.akka\akka-slf4j_2.10\jars\akka-slf4j_2.10-2.3.4.jar, C:\Users\laptop\.ivy2\cache\commons-codec\commons-codec\jars\commons-codec-1.9.jar, C:\Users\laptop\.ivy2\cache\xerces\xercesImpl\jars\xercesImpl-2.11.0.jar, C:\Users\laptop\.ivy2\cache\xml-apis\xml-apis\jars\xml-apis-1.4.01.jar, C:\Users\laptop\.ivy2\cache\javax.transaction\jta\jars\jta-1.1.jar, C:\Users\laptop\.ivy2\cache\com.typesafe.play\play-doc_2.10\jars\play-doc_2.10-1.1.0.jar, C:\Users\laptop\.ivy2\cache\org.pegdown\pegdown\jars\pegdown-1.4.0.jar, C:\Users\laptop\.ivy2\cache\org.parboiled\parboiled-java\bundles\parboiled-java-1.1.5.jar, C:\Users\laptop\.ivy2\cache\org.parboiled\parboiled-core\bundles\parboiled-core-1.1.5.jar, C:\Users\laptop\.ivy2\cache\org.ow2.asm\asm\jars\asm-4.1.jar, C:\Users\laptop\.ivy2\cache\org.ow2.asm\asm-tree\jars\asm-tree-4.1.jar, C:\Users\laptop\.ivy2\cache\org.ow2.asm\asm-analysis\jars\asm-analysis-4.1.jar, C:\Users\laptop\.ivy2\cache\org.ow2.asm\asm-util\jars\asm-util-4.1.jar, C:\Users\laptop\.ivy2\cache\commons-io\commons-io\jars\commons-io-2.4.jar),List(),9000,DefaultWatchService,List(C:\Users\laptop\simple-rest-scala\app-2.10, C:\Users\laptop\simple-rest-scala\app, C:\Users\laptop\simple-rest-scala\conf, C:\Users\laptop\simple-rest-scala\app\assets, C:\Users\laptop\simple-rest-scala\public),C:\Users\laptop\simple-rest-scala\target,500,root/playForkNotifyStart,root/playForkReload,300000))))
Sending msg to client play-fork-run-710b6a26-5dfd-4287-8c4e-3e0816284587: TaskStarted(145,9431,None)
Sending msg to client play-fork-run-710b6a26-5dfd-4287-8c4e-3e0816284587: TaskFinished(145,9431,None,true,None)
Sending msg to client play-fork-run-710b6a26-5dfd-4287-8c4e-3e0816284587: TaskStarted(145,9430,None)
Sending msg to client play-fork-run-710b6a26-5dfd-4287-8c4e-3e0816284587: TaskFinished(145,9430,None,true,None)
Sending msg to client play-fork-run-710b6a26-5dfd-4287-8c4e-3e0816284587: DetachedLogEvent(LogMessage(debug,cancel strategy finish enabled=false lastCommand=Some(LastCommand(CommandExecutionWork(ExecutionId(145),{file:/C:/Users/laptop/simple-rest-scala/}root/*:playForkConfig,Set(LiveClient(play-fork-run 710b6a26-5dfd-4287-8c4e-3e0816284587)),sbt.server.WorkCancellationStatus$$anon$1@53a3b786)))))
Sending msg to client play-fork-run-710b6a26-5dfd-4287-8c4e-3e0816284587: DetachedLogEvent(LogSuccess(Total time: 1 s, completed Aug 7, 2017 1:40:50 PM))
Sending msg to client play-fork-run-710b6a26-5dfd-4287-8c4e-3e0816284587: DetachedLogEvent(LogMessage(debug,> server-post-command-cleanup))
Sending msg to client play-fork-run-710b6a26-5dfd-4287-8c4e-3e0816284587: ExecutionSuccess(145)
Sending msg to client play-fork-run-710b6a26-5dfd-4287-8c4e-3e0816284587: DetachedLogEvent(LogMessage(debug,> server-handle-next-server-request))
Sending msg to client play-fork-run-710b6a26-5dfd-4287-8c4e-3e0816284587: BackgroundJobLogEvent(23,LogMessage(info,))
Sending msg to client play-fork-run-710b6a26-5dfd-4287-8c4e-3e0816284587: BackgroundJobLogEvent(23,LogMessage(info,--- (Running the application, auto-reloading is enabled) ---))
Sending msg to client play-fork-run-710b6a26-5dfd-4287-8c4e-3e0816284587: BackgroundJobLogEvent(23,LogMessage(info,))
Sending msg to client play-fork-run-710b6a26-5dfd-4287-8c4e-3e0816284587: BackgroundJobLogEvent(23,LogMessage(error,Play fork run has failed due to:))
Sending msg to client play-fork-run-710b6a26-5dfd-4287-8c4e-3e0816284587: BackgroundJobLogEvent(23,LogMessage(error,java.lang.reflect.InvocationTargetException))
Sending msg to client play-fork-run-710b6a26-5dfd-4287-8c4e-3e0816284587: BackgroundJobLogEvent(23,LogMessage(error,	at sun.reflect.NativeMethodAccessorImpl.invoke0(Native Method)))
Sending msg to client play-fork-run-710b6a26-5dfd-4287-8c4e-3e0816284587: BackgroundJobLogEvent(23,LogMessage(error,	at sun.reflect.NativeMethodAccessorImpl.invoke(NativeMethodAccessorImpl.java:62)))
Sending msg to client play-fork-run-710b6a26-5dfd-4287-8c4e-3e0816284587: BackgroundJobLogEvent(23,LogMessage(error,	at sun.reflect.DelegatingMethodAccessorImpl.invoke(DelegatingMethodAccessorImpl.java:43)))
Sending msg to client play-fork-run-710b6a26-5dfd-4287-8c4e-3e0816284587: BackgroundJobLogEvent(23,LogMessage(error,	at java.lang.reflect.Method.invoke(Method.java:498)))
Sending msg to client play-fork-run-710b6a26-5dfd-4287-8c4e-3e0816284587: BackgroundJobLogEvent(23,LogMessage(error,	at play.runsupport.Reloader$.startDevMode(Reloader.scala:197)))
Sending msg to client play-fork-run-710b6a26-5dfd-4287-8c4e-3e0816284587: BackgroundJobLogEvent(23,LogMessage(error,	at play.forkrun.ForkRun$.startServer(ForkRun.scala:82)))
Sending msg to client play-fork-run-710b6a26-5dfd-4287-8c4e-3e0816284587: BackgroundJobLogEvent(23,LogMessage(error,	at play.forkrun.ForkRun.run(ForkRun.scala:173)))
Sending msg to client play-fork-run-710b6a26-5dfd-4287-8c4e-3e0816284587: BackgroundJobLogEvent(23,LogMessage(error,	at play.forkrun.ForkRun$$anonfun$settingUp$1.applyOrElse(ForkRun.scala:162)))
Sending msg to client play-fork-run-710b6a26-5dfd-4287-8c4e-3e0816284587: BackgroundJobLogEvent(23,LogMessage(error,	at akka.actor.Actor$class.aroundReceive(Actor.scala:465)))
Sending msg to client play-fork-run-710b6a26-5dfd-4287-8c4e-3e0816284587: BackgroundJobLogEvent(23,LogMessage(error,	at play.forkrun.ForkRun.aroundReceive(ForkRun.scala:148)))
Sending msg to client play-fork-run-710b6a26-5dfd-4287-8c4e-3e0816284587: BackgroundJobLogEvent(23,LogMessage(error,	at akka.actor.ActorCell.receiveMessage(ActorCell.scala:516)))
Sending msg to client play-fork-run-710b6a26-5dfd-4287-8c4e-3e0816284587: BackgroundJobLogEvent(23,LogMessage(error,	at akka.actor.ActorCell.invoke(ActorCell.scala:487)))
Sending msg to client play-fork-run-710b6a26-5dfd-4287-8c4e-3e0816284587: BackgroundJobLogEvent(23,LogMessage(error,	at akka.dispatch.Mailbox.processMailbox(Mailbox.scala:254)))
Sending msg to client play-fork-run-710b6a26-5dfd-4287-8c4e-3e0816284587: BackgroundJobLogEvent(23,LogMessage(error,	at akka.dispatch.Mailbox.run(Mailbox.scala:221)))
Sending msg to client play-fork-run-710b6a26-5dfd-4287-8c4e-3e0816284587: BackgroundJobLogEvent(23,LogMessage(error,	at akka.dispatch.Mailbox.exec(Mailbox.scala:231)))
Sending msg to client play-fork-run-710b6a26-5dfd-4287-8c4e-3e0816284587: BackgroundJobLogEvent(23,LogMessage(error,	at scala.concurrent.forkjoin.ForkJoinTask.doExec(ForkJoinTask.java:260)))
Sending msg to client play-fork-run-710b6a26-5dfd-4287-8c4e-3e0816284587: BackgroundJobLogEvent(23,LogMessage(error,	at scala.concurrent.forkjoin.ForkJoinPool$WorkQueue.pollAndExecAll(ForkJoinPool.java:1253)))
Sending msg to client play-fork-run-710b6a26-5dfd-4287-8c4e-3e0816284587: BackgroundJobLogEvent(23,LogMessage(error,	at scala.concurrent.forkjoin.ForkJoinPool$WorkQueue.runTask(ForkJoinPool.java:1346)))
Sending msg to client play-fork-run-710b6a26-5dfd-4287-8c4e-3e0816284587: BackgroundJobLogEvent(23,LogMessage(error,	at scala.concurrent.forkjoin.ForkJoinPool.runWorker(ForkJoinPool.java:1979)))
Sending msg to client play-fork-run-710b6a26-5dfd-4287-8c4e-3e0816284587: BackgroundJobLogEvent(23,LogMessage(error,	at scala.concurrent.forkjoin.ForkJoinWorkerThread.run(ForkJoinWorkerThread.java:107)))
Sending msg to client play-fork-run-710b6a26-5dfd-4287-8c4e-3e0816284587: BackgroundJobLogEvent(23,LogMessage(error,Caused by: org.jboss.netty.channel.ChannelException: Failed to bind to: /0.0.0.0:9000))
Sending msg to client play-fork-run-710b6a26-5dfd-4287-8c4e-3e0816284587: BackgroundJobLogEvent(23,LogMessage(error,	at org.jboss.netty.bootstrap.ServerBootstrap.bind(ServerBootstrap.java:272)))
Sending msg to client play-fork-run-710b6a26-5dfd-4287-8c4e-3e0816284587: BackgroundJobLogEvent(23,LogMessage(error,	at play.core.server.NettyServer$$anonfun$8.apply(NettyServer.scala:138)))
Sending msg to client play-fork-run-710b6a26-5dfd-4287-8c4e-3e0816284587: BackgroundJobLogEvent(23,LogMessage(error,	at play.core.server.NettyServer$$anonfun$8.apply(NettyServer.scala:135)))
Sending msg to client play-fork-run-710b6a26-5dfd-4287-8c4e-3e0816284587: BackgroundJobLogEvent(23,LogMessage(error,	at scala.Option.map(Option.scala:145)))
Sending msg to client play-fork-run-710b6a26-5dfd-4287-8c4e-3e0816284587: BackgroundJobLogEvent(23,LogMessage(error,	at play.core.server.NettyServer.<init>(NettyServer.scala:135)))
Sending msg to client play-fork-run-710b6a26-5dfd-4287-8c4e-3e0816284587: BackgroundJobLogEvent(23,LogMessage(error,	at play.core.server.NettyServer$$anonfun$mainDev$1.apply(NettyServer.scala:320)))
Sending msg to client play-fork-run-710b6a26-5dfd-4287-8c4e-3e0816284587: BackgroundJobLogEvent(23,LogMessage(error,	at play.core.server.NettyServer$$anonfun$mainDev$1.apply(NettyServer.scala:318)))
Sending msg to client play-fork-run-710b6a26-5dfd-4287-8c4e-3e0816284587: BackgroundJobLogEvent(23,LogMessage(error,	at play.utils.Threads$.withContextClassLoader(Threads.scala:21)))
Sending msg to client play-fork-run-710b6a26-5dfd-4287-8c4e-3e0816284587: BackgroundJobLogEvent(23,LogMessage(error,	at play.core.server.NettyServer$.mainDev(NettyServer.scala:317)))
Sending msg to client play-fork-run-710b6a26-5dfd-4287-8c4e-3e0816284587: BackgroundJobLogEvent(23,LogMessage(error,	at play.core.server.NettyServer$.mainDevHttpMode(NettyServer.scala:313)))
Sending msg to client play-fork-run-710b6a26-5dfd-4287-8c4e-3e0816284587: BackgroundJobLogEvent(23,LogMessage(error,	at play.core.server.NettyServer.mainDevHttpMode(NettyServer.scala)))
Sending msg to client play-fork-run-710b6a26-5dfd-4287-8c4e-3e0816284587: BackgroundJobLogEvent(23,LogMessage(error,	... 20 more))
Sending msg to client play-fork-run-710b6a26-5dfd-4287-8c4e-3e0816284587: BackgroundJobLogEvent(23,LogMessage(error,Caused by: java.net.BindException: Address already in use: bind))
Sending msg to client play-fork-run-710b6a26-5dfd-4287-8c4e-3e0816284587: BackgroundJobLogEvent(23,LogMessage(error,	at sun.nio.ch.Net.bind0(Native Method)))
Sending msg to client play-fork-run-710b6a26-5dfd-4287-8c4e-3e0816284587: BackgroundJobLogEvent(23,LogMessage(error,	at sun.nio.ch.Net.bind(Net.java:433)))
Sending msg to client play-fork-run-710b6a26-5dfd-4287-8c4e-3e0816284587: BackgroundJobLogEvent(23,LogMessage(error,	at sun.nio.ch.Net.bind(Net.java:425)))
Sending msg to client play-fork-run-710b6a26-5dfd-4287-8c4e-3e0816284587: BackgroundJobLogEvent(23,LogMessage(error,	at sun.nio.ch.ServerSocketChannelImpl.bind(ServerSocketChannelImpl.java:223)))
Sending msg to client play-fork-run-710b6a26-5dfd-4287-8c4e-3e0816284587: BackgroundJobLogEvent(23,LogMessage(error,	at sun.nio.ch.ServerSocketAdaptor.bind(ServerSocketAdaptor.java:74)))
Sending msg to client play-fork-run-710b6a26-5dfd-4287-8c4e-3e0816284587: BackgroundJobLogEvent(23,LogMessage(error,	at org.jboss.netty.channel.socket.nio.NioServerBoss$RegisterTask.run(NioServerBoss.java:193)))
Sending msg to client play-fork-run-710b6a26-5dfd-4287-8c4e-3e0816284587: BackgroundJobLogEvent(23,LogMessage(error,	at org.jboss.netty.channel.socket.nio.AbstractNioSelector.processTaskQueue(AbstractNioSelector.java:391)))
Sending msg to client play-fork-run-710b6a26-5dfd-4287-8c4e-3e0816284587: BackgroundJobLogEvent(23,LogMessage(error,	at org.jboss.netty.channel.socket.nio.AbstractNioSelector.run(AbstractNioSelector.java:315)))
Sending msg to client play-fork-run-710b6a26-5dfd-4287-8c4e-3e0816284587: BackgroundJobLogEvent(23,LogMessage(error,	at org.jboss.netty.channel.socket.nio.NioServerBoss.run(NioServerBoss.java:42)))
Sending msg to client play-fork-run-710b6a26-5dfd-4287-8c4e-3e0816284587: BackgroundJobLogEvent(23,LogMessage(error,	at org.jboss.netty.util.ThreadRenamingRunnable.run(ThreadRenamingRunnable.java:108)))
Sending msg to client play-fork-run-710b6a26-5dfd-4287-8c4e-3e0816284587: BackgroundJobLogEvent(23,LogMessage(error,	at org.jboss.netty.util.internal.DeadLockProofWorker$1.run(DeadLockProofWorker.java:42)))
Sending msg to client play-fork-run-710b6a26-5dfd-4287-8c4e-3e0816284587: BackgroundJobLogEvent(23,LogMessage(error,	at java.util.concurrent.ThreadPoolExecutor.runWorker(ThreadPoolExecutor.java:1142)))
Sending msg to client play-fork-run-710b6a26-5dfd-4287-8c4e-3e0816284587: BackgroundJobLogEvent(23,LogMessage(error,	at java.util.concurrent.ThreadPoolExecutor$Worker.run(ThreadPoolExecutor.java:617)))
Sending msg to client play-fork-run-710b6a26-5dfd-4287-8c4e-3e0816284587: BackgroundJobLogEvent(23,LogMessage(error,	at java.lang.Thread.run(Thread.java:745)))
Got request: UnlistenToEvents()
Reading next message from client.
Sending msg to client play-fork-run-710b6a26-5dfd-4287-8c4e-3e0816284587: (8,ReceivedResponse())
Got request: UnlistenToValue(AttributeKey[play.forkrun.protocol.ForkConfig]("playForkConfig") in Scope(Build: file:/C:/Users/laptop/simple-rest-scala/, , Project: ProjectReference(file:/C:/Users/laptop/simple-rest-scala/,root)))
Reading next message from client.
Client play-fork-run-710b6a26-5dfd-4287-8c4e-3e0816284587 EOF, shutting down.
Stopping client.
Client play-fork-run-710b6a26-5dfd-4287-8c4e-3e0816284587 thread exiting.
Dropping message (9,ReceivedResponse()) to dead client play-fork-run-710b6a26-5dfd-4287-8c4e-3e0816284587
Dropping message (0,ReceivedResponse()) to dead client play-fork-run-710b6a26-5dfd-4287-8c4e-3e0816284587
