New log file opened at Mon Aug 07 10:58:47 IST 2017 by 9952@joun
jvm 9952@joun
jvm vmName=Java HotSpot(TM) 64-Bit Server VM vmVendor=Oracle Corporation vmVersion=25.74-b02
jvm specName=Java Virtual Machine Specification specVendor=Oracle Corporation specVersion=1.8
jvm arguments: [-Xms256m, -Xmx1024m, -XX:MetaspaceSize=64m, -XX:MaxMetaspaceSize=256m]
Starting event engine
Starting sbt command engine
Waiting for sbt command engine
Command engine arguments=List()
Command engine baseDirectory=C:\Users\laptop\simple-rest-scala
Command engine initial remaining commands List(--initialize, onFailure load-failed, boot, server-send-ready-for-request, server-handle-next-server-request)
> --initialize
> initialize
> onFailure load-failed
> boot
> reload
[Loading] Scanning directory C:\Users\laptop\simple-rest-scala\project
[Loading] Found non-root projects 
[Loading] Done in C:\Users\laptop\simple-rest-scala\project, returning: ()
deducing auto plugins based on known facts Set(Atom(sbt.plugins.CorePlugin)) and clauses Clauses(List(Clause(Atom(sbt.plugins.JvmPlugin),Set(Atom(sbt.plugins.IvyPlugin))), Clause(Atom(sbt.plugins.JUnitXmlReportPlugin),Set(Atom(sbt.plugins.JvmPlugin))), Clause(Atom(sbt.plugins.CorePlugin),Set(Atom(sbt.plugins.IvyPlugin))), Clause(Atom(sbt.plugins.IvyPlugin),Set(Atom(sbt.plugins.JvmPlugin))), Clause(Atom(sbt.plugins.JvmPlugin),Set(Atom(sbt.plugins.JUnitXmlReportPlugin)))))
  :: deduced result: Matched(sbt.plugins.CorePlugin,sbt.plugins.IvyPlugin,sbt.plugins.JvmPlugin,sbt.plugins.JUnitXmlReportPlugin)
sorting: ns: List(sbt.plugins.CorePlugin, sbt.plugins.IvyPlugin, sbt.plugins.JvmPlugin, sbt.plugins.JUnitXmlReportPlugin)
  :: sorting:: found: List(sbt.plugins.CorePlugin) not found List(sbt.plugins.IvyPlugin, sbt.plugins.JvmPlugin, sbt.plugins.JUnitXmlReportPlugin)
  :: sorting:: found: List(sbt.plugins.CorePlugin, sbt.plugins.IvyPlugin) not found List(sbt.plugins.JvmPlugin, sbt.plugins.JUnitXmlReportPlugin)
  :: sorting:: found: List(sbt.plugins.CorePlugin, sbt.plugins.IvyPlugin, sbt.plugins.JvmPlugin) not found List(sbt.plugins.JUnitXmlReportPlugin)
  :: sorting:: found: List(sbt.plugins.CorePlugin, sbt.plugins.IvyPlugin, sbt.plugins.JvmPlugin, sbt.plugins.JUnitXmlReportPlugin) not found List()
  :: sorted deduced result: List(sbt.plugins.CorePlugin, sbt.plugins.IvyPlugin, sbt.plugins.JvmPlugin, sbt.plugins.JUnitXmlReportPlugin)
[Loading] Done in C:\Users\laptop\simple-rest-scala\project, returning: (simple-rest-scala-build)
Loading project definition from C:\Users\laptop\simple-rest-scala\project
Running task... Cancel: sbt.TaskCancellationStrategy$Null$@3b8e4803, check cycles: false

Initial source changes: 
	removed:Set()
	added: Set()
	modified: Set()
Removed products: Set()
External API changes: API Changes: Set()
Modified binary dependencies: Set()
Initial directly invalidated sources: Set()

Sources indirectly invalidated by:
	product: Set()
	binary dep: Set()
	external source: Set()
All initially invalidated sources: Set()

Copy resource mappings: 
	
[Loading] Scanning directory C:\Users\laptop\simple-rest-scala
[Loading] Found root project root w/ remaining 
deducing auto plugins based on known facts Set(Atom(play.PlayScala), Atom(sbt.plugins.CorePlugin)) and clauses Clauses(List(Clause(Atom(sbt.plugins.JvmPlugin),Set(Atom(sbt.plugins.IvyPlugin))), Clause(Atom(sbt.plugins.JUnitXmlReportPlugin),Set(Atom(sbt.plugins.JvmPlugin))), Clause(Atom(play.sbt.forkrun.PlayForkRun),Set(Atom(sbt.plugins.BackgroundRunPlugin))), Clause(Atom(play.sbt.forkrun.PlayForkRun),Set(Atom(play.Play))), Clause(Atom(play.sbt.forkrun.PlayForkRun),Set(Atom(sbt.plugins.SerializersPlugin))), Clause(Atom(play.Play),Set(Atom(com.typesafe.sbt.webdriver.SbtWebDriver))), Clause(Atom(play.Play),Set(Atom(play.twirl.sbt.SbtTwirl))), Clause(Atom(play.Play),Set(Atom(com.typesafe.sbt.jse.SbtJsTask))), Clause(Atom(play.PlayJava),Set(Atom(play.Play))), Clause(Atom(play.PlayScala),Set(Atom(play.Play))), Clause(Atom(play.twirl.sbt.SbtTwirl),Set(Atom(sbt.plugins.JvmPlugin))), Clause(Atom(com.typesafe.sbt.jse.SbtJsEngine),Set(Atom(com.typesafe.sbt.web.SbtWeb))), Clause(Atom(com.typesafe.sbt.jse.SbtJsTask),Set(Atom(com.typesafe.sbt.jse.SbtJsEngine))), Clause(Atom(com.typesafe.sbt.webdriver.SbtWebDriver),Set(Atom(com.typesafe.sbt.web.SbtWeb))), Clause(Atom(sbt.plugins.BackgroundRunPlugin),Set(Atom(sbt.plugins.JvmPlugin))), Clause(Atom(sbt.plugins.CorePlugin),Set(Atom(sbt.plugins.IvyPlugin))), Clause(Atom(sbt.plugins.IvyPlugin),Set(Atom(sbt.plugins.JvmPlugin))), Clause(Atom(sbt.plugins.JvmPlugin),Set(Atom(sbt.plugins.JUnitXmlReportPlugin))), Clause(And(Set(Atom(sbt.plugins.BackgroundRunPlugin), Atom(play.Play), Atom(sbt.plugins.SerializersPlugin))),Set(Atom(play.sbt.forkrun.PlayForkRun))), Clause(Atom(com.typesafe.sbt.web.SbtWeb),Set(Atom(com.typesafe.sbt.jse.SbtJsEngine))), Clause(Atom(com.typesafe.sbt.jse.SbtJsEngine),Set(Atom(com.typesafe.sbt.jse.SbtJsTask))), Clause(Atom(com.typesafe.sbt.web.SbtWeb),Set(Atom(com.typesafe.sbt.webdriver.SbtWebDriver))), Clause(Atom(sbt.plugins.JvmPlugin),Set(Atom(sbt.plugins.BackgroundRunPlugin))), Clause(Atom(sbt.plugins.CorePlugin),Set(Atom(sbt.plugins.InteractionServicePlugin))), Clause(Atom(sbt.plugins.CorePlugin),Set(Atom(sbt.plugins.SendEventServicePlugin))), Clause(Atom(sbt.plugins.CorePlugin),Set(Atom(sbt.plugins.SerializersPlugin)))))
  :: deduced result: Matched(sbt.plugins.CorePlugin,play.PlayScala,sbt.plugins.InteractionServicePlugin,sbt.plugins.SendEventServicePlugin,play.Play,sbt.plugins.SerializersPlugin,sbt.plugins.IvyPlugin,sbt.plugins.JvmPlugin,com.typesafe.sbt.jse.SbtJsTask,play.twirl.sbt.SbtTwirl,com.typesafe.sbt.webdriver.SbtWebDriver,sbt.plugins.BackgroundRunPlugin,sbt.plugins.JUnitXmlReportPlugin,com.typesafe.sbt.web.SbtWeb,com.typesafe.sbt.jse.SbtJsEngine,play.sbt.forkrun.PlayForkRun)
sorting: ns: List(sbt.plugins.CorePlugin, play.PlayScala, sbt.plugins.InteractionServicePlugin, sbt.plugins.SendEventServicePlugin, play.Play, sbt.plugins.SerializersPlugin, sbt.plugins.IvyPlugin, sbt.plugins.JvmPlugin, com.typesafe.sbt.jse.SbtJsTask, play.twirl.sbt.SbtTwirl, com.typesafe.sbt.webdriver.SbtWebDriver, sbt.plugins.BackgroundRunPlugin, sbt.plugins.JUnitXmlReportPlugin, com.typesafe.sbt.web.SbtWeb, com.typesafe.sbt.jse.SbtJsEngine, play.sbt.forkrun.PlayForkRun)
  :: sorting:: found: List(sbt.plugins.CorePlugin, com.typesafe.sbt.web.SbtWeb) not found List(play.PlayScala, sbt.plugins.InteractionServicePlugin, sbt.plugins.SendEventServicePlugin, play.Play, sbt.plugins.SerializersPlugin, sbt.plugins.IvyPlugin, sbt.plugins.JvmPlugin, com.typesafe.sbt.jse.SbtJsTask, play.twirl.sbt.SbtTwirl, com.typesafe.sbt.webdriver.SbtWebDriver, sbt.plugins.BackgroundRunPlugin, sbt.plugins.JUnitXmlReportPlugin, com.typesafe.sbt.jse.SbtJsEngine, play.sbt.forkrun.PlayForkRun)
  :: sorting:: found: List(sbt.plugins.CorePlugin, com.typesafe.sbt.web.SbtWeb, sbt.plugins.InteractionServicePlugin, sbt.plugins.SendEventServicePlugin, sbt.plugins.SerializersPlugin, sbt.plugins.IvyPlugin, com.typesafe.sbt.webdriver.SbtWebDriver, com.typesafe.sbt.jse.SbtJsEngine) not found List(play.PlayScala, play.Play, sbt.plugins.JvmPlugin, com.typesafe.sbt.jse.SbtJsTask, play.twirl.sbt.SbtTwirl, sbt.plugins.BackgroundRunPlugin, sbt.plugins.JUnitXmlReportPlugin, play.sbt.forkrun.PlayForkRun)
  :: sorting:: found: List(sbt.plugins.CorePlugin, com.typesafe.sbt.web.SbtWeb, sbt.plugins.InteractionServicePlugin, sbt.plugins.SendEventServicePlugin, sbt.plugins.SerializersPlugin, sbt.plugins.IvyPlugin, com.typesafe.sbt.webdriver.SbtWebDriver, com.typesafe.sbt.jse.SbtJsEngine, sbt.plugins.JvmPlugin, com.typesafe.sbt.jse.SbtJsTask) not found List(play.PlayScala, play.Play, play.twirl.sbt.SbtTwirl, sbt.plugins.BackgroundRunPlugin, sbt.plugins.JUnitXmlReportPlugin, play.sbt.forkrun.PlayForkRun)
  :: sorting:: found: List(sbt.plugins.CorePlugin, com.typesafe.sbt.web.SbtWeb, sbt.plugins.InteractionServicePlugin, sbt.plugins.SendEventServicePlugin, sbt.plugins.SerializersPlugin, sbt.plugins.IvyPlugin, com.typesafe.sbt.webdriver.SbtWebDriver, com.typesafe.sbt.jse.SbtJsEngine, sbt.plugins.JvmPlugin, com.typesafe.sbt.jse.SbtJsTask, play.twirl.sbt.SbtTwirl, sbt.plugins.BackgroundRunPlugin, sbt.plugins.JUnitXmlReportPlugin) not found List(play.PlayScala, play.Play, play.sbt.forkrun.PlayForkRun)
  :: sorting:: found: List(sbt.plugins.CorePlugin, com.typesafe.sbt.web.SbtWeb, sbt.plugins.InteractionServicePlugin, sbt.plugins.SendEventServicePlugin, sbt.plugins.SerializersPlugin, sbt.plugins.IvyPlugin, com.typesafe.sbt.webdriver.SbtWebDriver, com.typesafe.sbt.jse.SbtJsEngine, sbt.plugins.JvmPlugin, com.typesafe.sbt.jse.SbtJsTask, play.twirl.sbt.SbtTwirl, sbt.plugins.BackgroundRunPlugin, sbt.plugins.JUnitXmlReportPlugin, play.Play) not found List(play.PlayScala, play.sbt.forkrun.PlayForkRun)
  :: sorting:: found: List(sbt.plugins.CorePlugin, com.typesafe.sbt.web.SbtWeb, sbt.plugins.InteractionServicePlugin, sbt.plugins.SendEventServicePlugin, sbt.plugins.SerializersPlugin, sbt.plugins.IvyPlugin, com.typesafe.sbt.webdriver.SbtWebDriver, com.typesafe.sbt.jse.SbtJsEngine, sbt.plugins.JvmPlugin, com.typesafe.sbt.jse.SbtJsTask, play.twirl.sbt.SbtTwirl, sbt.plugins.BackgroundRunPlugin, sbt.plugins.JUnitXmlReportPlugin, play.Play, play.PlayScala, play.sbt.forkrun.PlayForkRun) not found List()
  :: sorted deduced result: List(sbt.plugins.CorePlugin, com.typesafe.sbt.web.SbtWeb, sbt.plugins.InteractionServicePlugin, sbt.plugins.SendEventServicePlugin, sbt.plugins.SerializersPlugin, sbt.plugins.IvyPlugin, com.typesafe.sbt.webdriver.SbtWebDriver, com.typesafe.sbt.jse.SbtJsEngine, sbt.plugins.JvmPlugin, com.typesafe.sbt.jse.SbtJsTask, play.twirl.sbt.SbtTwirl, sbt.plugins.BackgroundRunPlugin, sbt.plugins.JUnitXmlReportPlugin, play.Play, play.PlayScala, play.sbt.forkrun.PlayForkRun)
[Loading] Done in C:\Users\laptop\simple-rest-scala, returning: (root)
Set current project to simple-rest-scala (in build file:/C:/Users/laptop/simple-rest-scala/)
Reapplying settings...
Set current project to simple-rest-scala (in build file:/C:/Users/laptop/simple-rest-scala/)
> iflast shell
> server-send-ready-for-request
> server-handle-next-server-request
> compile
Evaluating tasks: compile:compile
Running task... Cancel: sbt.server.ServerTaskCancellation@332c126d, check cycles: false

Initial source changes: 
	removed:Set()
	added: Set()
	modified: Set()
Removed products: Set()
External API changes: API Changes: Set()
Modified binary dependencies: Set()
Initial directly invalidated sources: Set()

Sources indirectly invalidated by:
	product: Set()
	binary dep: Set()
	external source: Set()
All initially invalidated sources: Set()

Total time: 1 s, completed Aug 7, 2017 10:58:56 AM
> server-post-command-cleanup
> server-handle-next-server-request
> {file:/C:/Users/laptop/simple-rest-scala/}root/compile:discoveredMainClasses
Evaluating tasks: compile:discoveredMainClasses
Running task... Cancel: sbt.server.ServerTaskCancellation@56c6bc87, check cycles: false

Initial source changes: 
	removed:Set()
	added: Set()
	modified: Set()
Removed products: Set()
External API changes: API Changes: Set()
Modified binary dependencies: Set()
Initial directly invalidated sources: Set()

Sources indirectly invalidated by:
	product: Set()
	binary dep: Set()
	external source: Set()
All initially invalidated sources: Set()

Total time: 1 s, completed Aug 7, 2017 10:58:57 AM
> server-post-command-cleanup
> server-handle-next-server-request
> {file:/C:/Users/laptop/simple-rest-scala/}root/compile:mainClass
Evaluating tasks: compile:mainClass
Running task... Cancel: sbt.server.ServerTaskCancellation@4de885c6, check cycles: false
Total time: 0 s, completed Aug 7, 2017 10:58:57 AM
> server-post-command-cleanup
> server-handle-next-server-request
> {file:/C:/Users/laptop/simple-rest-scala/}root/compile:discoveredMainClasses
Evaluating tasks: compile:discoveredMainClasses
Running task... Cancel: sbt.server.ServerTaskCancellation@666491a8, check cycles: false

Initial source changes: 
	removed:Set()
	added: Set()
	modified: Set()
Removed products: Set()
External API changes: API Changes: Set()
Modified binary dependencies: Set()
Initial directly invalidated sources: Set()

Sources indirectly invalidated by:
	product: Set()
	binary dep: Set()
	external source: Set()
All initially invalidated sources: Set()

Total time: 1 s, completed Aug 7, 2017 10:58:58 AM
> server-post-command-cleanup
> server-handle-next-server-request
> compile
Evaluating tasks: compile:compile
Running task... Cancel: sbt.server.ServerTaskCancellation@2c00f892, check cycles: false

Initial source changes: 
	removed:Set()
	added: Set()
	modified: Set(C:\Users\laptop\simple-rest-scala\app\models\Book.scala)
Removed products: Set()
External API changes: API Changes: Set()
Modified binary dependencies: Set()
Initial directly invalidated sources: Set(C:\Users\laptop\simple-rest-scala\app\models\Book.scala)

Sources indirectly invalidated by:
	product: Set()
	binary dep: Set()
	external source: Set()
All initially invalidated sources: Set(C:\Users\laptop\simple-rest-scala\app\models\Book.scala)

Read from stdout: Compiling 1 Scala source to C:\Users\laptop\simple-rest-scala\target\scala-2.10\classes...
Compiling 1 Scala source to C:\Users\laptop\simple-rest-scala\target\scala-2.10\classes...
Getting compiler-interface from component compiler for Scala 2.10.4
Getting compiler-interface from component compiler for Scala 2.10.4
Running cached compiler 3b780164, interfacing (CompilerInterface) with Scala compiler version 2.10.4
Calling Scala compiler with arguments  (CompilerInterface):
	-deprecation
	-unchecked
	-encoding
	utf8
	-bootclasspath
	C:\Program Files\Java\jdk1.8.0_74\jre\lib\resources.jar;C:\Program Files\Java\jdk1.8.0_74\jre\lib\rt.jar;C:\Program Files\Java\jdk1.8.0_74\jre\lib\sunrsasign.jar;C:\Program Files\Java\jdk1.8.0_74\jre\lib\jsse.jar;C:\Program Files\Java\jdk1.8.0_74\jre\lib\jce.jar;C:\Program Files\Java\jdk1.8.0_74\jre\lib\charsets.jar;C:\Program Files\Java\jdk1.8.0_74\jre\lib\jfr.jar;C:\Program Files\Java\jdk1.8.0_74\jre\classes;C:\Users\laptop\.sbt\boot\scala-2.10.4\lib\scala-library.jar
	-classpath
	C:\Users\laptop\simple-rest-scala\target\scala-2.10\classes;C:\Users\laptop\.ivy2\cache\com.typesafe.play\twirl-api_2.10\jars\twirl-api_2.10-1.0.2.jar;C:\Users\laptop\.ivy2\cache\org.apache.commons\commons-lang3\jars\commons-lang3-3.1.jar;C:\Users\laptop\.ivy2\cache\com.typesafe.play\play_2.10\jars\play_2.10-2.3.10.jar;C:\Users\laptop\.ivy2\cache\com.typesafe.play\build-link\jars\build-link-2.3.10.jar;C:\Users\laptop\.ivy2\cache\com.typesafe.play\play-exceptions\jars\play-exceptions-2.3.10.jar;C:\Users\laptop\.ivy2\cache\org.javassist\javassist\bundles\javassist-3.18.2-GA.jar;C:\Users\laptop\.ivy2\cache\com.typesafe.play\play-iteratees_2.10\jars\play-iteratees_2.10-2.3.10.jar;D:\activator-dist-1.3.12\repository\org.scala-stm\scala-stm_2.10\0.7\jars\scala-stm_2.10.jar;C:\Users\laptop\.ivy2\cache\com.typesafe\config\bundles\config-1.2.1.jar;C:\Users\laptop\.ivy2\cache\com.typesafe.play\play-json_2.10\jars\play-json_2.10-2.3.10.jar;C:\Users\laptop\.ivy2\cache\com.typesafe.play\play-functional_2.10\jars\play-functional_2.10-2.3.10.jar;C:\Users\laptop\.ivy2\cache\com.typesafe.play\play-datacommons_2.10\jars\play-datacommons_2.10-2.3.10.jar;C:\Users\laptop\.ivy2\cache\joda-time\joda-time\jars\joda-time-2.3.jar;C:\Users\laptop\.ivy2\cache\org.joda\joda-convert\jars\joda-convert-1.6.jar;C:\Users\laptop\.ivy2\cache\com.fasterxml.jackson.core\jackson-annotations\bundles\jackson-annotations-2.3.2.jar;C:\Users\laptop\.ivy2\cache\com.fasterxml.jackson.core\jackson-core\bundles\jackson-core-2.3.2.jar;C:\Users\laptop\.ivy2\cache\com.fasterxml.jackson.core\jackson-databind\bundles\jackson-databind-2.3.2.jar;C:\Users\laptop\.sbt\boot\scala-2.10.4\lib\scala-reflect.jar;C:\Users\laptop\.ivy2\cache\io.netty\netty\bundles\netty-3.9.9.Final.jar;C:\Users\laptop\.ivy2\cache\com.typesafe.netty\netty-http-pipelining\jars\netty-http-pipelining-1.1.2.jar;C:\Users\laptop\.ivy2\cache\org.slf4j\slf4j-api\jars\slf4j-api-1.7.6.jar;C:\Users\laptop\.ivy2\cache\org.slf4j\jul-to-slf4j\jars\jul-to-slf4j-1.7.6.jar;C:\Users\laptop\.ivy2\cache\org.slf4j\jcl-over-slf4j\jars\jcl-over-slf4j-1.7.6.jar;C:\Users\laptop\.ivy2\cache\ch.qos.logback\logback-core\jars\logback-core-1.1.1.jar;C:\Users\laptop\.ivy2\cache\ch.qos.logback\logback-classic\jars\logback-classic-1.1.1.jar;C:\Users\laptop\.ivy2\cache\com.typesafe.akka\akka-actor_2.10\jars\akka-actor_2.10-2.3.4.jar;C:\Users\laptop\.ivy2\cache\com.typesafe.akka\akka-slf4j_2.10\jars\akka-slf4j_2.10-2.3.4.jar;C:\Users\laptop\.ivy2\cache\commons-codec\commons-codec\jars\commons-codec-1.9.jar;C:\Users\laptop\.ivy2\cache\xerces\xercesImpl\jars\xercesImpl-2.11.0.jar;C:\Users\laptop\.ivy2\cache\xml-apis\xml-apis\jars\xml-apis-1.4.01.jar;C:\Users\laptop\.ivy2\cache\javax.transaction\jta\jars\jta-1.1.jar
Read from stdout: C:\Users\laptop\simple-rest-scala\app\models\Book.scala:9: not found: type Book
C:\Users\laptop\simple-rest-scala\app\models\Book.scala:9: not found: type Book
Read from stdout: implicit val bookWrites = Json.writes[Book]
  implicit val bookWrites = Json.writes[Book]
Read from stdout: ^
                                        ^
Read from stdout: C:\Users\laptop\simple-rest-scala\app\models\Book.scala:10: not found: type Book
C:\Users\laptop\simple-rest-scala\app\models\Book.scala:10: not found: type Book
Read from stdout: implicit val bookReads = Json.reads[Book]
  implicit val bookReads = Json.reads[Book]
Read from stdout: ^
                                      ^
Read from stdout: C:\Users\laptop\simple-rest-scala\app\models\Book.scala:12: not found: value Book
C:\Users\laptop\simple-rest-scala\app\models\Book.scala:12: not found: value Book
Read from stdout: var products = List(Book("TAOCP", "Knuth"), Book("SICP", "Sussman, Abelson"))
  var products = List(Book("TAOCP", "Knuth"), Book("SICP", "Sussman, Abelson"))
Read from stdout: ^
                      ^
Read from stdout: C:\Users\laptop\simple-rest-scala\app\models\Book.scala:12: not found: value Book
C:\Users\laptop\simple-rest-scala\app\models\Book.scala:12: not found: value Book
Read from stdout: var products = List(Book("TAOCP", "Knuth"), Book("SICP", "Sussman, Abelson"))
  var products = List(Book("TAOCP", "Knuth"), Book("SICP", "Sussman, Abelson"))
Read from stdout: ^
                                              ^
Read from stdout: C:\Users\laptop\simple-rest-scala\app\models\Book.scala:14: not found: value books
C:\Users\laptop\simple-rest-scala\app\models\Book.scala:14: not found: value books
Read from stdout: def addBook(b: Book) = books = books ::: List(b)
  def addBook(b: Book) = books = books ::: List(b)
Read from stdout: ^
                         ^
Read from stdout: C:\Users\laptop\simple-rest-scala\app\models\Book.scala:14: not found: type Book
C:\Users\laptop\simple-rest-scala\app\models\Book.scala:14: not found: type Book
Read from stdout: def addBook(b: Book) = books = books ::: List(b)
  def addBook(b: Book) = books = books ::: List(b)
Read from stdout: ^
                 ^
Read from stdout: 6 errors found
6 errors found
Compilation failed (CompilerInterface)
Read from stdout: (compile:compileIncremental) Compilation failed
(compile:compileIncremental) Compilation failed
Total time: 4 s, completed Aug 7, 2017 11:08:22 AM
> server-post-command-error-handler
> server-post-command-cleanup
> server-handle-next-server-request
> compile
Evaluating tasks: compile:compile
Running task... Cancel: sbt.server.ServerTaskCancellation@7fc13563, check cycles: false

Initial source changes: 
	removed:Set()
	added: Set()
	modified: Set(C:\Users\laptop\simple-rest-scala\app\models\Book.scala)
Removed products: Set()
External API changes: API Changes: Set()
Modified binary dependencies: Set()
Initial directly invalidated sources: Set(C:\Users\laptop\simple-rest-scala\app\models\Book.scala)

Sources indirectly invalidated by:
	product: Set()
	binary dep: Set()
	external source: Set()
All initially invalidated sources: Set(C:\Users\laptop\simple-rest-scala\app\models\Book.scala)

Read from stdout: Compiling 1 Scala source to C:\Users\laptop\simple-rest-scala\target\scala-2.10\classes...
Compiling 1 Scala source to C:\Users\laptop\simple-rest-scala\target\scala-2.10\classes...
Getting compiler-interface from component compiler for Scala 2.10.4
Getting compiler-interface from component compiler for Scala 2.10.4
Running cached compiler 51ebed35, interfacing (CompilerInterface) with Scala compiler version 2.10.4
Calling Scala compiler with arguments  (CompilerInterface):
	-deprecation
	-unchecked
	-encoding
	utf8
	-bootclasspath
	C:\Program Files\Java\jdk1.8.0_74\jre\lib\resources.jar;C:\Program Files\Java\jdk1.8.0_74\jre\lib\rt.jar;C:\Program Files\Java\jdk1.8.0_74\jre\lib\sunrsasign.jar;C:\Program Files\Java\jdk1.8.0_74\jre\lib\jsse.jar;C:\Program Files\Java\jdk1.8.0_74\jre\lib\jce.jar;C:\Program Files\Java\jdk1.8.0_74\jre\lib\charsets.jar;C:\Program Files\Java\jdk1.8.0_74\jre\lib\jfr.jar;C:\Program Files\Java\jdk1.8.0_74\jre\classes;C:\Users\laptop\.sbt\boot\scala-2.10.4\lib\scala-library.jar
	-classpath
	C:\Users\laptop\simple-rest-scala\target\scala-2.10\classes;C:\Users\laptop\.ivy2\cache\com.typesafe.play\twirl-api_2.10\jars\twirl-api_2.10-1.0.2.jar;C:\Users\laptop\.ivy2\cache\org.apache.commons\commons-lang3\jars\commons-lang3-3.1.jar;C:\Users\laptop\.ivy2\cache\com.typesafe.play\play_2.10\jars\play_2.10-2.3.10.jar;C:\Users\laptop\.ivy2\cache\com.typesafe.play\build-link\jars\build-link-2.3.10.jar;C:\Users\laptop\.ivy2\cache\com.typesafe.play\play-exceptions\jars\play-exceptions-2.3.10.jar;C:\Users\laptop\.ivy2\cache\org.javassist\javassist\bundles\javassist-3.18.2-GA.jar;C:\Users\laptop\.ivy2\cache\com.typesafe.play\play-iteratees_2.10\jars\play-iteratees_2.10-2.3.10.jar;D:\activator-dist-1.3.12\repository\org.scala-stm\scala-stm_2.10\0.7\jars\scala-stm_2.10.jar;C:\Users\laptop\.ivy2\cache\com.typesafe\config\bundles\config-1.2.1.jar;C:\Users\laptop\.ivy2\cache\com.typesafe.play\play-json_2.10\jars\play-json_2.10-2.3.10.jar;C:\Users\laptop\.ivy2\cache\com.typesafe.play\play-functional_2.10\jars\play-functional_2.10-2.3.10.jar;C:\Users\laptop\.ivy2\cache\com.typesafe.play\play-datacommons_2.10\jars\play-datacommons_2.10-2.3.10.jar;C:\Users\laptop\.ivy2\cache\joda-time\joda-time\jars\joda-time-2.3.jar;C:\Users\laptop\.ivy2\cache\org.joda\joda-convert\jars\joda-convert-1.6.jar;C:\Users\laptop\.ivy2\cache\com.fasterxml.jackson.core\jackson-annotations\bundles\jackson-annotations-2.3.2.jar;C:\Users\laptop\.ivy2\cache\com.fasterxml.jackson.core\jackson-core\bundles\jackson-core-2.3.2.jar;C:\Users\laptop\.ivy2\cache\com.fasterxml.jackson.core\jackson-databind\bundles\jackson-databind-2.3.2.jar;C:\Users\laptop\.sbt\boot\scala-2.10.4\lib\scala-reflect.jar;C:\Users\laptop\.ivy2\cache\io.netty\netty\bundles\netty-3.9.9.Final.jar;C:\Users\laptop\.ivy2\cache\com.typesafe.netty\netty-http-pipelining\jars\netty-http-pipelining-1.1.2.jar;C:\Users\laptop\.ivy2\cache\org.slf4j\slf4j-api\jars\slf4j-api-1.7.6.jar;C:\Users\laptop\.ivy2\cache\org.slf4j\jul-to-slf4j\jars\jul-to-slf4j-1.7.6.jar;C:\Users\laptop\.ivy2\cache\org.slf4j\jcl-over-slf4j\jars\jcl-over-slf4j-1.7.6.jar;C:\Users\laptop\.ivy2\cache\ch.qos.logback\logback-core\jars\logback-core-1.1.1.jar;C:\Users\laptop\.ivy2\cache\ch.qos.logback\logback-classic\jars\logback-classic-1.1.1.jar;C:\Users\laptop\.ivy2\cache\com.typesafe.akka\akka-actor_2.10\jars\akka-actor_2.10-2.3.4.jar;C:\Users\laptop\.ivy2\cache\com.typesafe.akka\akka-slf4j_2.10\jars\akka-slf4j_2.10-2.3.4.jar;C:\Users\laptop\.ivy2\cache\commons-codec\commons-codec\jars\commons-codec-1.9.jar;C:\Users\laptop\.ivy2\cache\xerces\xercesImpl\jars\xercesImpl-2.11.0.jar;C:\Users\laptop\.ivy2\cache\xml-apis\xml-apis\jars\xml-apis-1.4.01.jar;C:\Users\laptop\.ivy2\cache\javax.transaction\jta\jars\jta-1.1.jar
Read from stdout: C:\Users\laptop\simple-rest-scala\app\models\Book.scala:14: not found: value Products
C:\Users\laptop\simple-rest-scala\app\models\Book.scala:14: not found: value Products
Read from stdout: def addProduct(b: Product) = Products = Products ::: List(b)
  def addProduct(b: Product) = Products = Products ::: List(b)
Read from stdout: ^
                               ^
Read from stdout: one error found
one error found
Compilation failed (CompilerInterface)
Read from stdout: (compile:compileIncremental) Compilation failed
(compile:compileIncremental) Compilation failed
Total time: 3 s, completed Aug 7, 2017 11:09:11 AM
> server-post-command-error-handler
> server-post-command-cleanup
> server-handle-next-server-request
> compile
Evaluating tasks: compile:compile
Running task... Cancel: sbt.server.ServerTaskCancellation@5ed99ae1, check cycles: false

Initial source changes: 
	removed:Set()
	added: Set()
	modified: Set(C:\Users\laptop\simple-rest-scala\app\models\Book.scala)
Removed products: Set()
External API changes: API Changes: Set()
Modified binary dependencies: Set()
Initial directly invalidated sources: Set(C:\Users\laptop\simple-rest-scala\app\models\Book.scala)

Sources indirectly invalidated by:
	product: Set()
	binary dep: Set()
	external source: Set()
All initially invalidated sources: Set(C:\Users\laptop\simple-rest-scala\app\models\Book.scala)

Read from stdout: Compiling 1 Scala source to C:\Users\laptop\simple-rest-scala\target\scala-2.10\classes...
Compiling 1 Scala source to C:\Users\laptop\simple-rest-scala\target\scala-2.10\classes...
Getting compiler-interface from component compiler for Scala 2.10.4
Getting compiler-interface from component compiler for Scala 2.10.4
Running cached compiler 771d3a01, interfacing (CompilerInterface) with Scala compiler version 2.10.4
Calling Scala compiler with arguments  (CompilerInterface):
	-deprecation
	-unchecked
	-encoding
	utf8
	-bootclasspath
	C:\Program Files\Java\jdk1.8.0_74\jre\lib\resources.jar;C:\Program Files\Java\jdk1.8.0_74\jre\lib\rt.jar;C:\Program Files\Java\jdk1.8.0_74\jre\lib\sunrsasign.jar;C:\Program Files\Java\jdk1.8.0_74\jre\lib\jsse.jar;C:\Program Files\Java\jdk1.8.0_74\jre\lib\jce.jar;C:\Program Files\Java\jdk1.8.0_74\jre\lib\charsets.jar;C:\Program Files\Java\jdk1.8.0_74\jre\lib\jfr.jar;C:\Program Files\Java\jdk1.8.0_74\jre\classes;C:\Users\laptop\.sbt\boot\scala-2.10.4\lib\scala-library.jar
	-classpath
	C:\Users\laptop\simple-rest-scala\target\scala-2.10\classes;C:\Users\laptop\.ivy2\cache\com.typesafe.play\twirl-api_2.10\jars\twirl-api_2.10-1.0.2.jar;C:\Users\laptop\.ivy2\cache\org.apache.commons\commons-lang3\jars\commons-lang3-3.1.jar;C:\Users\laptop\.ivy2\cache\com.typesafe.play\play_2.10\jars\play_2.10-2.3.10.jar;C:\Users\laptop\.ivy2\cache\com.typesafe.play\build-link\jars\build-link-2.3.10.jar;C:\Users\laptop\.ivy2\cache\com.typesafe.play\play-exceptions\jars\play-exceptions-2.3.10.jar;C:\Users\laptop\.ivy2\cache\org.javassist\javassist\bundles\javassist-3.18.2-GA.jar;C:\Users\laptop\.ivy2\cache\com.typesafe.play\play-iteratees_2.10\jars\play-iteratees_2.10-2.3.10.jar;D:\activator-dist-1.3.12\repository\org.scala-stm\scala-stm_2.10\0.7\jars\scala-stm_2.10.jar;C:\Users\laptop\.ivy2\cache\com.typesafe\config\bundles\config-1.2.1.jar;C:\Users\laptop\.ivy2\cache\com.typesafe.play\play-json_2.10\jars\play-json_2.10-2.3.10.jar;C:\Users\laptop\.ivy2\cache\com.typesafe.play\play-functional_2.10\jars\play-functional_2.10-2.3.10.jar;C:\Users\laptop\.ivy2\cache\com.typesafe.play\play-datacommons_2.10\jars\play-datacommons_2.10-2.3.10.jar;C:\Users\laptop\.ivy2\cache\joda-time\joda-time\jars\joda-time-2.3.jar;C:\Users\laptop\.ivy2\cache\org.joda\joda-convert\jars\joda-convert-1.6.jar;C:\Users\laptop\.ivy2\cache\com.fasterxml.jackson.core\jackson-annotations\bundles\jackson-annotations-2.3.2.jar;C:\Users\laptop\.ivy2\cache\com.fasterxml.jackson.core\jackson-core\bundles\jackson-core-2.3.2.jar;C:\Users\laptop\.ivy2\cache\com.fasterxml.jackson.core\jackson-databind\bundles\jackson-databind-2.3.2.jar;C:\Users\laptop\.sbt\boot\scala-2.10.4\lib\scala-reflect.jar;C:\Users\laptop\.ivy2\cache\io.netty\netty\bundles\netty-3.9.9.Final.jar;C:\Users\laptop\.ivy2\cache\com.typesafe.netty\netty-http-pipelining\jars\netty-http-pipelining-1.1.2.jar;C:\Users\laptop\.ivy2\cache\org.slf4j\slf4j-api\jars\slf4j-api-1.7.6.jar;C:\Users\laptop\.ivy2\cache\org.slf4j\jul-to-slf4j\jars\jul-to-slf4j-1.7.6.jar;C:\Users\laptop\.ivy2\cache\org.slf4j\jcl-over-slf4j\jars\jcl-over-slf4j-1.7.6.jar;C:\Users\laptop\.ivy2\cache\ch.qos.logback\logback-core\jars\logback-core-1.1.1.jar;C:\Users\laptop\.ivy2\cache\ch.qos.logback\logback-classic\jars\logback-classic-1.1.1.jar;C:\Users\laptop\.ivy2\cache\com.typesafe.akka\akka-actor_2.10\jars\akka-actor_2.10-2.3.4.jar;C:\Users\laptop\.ivy2\cache\com.typesafe.akka\akka-slf4j_2.10\jars\akka-slf4j_2.10-2.3.4.jar;C:\Users\laptop\.ivy2\cache\commons-codec\commons-codec\jars\commons-codec-1.9.jar;C:\Users\laptop\.ivy2\cache\xerces\xercesImpl\jars\xercesImpl-2.11.0.jar;C:\Users\laptop\.ivy2\cache\xml-apis\xml-apis\jars\xml-apis-1.4.01.jar;C:\Users\laptop\.ivy2\cache\javax.transaction\jta\jars\jta-1.1.jar
Scala compilation took 10.385455659 s
Invalidating C:\Users\laptop\simple-rest-scala\app\models\Book.scala...
Invalidating (transitively) by inheritance from C:\Users\laptop\simple-rest-scala\app\models\Book.scala...
Initial set of included nodes: Set(C:\Users\laptop\simple-rest-scala\app\models\Book.scala)
Invalidated by transitive inheritance dependency: Set(C:\Users\laptop\simple-rest-scala\app\models\Book.scala)
The C:\Users\laptop\simple-rest-scala\app\models\Book.scala source file has the following implicit definitions changed:
	bookReads, bookWrites, ProductReads, ProductWrites.
All member reference dependencies will be considered within this context.
The following member ref dependencies of C:\Users\laptop\simple-rest-scala\app\models\Book.scala are invalidated:
	C:\Users\laptop\simple-rest-scala\app\controllers\Application.scala
New invalidations:
	Set(C:\Users\laptop\simple-rest-scala\app\controllers\Application.scala)
Initial set of included nodes: Set(C:\Users\laptop\simple-rest-scala\app\controllers\Application.scala)
Including C:\Users\laptop\simple-rest-scala\target\scala-2.10\src_managed\main\routes_routing.scala by C:\Users\laptop\simple-rest-scala\app\controllers\Application.scala
Including C:\Users\laptop\simple-rest-scala\target\scala-2.10\src_managed\main\routes_reverseRouting.scala by C:\Users\laptop\simple-rest-scala\target\scala-2.10\src_managed\main\routes_routing.scala
Including C:\Users\laptop\simple-rest-scala\target\scala-2.10\src_managed\main\controllers\routes.java by C:\Users\laptop\simple-rest-scala\target\scala-2.10\src_managed\main\routes_reverseRouting.scala
Previously invalidated, but (transitively) depend on new invalidations:
	Set()
All newly invalidated sources after taking into account (previously) recompiled sources:Set(C:\Users\laptop\simple-rest-scala\app\controllers\Application.scala)
Read from stdout: Compiling 1 Scala source to C:\Users\laptop\simple-rest-scala\target\scala-2.10\classes...
Compiling 1 Scala source to C:\Users\laptop\simple-rest-scala\target\scala-2.10\classes...
Getting compiler-interface from component compiler for Scala 2.10.4
Getting compiler-interface from component compiler for Scala 2.10.4
Running cached compiler 13daac4, interfacing (CompilerInterface) with Scala compiler version 2.10.4
Calling Scala compiler with arguments  (CompilerInterface):
	-deprecation
	-unchecked
	-encoding
	utf8
	-bootclasspath
	C:\Program Files\Java\jdk1.8.0_74\jre\lib\resources.jar;C:\Program Files\Java\jdk1.8.0_74\jre\lib\rt.jar;C:\Program Files\Java\jdk1.8.0_74\jre\lib\sunrsasign.jar;C:\Program Files\Java\jdk1.8.0_74\jre\lib\jsse.jar;C:\Program Files\Java\jdk1.8.0_74\jre\lib\jce.jar;C:\Program Files\Java\jdk1.8.0_74\jre\lib\charsets.jar;C:\Program Files\Java\jdk1.8.0_74\jre\lib\jfr.jar;C:\Program Files\Java\jdk1.8.0_74\jre\classes;C:\Users\laptop\.sbt\boot\scala-2.10.4\lib\scala-library.jar
	-classpath
	C:\Users\laptop\simple-rest-scala\target\scala-2.10\classes;C:\Users\laptop\.ivy2\cache\com.typesafe.play\twirl-api_2.10\jars\twirl-api_2.10-1.0.2.jar;C:\Users\laptop\.ivy2\cache\org.apache.commons\commons-lang3\jars\commons-lang3-3.1.jar;C:\Users\laptop\.ivy2\cache\com.typesafe.play\play_2.10\jars\play_2.10-2.3.10.jar;C:\Users\laptop\.ivy2\cache\com.typesafe.play\build-link\jars\build-link-2.3.10.jar;C:\Users\laptop\.ivy2\cache\com.typesafe.play\play-exceptions\jars\play-exceptions-2.3.10.jar;C:\Users\laptop\.ivy2\cache\org.javassist\javassist\bundles\javassist-3.18.2-GA.jar;C:\Users\laptop\.ivy2\cache\com.typesafe.play\play-iteratees_2.10\jars\play-iteratees_2.10-2.3.10.jar;D:\activator-dist-1.3.12\repository\org.scala-stm\scala-stm_2.10\0.7\jars\scala-stm_2.10.jar;C:\Users\laptop\.ivy2\cache\com.typesafe\config\bundles\config-1.2.1.jar;C:\Users\laptop\.ivy2\cache\com.typesafe.play\play-json_2.10\jars\play-json_2.10-2.3.10.jar;C:\Users\laptop\.ivy2\cache\com.typesafe.play\play-functional_2.10\jars\play-functional_2.10-2.3.10.jar;C:\Users\laptop\.ivy2\cache\com.typesafe.play\play-datacommons_2.10\jars\play-datacommons_2.10-2.3.10.jar;C:\Users\laptop\.ivy2\cache\joda-time\joda-time\jars\joda-time-2.3.jar;C:\Users\laptop\.ivy2\cache\org.joda\joda-convert\jars\joda-convert-1.6.jar;C:\Users\laptop\.ivy2\cache\com.fasterxml.jackson.core\jackson-annotations\bundles\jackson-annotations-2.3.2.jar;C:\Users\laptop\.ivy2\cache\com.fasterxml.jackson.core\jackson-core\bundles\jackson-core-2.3.2.jar;C:\Users\laptop\.ivy2\cache\com.fasterxml.jackson.core\jackson-databind\bundles\jackson-databind-2.3.2.jar;C:\Users\laptop\.sbt\boot\scala-2.10.4\lib\scala-reflect.jar;C:\Users\laptop\.ivy2\cache\io.netty\netty\bundles\netty-3.9.9.Final.jar;C:\Users\laptop\.ivy2\cache\com.typesafe.netty\netty-http-pipelining\jars\netty-http-pipelining-1.1.2.jar;C:\Users\laptop\.ivy2\cache\org.slf4j\slf4j-api\jars\slf4j-api-1.7.6.jar;C:\Users\laptop\.ivy2\cache\org.slf4j\jul-to-slf4j\jars\jul-to-slf4j-1.7.6.jar;C:\Users\laptop\.ivy2\cache\org.slf4j\jcl-over-slf4j\jars\jcl-over-slf4j-1.7.6.jar;C:\Users\laptop\.ivy2\cache\ch.qos.logback\logback-core\jars\logback-core-1.1.1.jar;C:\Users\laptop\.ivy2\cache\ch.qos.logback\logback-classic\jars\logback-classic-1.1.1.jar;C:\Users\laptop\.ivy2\cache\com.typesafe.akka\akka-actor_2.10\jars\akka-actor_2.10-2.3.4.jar;C:\Users\laptop\.ivy2\cache\com.typesafe.akka\akka-slf4j_2.10\jars\akka-slf4j_2.10-2.3.4.jar;C:\Users\laptop\.ivy2\cache\commons-codec\commons-codec\jars\commons-codec-1.9.jar;C:\Users\laptop\.ivy2\cache\xerces\xercesImpl\jars\xercesImpl-2.11.0.jar;C:\Users\laptop\.ivy2\cache\xml-apis\xml-apis\jars\xml-apis-1.4.01.jar;C:\Users\laptop\.ivy2\cache\javax.transaction\jta\jars\jta-1.1.jar
Read from stdout: C:\Users\laptop\simple-rest-scala\app\controllers\Application.scala:5: object Book is not a member of package models
C:\Users\laptop\simple-rest-scala\app\controllers\Application.scala:5: object Book is not a member of package models
Read from stdout: import models.Book._
import models.Book._
Read from stdout: ^
              ^
Read from stdout: C:\Users\laptop\simple-rest-scala\app\controllers\Application.scala:10: not found: value books
C:\Users\laptop\simple-rest-scala\app\controllers\Application.scala:10: not found: value books
Read from stdout: Ok(Json.toJson(books))
    Ok(Json.toJson(books))
Read from stdout: ^
                   ^
Read from stdout: C:\Users\laptop\simple-rest-scala\app\controllers\Application.scala:14: not found: type Book
C:\Users\laptop\simple-rest-scala\app\controllers\Application.scala:14: not found: type Book
Read from stdout: val b = request.body.validate[Book]
    val b = request.body.validate[Book]
Read from stdout: ^
                                  ^
Read from stdout: C:\Users\laptop\simple-rest-scala\app\controllers\Application.scala:14: ambiguous implicit values:
Read from stdout: both object IntReads in trait DefaultReads of type play.api.libs.json.Reads.IntReads.type
Read from stdout: and object ShortReads in trait DefaultReads of type play.api.libs.json.Reads.ShortReads.type
Read from stdout: match expected type play.api.libs.json.Reads[<error>]
C:\Users\laptop\simple-rest-scala\app\controllers\Application.scala:14: ambiguous implicit values:
 both object IntReads in trait DefaultReads of type play.api.libs.json.Reads.IntReads.type
 and object ShortReads in trait DefaultReads of type play.api.libs.json.Reads.ShortReads.type
 match expected type play.api.libs.json.Reads[<error>]
Read from stdout: val b = request.body.validate[Book]
    val b = request.body.validate[Book]
Read from stdout: ^
                                 ^
Read from stdout: four errors found
four errors found
Compilation failed (CompilerInterface)
Read from stdout: (compile:compileIncremental) Compilation failed
(compile:compileIncremental) Compilation failed
Total time: 12 s, completed Aug 7, 2017 11:10:09 AM
> server-post-command-error-handler
> server-post-command-cleanup
> server-handle-next-server-request
> compile
Evaluating tasks: compile:compile
Running task... Cancel: sbt.server.ServerTaskCancellation@28a4f338, check cycles: false

Initial source changes: 
	removed:Set()
	added: Set()
	modified: Set(C:\Users\laptop\simple-rest-scala\app\models\Book.scala, C:\Users\laptop\simple-rest-scala\app\controllers\Application.scala)
Removed products: Set()
External API changes: API Changes: Set()
Modified binary dependencies: Set()
Initial directly invalidated sources: Set(C:\Users\laptop\simple-rest-scala\app\models\Book.scala, C:\Users\laptop\simple-rest-scala\app\controllers\Application.scala)

Sources indirectly invalidated by:
	product: Set()
	binary dep: Set()
	external source: Set()
All initially invalidated sources: Set(C:\Users\laptop\simple-rest-scala\app\models\Book.scala, C:\Users\laptop\simple-rest-scala\app\controllers\Application.scala)

Read from stdout: Compiling 2 Scala sources to C:\Users\laptop\simple-rest-scala\target\scala-2.10\classes...
Compiling 2 Scala sources to C:\Users\laptop\simple-rest-scala\target\scala-2.10\classes...
Getting compiler-interface from component compiler for Scala 2.10.4
Getting compiler-interface from component compiler for Scala 2.10.4
Running cached compiler 1452b31d, interfacing (CompilerInterface) with Scala compiler version 2.10.4
Calling Scala compiler with arguments  (CompilerInterface):
	-deprecation
	-unchecked
	-encoding
	utf8
	-bootclasspath
	C:\Program Files\Java\jdk1.8.0_74\jre\lib\resources.jar;C:\Program Files\Java\jdk1.8.0_74\jre\lib\rt.jar;C:\Program Files\Java\jdk1.8.0_74\jre\lib\sunrsasign.jar;C:\Program Files\Java\jdk1.8.0_74\jre\lib\jsse.jar;C:\Program Files\Java\jdk1.8.0_74\jre\lib\jce.jar;C:\Program Files\Java\jdk1.8.0_74\jre\lib\charsets.jar;C:\Program Files\Java\jdk1.8.0_74\jre\lib\jfr.jar;C:\Program Files\Java\jdk1.8.0_74\jre\classes;C:\Users\laptop\.sbt\boot\scala-2.10.4\lib\scala-library.jar
	-classpath
	C:\Users\laptop\simple-rest-scala\target\scala-2.10\classes;C:\Users\laptop\.ivy2\cache\com.typesafe.play\twirl-api_2.10\jars\twirl-api_2.10-1.0.2.jar;C:\Users\laptop\.ivy2\cache\org.apache.commons\commons-lang3\jars\commons-lang3-3.1.jar;C:\Users\laptop\.ivy2\cache\com.typesafe.play\play_2.10\jars\play_2.10-2.3.10.jar;C:\Users\laptop\.ivy2\cache\com.typesafe.play\build-link\jars\build-link-2.3.10.jar;C:\Users\laptop\.ivy2\cache\com.typesafe.play\play-exceptions\jars\play-exceptions-2.3.10.jar;C:\Users\laptop\.ivy2\cache\org.javassist\javassist\bundles\javassist-3.18.2-GA.jar;C:\Users\laptop\.ivy2\cache\com.typesafe.play\play-iteratees_2.10\jars\play-iteratees_2.10-2.3.10.jar;D:\activator-dist-1.3.12\repository\org.scala-stm\scala-stm_2.10\0.7\jars\scala-stm_2.10.jar;C:\Users\laptop\.ivy2\cache\com.typesafe\config\bundles\config-1.2.1.jar;C:\Users\laptop\.ivy2\cache\com.typesafe.play\play-json_2.10\jars\play-json_2.10-2.3.10.jar;C:\Users\laptop\.ivy2\cache\com.typesafe.play\play-functional_2.10\jars\play-functional_2.10-2.3.10.jar;C:\Users\laptop\.ivy2\cache\com.typesafe.play\play-datacommons_2.10\jars\play-datacommons_2.10-2.3.10.jar;C:\Users\laptop\.ivy2\cache\joda-time\joda-time\jars\joda-time-2.3.jar;C:\Users\laptop\.ivy2\cache\org.joda\joda-convert\jars\joda-convert-1.6.jar;C:\Users\laptop\.ivy2\cache\com.fasterxml.jackson.core\jackson-annotations\bundles\jackson-annotations-2.3.2.jar;C:\Users\laptop\.ivy2\cache\com.fasterxml.jackson.core\jackson-core\bundles\jackson-core-2.3.2.jar;C:\Users\laptop\.ivy2\cache\com.fasterxml.jackson.core\jackson-databind\bundles\jackson-databind-2.3.2.jar;C:\Users\laptop\.sbt\boot\scala-2.10.4\lib\scala-reflect.jar;C:\Users\laptop\.ivy2\cache\io.netty\netty\bundles\netty-3.9.9.Final.jar;C:\Users\laptop\.ivy2\cache\com.typesafe.netty\netty-http-pipelining\jars\netty-http-pipelining-1.1.2.jar;C:\Users\laptop\.ivy2\cache\org.slf4j\slf4j-api\jars\slf4j-api-1.7.6.jar;C:\Users\laptop\.ivy2\cache\org.slf4j\jul-to-slf4j\jars\jul-to-slf4j-1.7.6.jar;C:\Users\laptop\.ivy2\cache\org.slf4j\jcl-over-slf4j\jars\jcl-over-slf4j-1.7.6.jar;C:\Users\laptop\.ivy2\cache\ch.qos.logback\logback-core\jars\logback-core-1.1.1.jar;C:\Users\laptop\.ivy2\cache\ch.qos.logback\logback-classic\jars\logback-classic-1.1.1.jar;C:\Users\laptop\.ivy2\cache\com.typesafe.akka\akka-actor_2.10\jars\akka-actor_2.10-2.3.4.jar;C:\Users\laptop\.ivy2\cache\com.typesafe.akka\akka-slf4j_2.10\jars\akka-slf4j_2.10-2.3.4.jar;C:\Users\laptop\.ivy2\cache\commons-codec\commons-codec\jars\commons-codec-1.9.jar;C:\Users\laptop\.ivy2\cache\xerces\xercesImpl\jars\xercesImpl-2.11.0.jar;C:\Users\laptop\.ivy2\cache\xml-apis\xml-apis\jars\xml-apis-1.4.01.jar;C:\Users\laptop\.ivy2\cache\javax.transaction\jta\jars\jta-1.1.jar
Scala compilation took 7.443859081 s
Invalidating C:\Users\laptop\simple-rest-scala\app\models\Book.scala...
Invalidating (transitively) by inheritance from C:\Users\laptop\simple-rest-scala\app\models\Book.scala...
Initial set of included nodes: Set(C:\Users\laptop\simple-rest-scala\app\models\Book.scala)
Invalidated by transitive inheritance dependency: Set(C:\Users\laptop\simple-rest-scala\app\models\Book.scala)
The C:\Users\laptop\simple-rest-scala\app\models\Book.scala source file has the following implicit definitions changed:
	bookReads, bookWrites, ProductReads, ProductWrites.
All member reference dependencies will be considered within this context.
The following member ref dependencies of C:\Users\laptop\simple-rest-scala\app\models\Book.scala are invalidated:
	C:\Users\laptop\simple-rest-scala\app\controllers\Application.scala
Invalidating C:\Users\laptop\simple-rest-scala\app\controllers\Application.scala...
Invalidating (transitively) by inheritance from C:\Users\laptop\simple-rest-scala\app\controllers\Application.scala...
Initial set of included nodes: Set(C:\Users\laptop\simple-rest-scala\app\controllers\Application.scala)
Invalidated by transitive inheritance dependency: Set(C:\Users\laptop\simple-rest-scala\app\controllers\Application.scala)
The C:\Users\laptop\simple-rest-scala\app\controllers\Application.scala source file has the following regular definitions changed:
	saveProduct, saveBook, listProducts, listBooks.
All member reference dependencies will be considered within this context.
The following modified names cause invalidation of C:\Users\laptop\simple-rest-scala\target\scala-2.10\src_managed\main\routes_routing.scala: Set(saveBook, listBooks)
The following modified names cause invalidation of C:\Users\laptop\simple-rest-scala\target\scala-2.10\src_managed\main\routes_reverseRouting.scala: Set(saveBook, listBooks)
New invalidations:
	Set(C:\Users\laptop\simple-rest-scala\target\scala-2.10\src_managed\main\routes_routing.scala, C:\Users\laptop\simple-rest-scala\target\scala-2.10\src_managed\main\routes_reverseRouting.scala)
Initial set of included nodes: Set(C:\Users\laptop\simple-rest-scala\target\scala-2.10\src_managed\main\routes_routing.scala, C:\Users\laptop\simple-rest-scala\target\scala-2.10\src_managed\main\routes_reverseRouting.scala)
Including C:\Users\laptop\simple-rest-scala\target\scala-2.10\src_managed\main\routes_reverseRouting.scala by C:\Users\laptop\simple-rest-scala\target\scala-2.10\src_managed\main\routes_routing.scala
Including C:\Users\laptop\simple-rest-scala\target\scala-2.10\src_managed\main\controllers\routes.java by C:\Users\laptop\simple-rest-scala\target\scala-2.10\src_managed\main\routes_reverseRouting.scala
Previously invalidated, but (transitively) depend on new invalidations:
	Set()
All newly invalidated sources after taking into account (previously) recompiled sources:Set(C:\Users\laptop\simple-rest-scala\target\scala-2.10\src_managed\main\routes_routing.scala, C:\Users\laptop\simple-rest-scala\target\scala-2.10\src_managed\main\routes_reverseRouting.scala)
Read from stdout: Compiling 2 Scala sources to C:\Users\laptop\simple-rest-scala\target\scala-2.10\classes...
Compiling 2 Scala sources to C:\Users\laptop\simple-rest-scala\target\scala-2.10\classes...
Getting compiler-interface from component compiler for Scala 2.10.4
Getting compiler-interface from component compiler for Scala 2.10.4
Running cached compiler 7855eeec, interfacing (CompilerInterface) with Scala compiler version 2.10.4
Calling Scala compiler with arguments  (CompilerInterface):
	-deprecation
	-unchecked
	-encoding
	utf8
	-bootclasspath
	C:\Program Files\Java\jdk1.8.0_74\jre\lib\resources.jar;C:\Program Files\Java\jdk1.8.0_74\jre\lib\rt.jar;C:\Program Files\Java\jdk1.8.0_74\jre\lib\sunrsasign.jar;C:\Program Files\Java\jdk1.8.0_74\jre\lib\jsse.jar;C:\Program Files\Java\jdk1.8.0_74\jre\lib\jce.jar;C:\Program Files\Java\jdk1.8.0_74\jre\lib\charsets.jar;C:\Program Files\Java\jdk1.8.0_74\jre\lib\jfr.jar;C:\Program Files\Java\jdk1.8.0_74\jre\classes;C:\Users\laptop\.sbt\boot\scala-2.10.4\lib\scala-library.jar
	-classpath
	C:\Users\laptop\simple-rest-scala\target\scala-2.10\classes;C:\Users\laptop\.ivy2\cache\com.typesafe.play\twirl-api_2.10\jars\twirl-api_2.10-1.0.2.jar;C:\Users\laptop\.ivy2\cache\org.apache.commons\commons-lang3\jars\commons-lang3-3.1.jar;C:\Users\laptop\.ivy2\cache\com.typesafe.play\play_2.10\jars\play_2.10-2.3.10.jar;C:\Users\laptop\.ivy2\cache\com.typesafe.play\build-link\jars\build-link-2.3.10.jar;C:\Users\laptop\.ivy2\cache\com.typesafe.play\play-exceptions\jars\play-exceptions-2.3.10.jar;C:\Users\laptop\.ivy2\cache\org.javassist\javassist\bundles\javassist-3.18.2-GA.jar;C:\Users\laptop\.ivy2\cache\com.typesafe.play\play-iteratees_2.10\jars\play-iteratees_2.10-2.3.10.jar;D:\activator-dist-1.3.12\repository\org.scala-stm\scala-stm_2.10\0.7\jars\scala-stm_2.10.jar;C:\Users\laptop\.ivy2\cache\com.typesafe\config\bundles\config-1.2.1.jar;C:\Users\laptop\.ivy2\cache\com.typesafe.play\play-json_2.10\jars\play-json_2.10-2.3.10.jar;C:\Users\laptop\.ivy2\cache\com.typesafe.play\play-functional_2.10\jars\play-functional_2.10-2.3.10.jar;C:\Users\laptop\.ivy2\cache\com.typesafe.play\play-datacommons_2.10\jars\play-datacommons_2.10-2.3.10.jar;C:\Users\laptop\.ivy2\cache\joda-time\joda-time\jars\joda-time-2.3.jar;C:\Users\laptop\.ivy2\cache\org.joda\joda-convert\jars\joda-convert-1.6.jar;C:\Users\laptop\.ivy2\cache\com.fasterxml.jackson.core\jackson-annotations\bundles\jackson-annotations-2.3.2.jar;C:\Users\laptop\.ivy2\cache\com.fasterxml.jackson.core\jackson-core\bundles\jackson-core-2.3.2.jar;C:\Users\laptop\.ivy2\cache\com.fasterxml.jackson.core\jackson-databind\bundles\jackson-databind-2.3.2.jar;C:\Users\laptop\.sbt\boot\scala-2.10.4\lib\scala-reflect.jar;C:\Users\laptop\.ivy2\cache\io.netty\netty\bundles\netty-3.9.9.Final.jar;C:\Users\laptop\.ivy2\cache\com.typesafe.netty\netty-http-pipelining\jars\netty-http-pipelining-1.1.2.jar;C:\Users\laptop\.ivy2\cache\org.slf4j\slf4j-api\jars\slf4j-api-1.7.6.jar;C:\Users\laptop\.ivy2\cache\org.slf4j\jul-to-slf4j\jars\jul-to-slf4j-1.7.6.jar;C:\Users\laptop\.ivy2\cache\org.slf4j\jcl-over-slf4j\jars\jcl-over-slf4j-1.7.6.jar;C:\Users\laptop\.ivy2\cache\ch.qos.logback\logback-core\jars\logback-core-1.1.1.jar;C:\Users\laptop\.ivy2\cache\ch.qos.logback\logback-classic\jars\logback-classic-1.1.1.jar;C:\Users\laptop\.ivy2\cache\com.typesafe.akka\akka-actor_2.10\jars\akka-actor_2.10-2.3.4.jar;C:\Users\laptop\.ivy2\cache\com.typesafe.akka\akka-slf4j_2.10\jars\akka-slf4j_2.10-2.3.4.jar;C:\Users\laptop\.ivy2\cache\commons-codec\commons-codec\jars\commons-codec-1.9.jar;C:\Users\laptop\.ivy2\cache\xerces\xercesImpl\jars\xercesImpl-2.11.0.jar;C:\Users\laptop\.ivy2\cache\xml-apis\xml-apis\jars\xml-apis-1.4.01.jar;C:\Users\laptop\.ivy2\cache\javax.transaction\jta\jars\jta-1.1.jar
Read from stdout: C:\Users\laptop\simple-rest-scala\conf\routes:6: value listBooks is not a member of object controllers.Application
C:\Users\laptop\simple-rest-scala\conf\routes:6: value listBooks is not a member of object controllers.Application
Read from stdout: GET      /books                           controllers.Application.listBooks
GET      /books                           controllers.Application.listBooks
Read from stdout: C:\Users\laptop\simple-rest-scala\conf\routes:7: value saveBook is not a member of object controllers.Application
C:\Users\laptop\simple-rest-scala\conf\routes:7: value saveBook is not a member of object controllers.Application
Read from stdout: POST     /books                           controllers.Application.saveBook
POST     /books                           controllers.Application.saveBook
Read from stdout: C:\Users\laptop\simple-rest-scala\conf\routes:6: value listBooks is not a member of object controllers.Application
C:\Users\laptop\simple-rest-scala\conf\routes:6: value listBooks is not a member of object controllers.Application
Read from stdout: GET      /books                           controllers.Application.listBooks
GET      /books                           controllers.Application.listBooks
Read from stdout: C:\Users\laptop\simple-rest-scala\conf\routes:7: value saveBook is not a member of object controllers.Application
C:\Users\laptop\simple-rest-scala\conf\routes:7: value saveBook is not a member of object controllers.Application
Read from stdout: POST     /books                           controllers.Application.saveBook
POST     /books                           controllers.Application.saveBook
Read from stdout: four errors found
four errors found
Compilation failed (CompilerInterface)
Read from stdout: (compile:compileIncremental) Compilation failed
(compile:compileIncremental) Compilation failed
Total time: 10 s, completed Aug 7, 2017 11:10:54 AM
> server-post-command-error-handler
> server-post-command-cleanup
> server-handle-next-server-request
> {file:/C:/Users/laptop/simple-rest-scala/}root/compile:discoveredMainClasses
Evaluating tasks: compile:discoveredMainClasses
Running task... Cancel: sbt.server.ServerTaskCancellation@46fdd6bd, check cycles: false

Initial source changes: 
	removed:Set()
	added: Set()
	modified: Set(C:\Users\laptop\simple-rest-scala\target\scala-2.10\src_managed\main\routes_reverseRouting.scala, C:\Users\laptop\simple-rest-scala\app\models\Book.scala, C:\Users\laptop\simple-rest-scala\app\controllers\Application.scala, C:\Users\laptop\simple-rest-scala\target\scala-2.10\src_managed\main\routes_routing.scala)
Removed products: Set()
External API changes: API Changes: Set()
Modified binary dependencies: Set()
Initial directly invalidated sources: Set(C:\Users\laptop\simple-rest-scala\target\scala-2.10\src_managed\main\routes_reverseRouting.scala, C:\Users\laptop\simple-rest-scala\app\models\Book.scala, C:\Users\laptop\simple-rest-scala\app\controllers\Application.scala, C:\Users\laptop\simple-rest-scala\target\scala-2.10\src_managed\main\routes_routing.scala)

Sources indirectly invalidated by:
	product: Set()
	binary dep: Set()
	external source: Set()
All initially invalidated sources: Set(C:\Users\laptop\simple-rest-scala\target\scala-2.10\src_managed\main\routes_reverseRouting.scala, C:\Users\laptop\simple-rest-scala\app\models\Book.scala, C:\Users\laptop\simple-rest-scala\app\controllers\Application.scala, C:\Users\laptop\simple-rest-scala\target\scala-2.10\src_managed\main\routes_routing.scala)

Recompiling all 5 sources: invalidated sources (4) exceeded 50.0% of all sources
Read from stdout: Compiling 4 Scala sources and 1 Java source to C:\Users\laptop\simple-rest-scala\target\scala-2.10\classes...
Compiling 4 Scala sources and 1 Java source to C:\Users\laptop\simple-rest-scala\target\scala-2.10\classes...
Getting compiler-interface from component compiler for Scala 2.10.4
Getting compiler-interface from component compiler for Scala 2.10.4
Running cached compiler 7ec6393d, interfacing (CompilerInterface) with Scala compiler version 2.10.4
Calling Scala compiler with arguments  (CompilerInterface):
	-deprecation
	-unchecked
	-encoding
	utf8
	-bootclasspath
	C:\Program Files\Java\jdk1.8.0_74\jre\lib\resources.jar;C:\Program Files\Java\jdk1.8.0_74\jre\lib\rt.jar;C:\Program Files\Java\jdk1.8.0_74\jre\lib\sunrsasign.jar;C:\Program Files\Java\jdk1.8.0_74\jre\lib\jsse.jar;C:\Program Files\Java\jdk1.8.0_74\jre\lib\jce.jar;C:\Program Files\Java\jdk1.8.0_74\jre\lib\charsets.jar;C:\Program Files\Java\jdk1.8.0_74\jre\lib\jfr.jar;C:\Program Files\Java\jdk1.8.0_74\jre\classes;C:\Users\laptop\.sbt\boot\scala-2.10.4\lib\scala-library.jar
	-classpath
	C:\Users\laptop\simple-rest-scala\target\scala-2.10\classes;C:\Users\laptop\.ivy2\cache\com.typesafe.play\twirl-api_2.10\jars\twirl-api_2.10-1.0.2.jar;C:\Users\laptop\.ivy2\cache\org.apache.commons\commons-lang3\jars\commons-lang3-3.1.jar;C:\Users\laptop\.ivy2\cache\com.typesafe.play\play_2.10\jars\play_2.10-2.3.10.jar;C:\Users\laptop\.ivy2\cache\com.typesafe.play\build-link\jars\build-link-2.3.10.jar;C:\Users\laptop\.ivy2\cache\com.typesafe.play\play-exceptions\jars\play-exceptions-2.3.10.jar;C:\Users\laptop\.ivy2\cache\org.javassist\javassist\bundles\javassist-3.18.2-GA.jar;C:\Users\laptop\.ivy2\cache\com.typesafe.play\play-iteratees_2.10\jars\play-iteratees_2.10-2.3.10.jar;D:\activator-dist-1.3.12\repository\org.scala-stm\scala-stm_2.10\0.7\jars\scala-stm_2.10.jar;C:\Users\laptop\.ivy2\cache\com.typesafe\config\bundles\config-1.2.1.jar;C:\Users\laptop\.ivy2\cache\com.typesafe.play\play-json_2.10\jars\play-json_2.10-2.3.10.jar;C:\Users\laptop\.ivy2\cache\com.typesafe.play\play-functional_2.10\jars\play-functional_2.10-2.3.10.jar;C:\Users\laptop\.ivy2\cache\com.typesafe.play\play-datacommons_2.10\jars\play-datacommons_2.10-2.3.10.jar;C:\Users\laptop\.ivy2\cache\joda-time\joda-time\jars\joda-time-2.3.jar;C:\Users\laptop\.ivy2\cache\org.joda\joda-convert\jars\joda-convert-1.6.jar;C:\Users\laptop\.ivy2\cache\com.fasterxml.jackson.core\jackson-annotations\bundles\jackson-annotations-2.3.2.jar;C:\Users\laptop\.ivy2\cache\com.fasterxml.jackson.core\jackson-core\bundles\jackson-core-2.3.2.jar;C:\Users\laptop\.ivy2\cache\com.fasterxml.jackson.core\jackson-databind\bundles\jackson-databind-2.3.2.jar;C:\Users\laptop\.sbt\boot\scala-2.10.4\lib\scala-reflect.jar;C:\Users\laptop\.ivy2\cache\io.netty\netty\bundles\netty-3.9.9.Final.jar;C:\Users\laptop\.ivy2\cache\com.typesafe.netty\netty-http-pipelining\jars\netty-http-pipelining-1.1.2.jar;C:\Users\laptop\.ivy2\cache\org.slf4j\slf4j-api\jars\slf4j-api-1.7.6.jar;C:\Users\laptop\.ivy2\cache\org.slf4j\jul-to-slf4j\jars\jul-to-slf4j-1.7.6.jar;C:\Users\laptop\.ivy2\cache\org.slf4j\jcl-over-slf4j\jars\jcl-over-slf4j-1.7.6.jar;C:\Users\laptop\.ivy2\cache\ch.qos.logback\logback-core\jars\logback-core-1.1.1.jar;C:\Users\laptop\.ivy2\cache\ch.qos.logback\logback-classic\jars\logback-classic-1.1.1.jar;C:\Users\laptop\.ivy2\cache\com.typesafe.akka\akka-actor_2.10\jars\akka-actor_2.10-2.3.4.jar;C:\Users\laptop\.ivy2\cache\com.typesafe.akka\akka-slf4j_2.10\jars\akka-slf4j_2.10-2.3.4.jar;C:\Users\laptop\.ivy2\cache\commons-codec\commons-codec\jars\commons-codec-1.9.jar;C:\Users\laptop\.ivy2\cache\xerces\xercesImpl\jars\xercesImpl-2.11.0.jar;C:\Users\laptop\.ivy2\cache\xml-apis\xml-apis\jars\xml-apis-1.4.01.jar;C:\Users\laptop\.ivy2\cache\javax.transaction\jta\jars\jta-1.1.jar
Scala compilation took 5.911936635 s
Attempting to call com.sun.tools.javac.api.JavacTool@64c68fda directly...
Java compilation took 1.126201548 s
Java analysis took 0.18264888 s
Java compile + analysis took 1.325365569 s
Invalidating C:\Users\laptop\simple-rest-scala\app\models\Book.scala...
Invalidating (transitively) by inheritance from C:\Users\laptop\simple-rest-scala\app\models\Book.scala...
Initial set of included nodes: Set(C:\Users\laptop\simple-rest-scala\app\models\Book.scala)
Invalidated by transitive inheritance dependency: Set(C:\Users\laptop\simple-rest-scala\app\models\Book.scala)
The C:\Users\laptop\simple-rest-scala\app\models\Book.scala source file has the following implicit definitions changed:
	bookReads, bookWrites, ProductReads, ProductWrites.
All member reference dependencies will be considered within this context.
The following member ref dependencies of C:\Users\laptop\simple-rest-scala\app\models\Book.scala are invalidated:
	C:\Users\laptop\simple-rest-scala\app\controllers\Application.scala
Invalidating C:\Users\laptop\simple-rest-scala\app\controllers\Application.scala...
Invalidating (transitively) by inheritance from C:\Users\laptop\simple-rest-scala\app\controllers\Application.scala...
Initial set of included nodes: Set(C:\Users\laptop\simple-rest-scala\app\controllers\Application.scala)
Invalidated by transitive inheritance dependency: Set(C:\Users\laptop\simple-rest-scala\app\controllers\Application.scala)
The C:\Users\laptop\simple-rest-scala\app\controllers\Application.scala source file has the following regular definitions changed:
	saveProduct, saveBook, listProducts, listBooks.
All member reference dependencies will be considered within this context.
The following modified names cause invalidation of C:\Users\laptop\simple-rest-scala\target\scala-2.10\src_managed\main\routes_routing.scala: Set(saveProduct, listProducts)
The following modified names cause invalidation of C:\Users\laptop\simple-rest-scala\target\scala-2.10\src_managed\main\routes_reverseRouting.scala: Set(saveProduct, listProducts)
New invalidations:
	Set(C:\Users\laptop\simple-rest-scala\target\scala-2.10\src_managed\main\routes_routing.scala, C:\Users\laptop\simple-rest-scala\target\scala-2.10\src_managed\main\routes_reverseRouting.scala)
Initial set of included nodes: Set(C:\Users\laptop\simple-rest-scala\target\scala-2.10\src_managed\main\routes_routing.scala, C:\Users\laptop\simple-rest-scala\target\scala-2.10\src_managed\main\routes_reverseRouting.scala)
Including C:\Users\laptop\simple-rest-scala\target\scala-2.10\src_managed\main\routes_reverseRouting.scala by C:\Users\laptop\simple-rest-scala\target\scala-2.10\src_managed\main\routes_routing.scala
Including C:\Users\laptop\simple-rest-scala\target\scala-2.10\src_managed\main\controllers\routes.java by C:\Users\laptop\simple-rest-scala\target\scala-2.10\src_managed\main\routes_reverseRouting.scala
Previously invalidated, but (transitively) depend on new invalidations:
	Set()
All newly invalidated sources after taking into account (previously) recompiled sources:Set()
Total time: 8 s, completed Aug 7, 2017 11:22:09 AM
> server-post-command-cleanup
> server-handle-next-server-request
> {file:/C:/Users/laptop/simple-rest-scala/}root/compile:mainClass
Evaluating tasks: compile:mainClass
Running task... Cancel: sbt.server.ServerTaskCancellation@73b3ff05, check cycles: false
Total time: 0 s, completed Aug 7, 2017 11:22:10 AM
> server-post-command-cleanup
> server-handle-next-server-request
> {file:/C:/Users/laptop/simple-rest-scala/}root/compile:discoveredMainClasses
Evaluating tasks: compile:discoveredMainClasses
Running task... Cancel: sbt.server.ServerTaskCancellation@1211735b, check cycles: false

Initial source changes: 
	removed:Set()
	added: Set()
	modified: Set()
Removed products: Set()
External API changes: API Changes: Set()
Modified binary dependencies: Set()
Initial directly invalidated sources: Set()

Sources indirectly invalidated by:
	product: Set()
	binary dep: Set()
	external source: Set()
All initially invalidated sources: Set()

Total time: 1 s, completed Aug 7, 2017 11:22:10 AM
> server-post-command-cleanup
> server-handle-next-server-request
Done executing sbt server engine, result Right(Exit(0))
Closing listening server socket
Waiting for socket thread
Waiting for request processor thread
Waiting for command engine result
Returning control to sbt launcher with result Exit(0)
Closing the 9952@joun logs at Mon Aug 07 11:22:10 IST 2017, goodbye.
